[0.756s] DEBUG:colcon:Command line arguments: ['/usr/bin/colcon', 'build']
[0.756s] DEBUG:colcon:Parsed command line arguments: Namespace(log_base=None, log_level=None, verb_name='build', build_base='build', install_base='install', merge_install=False, symlink_install=False, test_result_base=None, continue_on_error=False, executor='parallel', parallel_workers=16, event_handlers=None, ignore_user_meta=False, metas=['./colcon.meta'], base_paths=['.'], packages_ignore=None, packages_ignore_regex=None, paths=None, packages_up_to=None, packages_up_to_regex=None, packages_above=None, packages_above_and_dependencies=None, packages_above_depth=None, packages_select_by_dep=None, packages_skip_by_dep=None, packages_skip_up_to=None, packages_select_build_failed=False, packages_skip_build_finished=False, packages_select_test_failures=False, packages_skip_test_passed=False, packages_select=None, packages_skip=None, packages_select_regex=None, packages_skip_regex=None, packages_start=None, packages_end=None, allow_overriding=[], cmake_args=None, cmake_target=None, cmake_target_skip_unavailable=False, cmake_clean_cache=False, cmake_clean_first=False, cmake_force_configure=False, ament_cmake_args=None, catkin_cmake_args=None, catkin_skip_building_tests=False, mixin_files=None, mixin=None, verb_parser=<colcon_mixin.mixin.mixin_argument.MixinArgumentDecorator object at 0x7f1926cb7760>, verb_extension=<colcon_core.verb.build.BuildVerb object at 0x7f1926cb72b0>, main=<bound method BuildVerb.main of <colcon_core.verb.build.BuildVerb object at 0x7f1926cb72b0>>, mixin_verb=('build',))
[1.617s] Level 1:colcon.colcon_core.package_discovery:discover_packages(colcon_meta) check parameters
[1.617s] Level 1:colcon.colcon_core.package_discovery:discover_packages(recursive) check parameters
[1.617s] Level 1:colcon.colcon_core.package_discovery:discover_packages(ignore) check parameters
[1.617s] Level 1:colcon.colcon_core.package_discovery:discover_packages(path) check parameters
[1.617s] Level 1:colcon.colcon_core.package_discovery:discover_packages(colcon_meta) discover
[1.617s] Level 1:colcon.colcon_core.package_discovery:discover_packages(recursive) discover
[1.617s] INFO:colcon.colcon_core.package_discovery:Crawling recursively for packages in '/home/dmantri/ardu3'
[1.618s] Level 1:colcon.colcon_core.package_identification:_identify(.) by extensions ['ignore', 'ignore_ament_install']
[1.618s] Level 1:colcon.colcon_core.package_identification:_identify(.) by extension 'ignore'
[1.618s] Level 1:colcon.colcon_core.package_identification:_identify(.) by extension 'ignore_ament_install'
[1.618s] Level 1:colcon.colcon_core.package_identification:_identify(.) by extensions ['colcon_pkg']
[1.618s] Level 1:colcon.colcon_core.package_identification:_identify(.) by extension 'colcon_pkg'
[1.618s] Level 1:colcon.colcon_core.package_identification:_identify(.) by extensions ['colcon_meta']
[1.618s] Level 1:colcon.colcon_core.package_identification:_identify(.) by extension 'colcon_meta'
[1.618s] Level 1:colcon.colcon_core.package_identification:_identify(.) by extensions ['ros']
[1.618s] Level 1:colcon.colcon_core.package_identification:_identify(.) by extension 'ros'
[1.650s] Level 1:colcon.colcon_core.package_identification:_identify(.) by extensions ['cmake', 'python']
[1.650s] Level 1:colcon.colcon_core.package_identification:_identify(.) by extension 'cmake'
[1.650s] Level 1:colcon.colcon_core.package_identification:_identify(.) by extension 'python'
[1.650s] Level 1:colcon.colcon_core.package_identification:_identify(.) by extensions ['python_setup_py']
[1.650s] Level 1:colcon.colcon_core.package_identification:_identify(.) by extension 'python_setup_py'
[1.650s] Level 1:colcon.colcon_core.package_identification:_identify(build) by extensions ['ignore', 'ignore_ament_install']
[1.650s] Level 1:colcon.colcon_core.package_identification:_identify(build) by extension 'ignore'
[1.650s] Level 1:colcon.colcon_core.package_identification:_identify(build) ignored
[1.652s] Level 1:colcon.colcon_core.package_identification:_identify(install) by extensions ['ignore', 'ignore_ament_install']
[1.652s] Level 1:colcon.colcon_core.package_identification:_identify(install) by extension 'ignore'
[1.652s] Level 1:colcon.colcon_core.package_identification:_identify(install) ignored
[1.652s] Level 1:colcon.colcon_core.package_identification:_identify(log) by extensions ['ignore', 'ignore_ament_install']
[1.652s] Level 1:colcon.colcon_core.package_identification:_identify(log) by extension 'ignore'
[1.653s] Level 1:colcon.colcon_core.package_identification:_identify(log) ignored
[1.654s] Level 1:colcon.colcon_core.package_identification:_identify(src) by extensions ['ignore', 'ignore_ament_install']
[1.654s] Level 1:colcon.colcon_core.package_identification:_identify(src) by extension 'ignore'
[1.654s] Level 1:colcon.colcon_core.package_identification:_identify(src) by extension 'ignore_ament_install'
[1.654s] Level 1:colcon.colcon_core.package_identification:_identify(src) by extensions ['colcon_pkg']
[1.654s] Level 1:colcon.colcon_core.package_identification:_identify(src) by extension 'colcon_pkg'
[1.654s] Level 1:colcon.colcon_core.package_identification:_identify(src) by extensions ['colcon_meta']
[1.654s] Level 1:colcon.colcon_core.package_identification:_identify(src) by extension 'colcon_meta'
[1.654s] Level 1:colcon.colcon_core.package_identification:_identify(src) by extensions ['ros']
[1.655s] Level 1:colcon.colcon_core.package_identification:_identify(src) by extension 'ros'
[1.655s] Level 1:colcon.colcon_core.package_identification:_identify(src) by extensions ['cmake', 'python']
[1.655s] Level 1:colcon.colcon_core.package_identification:_identify(src) by extension 'cmake'
[1.655s] Level 1:colcon.colcon_core.package_identification:_identify(src) by extension 'python'
[1.655s] Level 1:colcon.colcon_core.package_identification:_identify(src) by extensions ['python_setup_py']
[1.655s] Level 1:colcon.colcon_core.package_identification:_identify(src) by extension 'python_setup_py'
[1.656s] Level 1:colcon.colcon_core.package_identification:_identify(src/ros2_arduino_comms) by extensions ['ignore', 'ignore_ament_install']
[1.656s] Level 1:colcon.colcon_core.package_identification:_identify(src/ros2_arduino_comms) by extension 'ignore'
[1.657s] Level 1:colcon.colcon_core.package_identification:_identify(src/ros2_arduino_comms) by extension 'ignore_ament_install'
[1.657s] Level 1:colcon.colcon_core.package_identification:_identify(src/ros2_arduino_comms) by extensions ['colcon_pkg']
[1.657s] Level 1:colcon.colcon_core.package_identification:_identify(src/ros2_arduino_comms) by extension 'colcon_pkg'
[1.657s] Level 1:colcon.colcon_core.package_identification:_identify(src/ros2_arduino_comms) by extensions ['colcon_meta']
[1.657s] Level 1:colcon.colcon_core.package_identification:_identify(src/ros2_arduino_comms) by extension 'colcon_meta'
[1.657s] Level 1:colcon.colcon_core.package_identification:_identify(src/ros2_arduino_comms) by extensions ['ros']
[1.657s] Level 1:colcon.colcon_core.package_identification:_identify(src/ros2_arduino_comms) by extension 'ros'
[1.663s] DEBUG:colcon.colcon_core.package_identification:Package 'src/ros2_arduino_comms' with type 'ros.ament_python' and name 'ros2_arduino_comms'
[1.663s] Level 1:colcon.colcon_core.package_discovery:discover_packages(recursive) using defaults
[1.663s] Level 1:colcon.colcon_core.package_discovery:discover_packages(ignore) discover
[1.663s] Level 1:colcon.colcon_core.package_discovery:discover_packages(ignore) using defaults
[1.663s] Level 1:colcon.colcon_core.package_discovery:discover_packages(path) discover
[1.663s] Level 1:colcon.colcon_core.package_discovery:discover_packages(path) using defaults
[1.750s] Level 1:colcon.colcon_core.package_discovery:discover_packages(prefix_path) check parameters
[1.750s] Level 1:colcon.colcon_core.package_discovery:discover_packages(prefix_path) discover
[1.762s] DEBUG:colcon.colcon_installed_package_information.package_discovery:Found 1 installed packages in /home/dmantri/ros2_ws/install
[1.763s] DEBUG:colcon.colcon_installed_package_information.package_discovery:Found 1 installed packages in /home/dmantri/simulation_docker/ros2ws/install
[1.768s] DEBUG:colcon.colcon_installed_package_information.package_discovery:Found 313 installed packages in /opt/ros/humble
[1.770s] Level 1:colcon.colcon_core.package_discovery:discover_packages(prefix_path) using defaults
[1.986s] Level 5:colcon.colcon_core.verb:set package 'ros2_arduino_comms' build argument 'cmake_args' from command line to 'None'
[1.986s] Level 5:colcon.colcon_core.verb:set package 'ros2_arduino_comms' build argument 'cmake_target' from command line to 'None'
[1.986s] Level 5:colcon.colcon_core.verb:set package 'ros2_arduino_comms' build argument 'cmake_target_skip_unavailable' from command line to 'False'
[1.986s] Level 5:colcon.colcon_core.verb:set package 'ros2_arduino_comms' build argument 'cmake_clean_cache' from command line to 'False'
[1.986s] Level 5:colcon.colcon_core.verb:set package 'ros2_arduino_comms' build argument 'cmake_clean_first' from command line to 'False'
[1.986s] Level 5:colcon.colcon_core.verb:set package 'ros2_arduino_comms' build argument 'cmake_force_configure' from command line to 'False'
[1.986s] Level 5:colcon.colcon_core.verb:set package 'ros2_arduino_comms' build argument 'ament_cmake_args' from command line to 'None'
[1.986s] Level 5:colcon.colcon_core.verb:set package 'ros2_arduino_comms' build argument 'catkin_cmake_args' from command line to 'None'
[1.986s] Level 5:colcon.colcon_core.verb:set package 'ros2_arduino_comms' build argument 'catkin_skip_building_tests' from command line to 'False'
[1.986s] DEBUG:colcon.colcon_core.verb:Building package 'ros2_arduino_comms' with the following arguments: {'ament_cmake_args': None, 'build_base': '/home/dmantri/ardu3/build/ros2_arduino_comms', 'catkin_cmake_args': None, 'catkin_skip_building_tests': False, 'cmake_args': None, 'cmake_clean_cache': False, 'cmake_clean_first': False, 'cmake_force_configure': False, 'cmake_target': None, 'cmake_target_skip_unavailable': False, 'install_base': '/home/dmantri/ardu3/install/ros2_arduino_comms', 'merge_install': False, 'path': '/home/dmantri/ardu3/src/ros2_arduino_comms', 'symlink_install': False, 'test_result_base': None}
[1.987s] INFO:colcon.colcon_core.executor:Executing jobs using 'parallel' executor
[1.989s] DEBUG:colcon.colcon_parallel_executor.executor.parallel:run_until_complete
[1.989s] INFO:colcon.colcon_ros.task.ament_python.build:Building ROS package in '/home/dmantri/ardu3/src/ros2_arduino_comms' with build type 'ament_python'
[1.990s] Level 1:colcon.colcon_core.shell:create_environment_hook('ros2_arduino_comms', 'ament_prefix_path')
[2.005s] INFO:colcon.colcon_core.plugin_system:Skipping extension 'colcon_core.shell.bat': Not used on non-Windows systems
[2.006s] INFO:colcon.colcon_core.shell:Creating environment hook '/home/dmantri/ardu3/install/ros2_arduino_comms/share/ros2_arduino_comms/hook/ament_prefix_path.ps1'
[2.010s] INFO:colcon.colcon_core.shell:Creating environment descriptor '/home/dmantri/ardu3/install/ros2_arduino_comms/share/ros2_arduino_comms/hook/ament_prefix_path.dsv'
[2.011s] INFO:colcon.colcon_core.shell:Creating environment hook '/home/dmantri/ardu3/install/ros2_arduino_comms/share/ros2_arduino_comms/hook/ament_prefix_path.sh'
[2.014s] INFO:colcon.colcon_core.shell:Skip shell extension 'powershell' for command environment: Not usable outside of PowerShell
[2.015s] DEBUG:colcon.colcon_core.shell:Skip shell extension 'dsv' for command environment
[2.492s] INFO:colcon.colcon_core.task.python.build:Building Python package in '/home/dmantri/ardu3/src/ros2_arduino_comms'
[2.493s] INFO:colcon.colcon_core.shell:Skip shell extension 'powershell' for command environment: Not usable outside of PowerShell
[2.493s] DEBUG:colcon.colcon_core.shell:Skip shell extension 'dsv' for command environment
[3.653s] DEBUG:colcon.colcon_core.event_handler.log_command:Invoking command in '/home/dmantri/ardu3/src/ros2_arduino_comms': PYTHONPATH=/home/dmantri/ardu3/build/ros2_arduino_comms/prefix_override:/usr/lib/python3/dist-packages/colcon_core/task/python/colcon_distutils_commands:/home/dmantri/ardu3/install/ros2_arduino_comms/lib/python3.10/site-packages:${PYTHONPATH} /usr/bin/python3 -W ignore:setup.py install is deprecated setup.py egg_info --egg-base ../../build/ros2_arduino_comms build --build-base /home/dmantri/ardu3/build/ros2_arduino_comms/build install --record /home/dmantri/ardu3/build/ros2_arduino_comms/install.log --single-version-externally-managed install_data
[4.134s] DEBUG:colcon.colcon_core.event_handler.log_command:Invoked command in '/home/dmantri/ardu3/src/ros2_arduino_comms' returned '0': PYTHONPATH=/home/dmantri/ardu3/build/ros2_arduino_comms/prefix_override:/usr/lib/python3/dist-packages/colcon_core/task/python/colcon_distutils_commands:/home/dmantri/ardu3/install/ros2_arduino_comms/lib/python3.10/site-packages:${PYTHONPATH} /usr/bin/python3 -W ignore:setup.py install is deprecated setup.py egg_info --egg-base ../../build/ros2_arduino_comms build --build-base /home/dmantri/ardu3/build/ros2_arduino_comms/build install --record /home/dmantri/ardu3/build/ros2_arduino_comms/install.log --single-version-externally-managed install_data
[4.146s] Level 1:colcon.colcon_core.environment:checking '/home/dmantri/ardu3/install/ros2_arduino_comms' for CMake module files
[4.147s] Level 1:colcon.colcon_core.environment:checking '/home/dmantri/ardu3/install/ros2_arduino_comms' for CMake config files
[4.149s] Level 1:colcon.colcon_core.environment:checking '/home/dmantri/ardu3/install/ros2_arduino_comms/lib'
[4.149s] Level 1:colcon.colcon_core.environment:checking '/home/dmantri/ardu3/install/ros2_arduino_comms/bin'
[4.150s] Level 1:colcon.colcon_core.environment:checking '/home/dmantri/ardu3/install/ros2_arduino_comms/lib/pkgconfig/ros2_arduino_comms.pc'
[4.150s] Level 1:colcon.colcon_core.environment:checking '/home/dmantri/ardu3/install/ros2_arduino_comms/lib/python3.10/site-packages'
[4.150s] Level 1:colcon.colcon_core.shell:create_environment_hook('ros2_arduino_comms', 'pythonpath')
[4.150s] INFO:colcon.colcon_core.shell:Creating environment hook '/home/dmantri/ardu3/install/ros2_arduino_comms/share/ros2_arduino_comms/hook/pythonpath.ps1'
[4.152s] INFO:colcon.colcon_core.shell:Creating environment descriptor '/home/dmantri/ardu3/install/ros2_arduino_comms/share/ros2_arduino_comms/hook/pythonpath.dsv'
[4.152s] INFO:colcon.colcon_core.shell:Creating environment hook '/home/dmantri/ardu3/install/ros2_arduino_comms/share/ros2_arduino_comms/hook/pythonpath.sh'
[4.153s] Level 1:colcon.colcon_core.environment:checking '/home/dmantri/ardu3/install/ros2_arduino_comms/bin'
[4.153s] Level 1:colcon.colcon_core.environment:create_environment_scripts_only(ros2_arduino_comms)
[4.154s] INFO:colcon.colcon_core.shell:Creating package script '/home/dmantri/ardu3/install/ros2_arduino_comms/share/ros2_arduino_comms/package.ps1'
[4.156s] INFO:colcon.colcon_core.shell:Creating package descriptor '/home/dmantri/ardu3/install/ros2_arduino_comms/share/ros2_arduino_comms/package.dsv'
[4.158s] INFO:colcon.colcon_core.shell:Creating package script '/home/dmantri/ardu3/install/ros2_arduino_comms/share/ros2_arduino_comms/package.sh'
[4.160s] INFO:colcon.colcon_core.shell:Creating package script '/home/dmantri/ardu3/install/ros2_arduino_comms/share/ros2_arduino_comms/package.bash'
[4.162s] INFO:colcon.colcon_core.shell:Creating package script '/home/dmantri/ardu3/install/ros2_arduino_comms/share/ros2_arduino_comms/package.zsh'
[4.163s] Level 1:colcon.colcon_core.environment:create_file_with_runtime_dependencies(/home/dmantri/ardu3/install/ros2_arduino_comms/share/colcon-core/packages/ros2_arduino_comms)
[4.165s] DEBUG:colcon.colcon_parallel_executor.executor.parallel:closing loop
[4.166s] DEBUG:colcon.colcon_parallel_executor.executor.parallel:loop closed
[4.166s] DEBUG:colcon.colcon_parallel_executor.executor.parallel:run_until_complete finished with '0'
[4.166s] DEBUG:colcon.colcon_core.event_reactor:joining thread
[4.324s] INFO:colcon.colcon_core.plugin_system:Skipping extension 'colcon_notification.desktop_notification.notify_send': Could not find 'notify-send'
[4.324s] INFO:colcon.colcon_core.plugin_system:Skipping extension 'colcon_notification.desktop_notification.terminal_notifier': Not used on non-Darwin systems
[4.324s] INFO:colcon.colcon_core.plugin_system:Skipping extension 'colcon_notification.desktop_notification.win32': Not used on non-Windows systems
[4.325s] INFO:colcon.colcon_notification.desktop_notification:Sending desktop notification using 'notify2'
[4.325s] DEBUG:colcon.colcon_notification.desktop_notification.notify2:Failed to initialize notify2: org.freedesktop.DBus.Error.FileNotFound: Failed to connect to socket /run/user/1000/bus: No such file or directory
[4.325s] DEBUG:colcon.colcon_core.event_reactor:joined thread
[4.326s] INFO:colcon.colcon_core.shell:Creating prefix script '/home/dmantri/ardu3/install/local_setup.ps1'
[4.328s] INFO:colcon.colcon_core.shell:Creating prefix util module '/home/dmantri/ardu3/install/_local_setup_util_ps1.py'
[4.330s] INFO:colcon.colcon_core.shell:Creating prefix chain script '/home/dmantri/ardu3/install/setup.ps1'
[4.333s] INFO:colcon.colcon_core.shell:Creating prefix script '/home/dmantri/ardu3/install/local_setup.sh'
[4.334s] INFO:colcon.colcon_core.shell:Creating prefix util module '/home/dmantri/ardu3/install/_local_setup_util_sh.py'
[4.335s] INFO:colcon.colcon_core.shell:Creating prefix chain script '/home/dmantri/ardu3/install/setup.sh'
[4.338s] INFO:colcon.colcon_core.shell:Creating prefix script '/home/dmantri/ardu3/install/local_setup.bash'
[4.339s] INFO:colcon.colcon_core.shell:Creating prefix chain script '/home/dmantri/ardu3/install/setup.bash'
[4.341s] INFO:colcon.colcon_core.shell:Creating prefix script '/home/dmantri/ardu3/install/local_setup.zsh'
[4.343s] INFO:colcon.colcon_core.shell:Creating prefix chain script '/home/dmantri/ardu3/install/setup.zsh'
