[1.799s] Invoking command in '/home/dmantri/ardu3/src/ros2_arduino_comms': AMENT_PREFIX_PATH=/home/dmantri/ardu3/install/motor_comm_interfaces:${AMENT_PREFIX_PATH} CMAKE_PREFIX_PATH=/home/dmantri/ardu3/install/motor_comm_interfaces:${CMAKE_PREFIX_PATH} LD_LIBRARY_PATH=/home/dmantri/ardu3/install/motor_comm_interfaces/lib:${LD_LIBRARY_PATH} PYTHONPATH=/home/dmantri/ardu3/build/ros2_arduino_comms/prefix_override:/usr/lib/python3/dist-packages/colcon_core/task/python/colcon_distutils_commands:/home/dmantri/ardu3/install/ros2_arduino_comms/lib/python3.10/site-packages:/home/dmantri/ardu3/install/motor_comm_interfaces/local/lib/python3.10/dist-packages:${PYTHONPATH} /usr/bin/python3 -W ignore:setup.py install is deprecated setup.py egg_info --egg-base ../../build/ros2_arduino_comms build --build-base /home/dmantri/ardu3/build/ros2_arduino_comms/build install --record /home/dmantri/ardu3/build/ros2_arduino_comms/install.log --single-version-externally-managed install_data
[2.072s] running egg_info
[2.073s] writing ../../build/ros2_arduino_comms/ros2_arduino_comms.egg-info/PKG-INFO
[2.073s] writing dependency_links to ../../build/ros2_arduino_comms/ros2_arduino_comms.egg-info/dependency_links.txt
[2.074s] writing entry points to ../../build/ros2_arduino_comms/ros2_arduino_comms.egg-info/entry_points.txt
[2.074s] writing requirements to ../../build/ros2_arduino_comms/ros2_arduino_comms.egg-info/requires.txt
[2.074s] writing top-level names to ../../build/ros2_arduino_comms/ros2_arduino_comms.egg-info/top_level.txt
[2.078s] reading manifest file '../../build/ros2_arduino_comms/ros2_arduino_comms.egg-info/SOURCES.txt'
[2.080s] writing manifest file '../../build/ros2_arduino_comms/ros2_arduino_comms.egg-info/SOURCES.txt'
[2.080s] running build
[2.080s] running build_py
[2.081s] copying ros2_arduino_comms/controller_input.py -> /home/dmantri/ardu3/build/ros2_arduino_comms/build/lib/ros2_arduino_comms
[2.081s] running install
[2.082s] running install_lib
[2.083s] copying /home/dmantri/ardu3/build/ros2_arduino_comms/build/lib/ros2_arduino_comms/controller_input.py -> /home/dmantri/ardu3/install/ros2_arduino_comms/lib/python3.10/site-packages/ros2_arduino_comms
[2.084s] byte-compiling /home/dmantri/ardu3/install/ros2_arduino_comms/lib/python3.10/site-packages/ros2_arduino_comms/controller_input.py to controller_input.cpython-310.pyc
[2.085s] running install_data
[2.085s] running install_egg_info
[2.087s] removing '/home/dmantri/ardu3/install/ros2_arduino_comms/lib/python3.10/site-packages/ros2_arduino_comms-0.0.0-py3.10.egg-info' (and everything under it)
[2.088s] Copying ../../build/ros2_arduino_comms/ros2_arduino_comms.egg-info to /home/dmantri/ardu3/install/ros2_arduino_comms/lib/python3.10/site-packages/ros2_arduino_comms-0.0.0-py3.10.egg-info
[2.090s] running install_scripts
[2.112s] Installing can_pub script to /home/dmantri/ardu3/install/ros2_arduino_comms/lib/ros2_arduino_comms
[2.113s] Installing can_sub script to /home/dmantri/ardu3/install/ros2_arduino_comms/lib/ros2_arduino_comms
[2.113s] Installing controller_read script to /home/dmantri/ardu3/install/ros2_arduino_comms/lib/ros2_arduino_comms
[2.113s] Installing light script to /home/dmantri/ardu3/install/ros2_arduino_comms/lib/ros2_arduino_comms
[2.114s] Installing motor_pub script to /home/dmantri/ardu3/install/ros2_arduino_comms/lib/ros2_arduino_comms
[2.114s] Installing motor_sub script to /home/dmantri/ardu3/install/ros2_arduino_comms/lib/ros2_arduino_comms
[2.115s] Installing pub_node script to /home/dmantri/ardu3/install/ros2_arduino_comms/lib/ros2_arduino_comms
[2.115s] Installing sub_node script to /home/dmantri/ardu3/install/ros2_arduino_comms/lib/ros2_arduino_comms
[2.115s] writing list of installed files to '/home/dmantri/ardu3/build/ros2_arduino_comms/install.log'
[2.155s] Invoked command in '/home/dmantri/ardu3/src/ros2_arduino_comms' returned '0': AMENT_PREFIX_PATH=/home/dmantri/ardu3/install/motor_comm_interfaces:${AMENT_PREFIX_PATH} CMAKE_PREFIX_PATH=/home/dmantri/ardu3/install/motor_comm_interfaces:${CMAKE_PREFIX_PATH} LD_LIBRARY_PATH=/home/dmantri/ardu3/install/motor_comm_interfaces/lib:${LD_LIBRARY_PATH} PYTHONPATH=/home/dmantri/ardu3/build/ros2_arduino_comms/prefix_override:/usr/lib/python3/dist-packages/colcon_core/task/python/colcon_distutils_commands:/home/dmantri/ardu3/install/ros2_arduino_comms/lib/python3.10/site-packages:/home/dmantri/ardu3/install/motor_comm_interfaces/local/lib/python3.10/dist-packages:${PYTHONPATH} /usr/bin/python3 -W ignore:setup.py install is deprecated setup.py egg_info --egg-base ../../build/ros2_arduino_comms build --build-base /home/dmantri/ardu3/build/ros2_arduino_comms/build install --record /home/dmantri/ardu3/build/ros2_arduino_comms/install.log --single-version-externally-managed install_data
