/home/dmantri/ardu3/install/ros2_arduino_comms/lib/python3.10/site-packages/ros2_arduino_comms/can_comm_sub.py
/home/dmantri/ardu3/install/ros2_arduino_comms/lib/python3.10/site-packages/ros2_arduino_comms/motor_pub.py
/home/dmantri/ardu3/install/ros2_arduino_comms/lib/python3.10/site-packages/ros2_arduino_comms/ardu_publisher.py
/home/dmantri/ardu3/install/ros2_arduino_comms/lib/python3.10/site-packages/ros2_arduino_comms/joystick_pub.py
/home/dmantri/ardu3/install/ros2_arduino_comms/lib/python3.10/site-packages/ros2_arduino_comms/controller_input.py
/home/dmantri/ardu3/install/ros2_arduino_comms/lib/python3.10/site-packages/ros2_arduino_comms/motor_sub.py
/home/dmantri/ardu3/install/ros2_arduino_comms/lib/python3.10/site-packages/ros2_arduino_comms/serial_node.py
/home/dmantri/ardu3/install/ros2_arduino_comms/lib/python3.10/site-packages/ros2_arduino_comms/ardu_subscriber.py
/home/dmantri/ardu3/install/ros2_arduino_comms/lib/python3.10/site-packages/ros2_arduino_comms/__init__.py
/home/dmantri/ardu3/install/ros2_arduino_comms/lib/python3.10/site-packages/ros2_arduino_comms/can_comm_pub.py
/home/dmantri/ardu3/install/ros2_arduino_comms/lib/python3.10/site-packages/ros2_arduino_comms/__pycache__/can_comm_sub.cpython-310.pyc
/home/dmantri/ardu3/install/ros2_arduino_comms/lib/python3.10/site-packages/ros2_arduino_comms/__pycache__/motor_pub.cpython-310.pyc
/home/dmantri/ardu3/install/ros2_arduino_comms/lib/python3.10/site-packages/ros2_arduino_comms/__pycache__/ardu_publisher.cpython-310.pyc
/home/dmantri/ardu3/install/ros2_arduino_comms/lib/python3.10/site-packages/ros2_arduino_comms/__pycache__/joystick_pub.cpython-310.pyc
/home/dmantri/ardu3/install/ros2_arduino_comms/lib/python3.10/site-packages/ros2_arduino_comms/__pycache__/controller_input.cpython-310.pyc
/home/dmantri/ardu3/install/ros2_arduino_comms/lib/python3.10/site-packages/ros2_arduino_comms/__pycache__/motor_sub.cpython-310.pyc
/home/dmantri/ardu3/install/ros2_arduino_comms/lib/python3.10/site-packages/ros2_arduino_comms/__pycache__/serial_node.cpython-310.pyc
/home/dmantri/ardu3/install/ros2_arduino_comms/lib/python3.10/site-packages/ros2_arduino_comms/__pycache__/ardu_subscriber.cpython-310.pyc
/home/dmantri/ardu3/install/ros2_arduino_comms/lib/python3.10/site-packages/ros2_arduino_comms/__pycache__/__init__.cpython-310.pyc
/home/dmantri/ardu3/install/ros2_arduino_comms/lib/python3.10/site-packages/ros2_arduino_comms/__pycache__/can_comm_pub.cpython-310.pyc
/home/dmantri/ardu3/install/ros2_arduino_comms/share/ament_index/resource_index/packages/ros2_arduino_comms
/home/dmantri/ardu3/install/ros2_arduino_comms/share/ros2_arduino_comms/package.xml
/home/dmantri/ardu3/install/ros2_arduino_comms/lib/python3.10/site-packages/ros2_arduino_comms-0.0.0-py3.10.egg-info/top_level.txt
/home/dmantri/ardu3/install/ros2_arduino_comms/lib/python3.10/site-packages/ros2_arduino_comms-0.0.0-py3.10.egg-info/dependency_links.txt
/home/dmantri/ardu3/install/ros2_arduino_comms/lib/python3.10/site-packages/ros2_arduino_comms-0.0.0-py3.10.egg-info/entry_points.txt
/home/dmantri/ardu3/install/ros2_arduino_comms/lib/python3.10/site-packages/ros2_arduino_comms-0.0.0-py3.10.egg-info/SOURCES.txt
/home/dmantri/ardu3/install/ros2_arduino_comms/lib/python3.10/site-packages/ros2_arduino_comms-0.0.0-py3.10.egg-info/requires.txt
/home/dmantri/ardu3/install/ros2_arduino_comms/lib/python3.10/site-packages/ros2_arduino_comms-0.0.0-py3.10.egg-info/PKG-INFO
/home/dmantri/ardu3/install/ros2_arduino_comms/lib/python3.10/site-packages/ros2_arduino_comms-0.0.0-py3.10.egg-info/zip-safe
/home/dmantri/ardu3/install/ros2_arduino_comms/lib/ros2_arduino_comms/can_pub
/home/dmantri/ardu3/install/ros2_arduino_comms/lib/ros2_arduino_comms/can_sub
/home/dmantri/ardu3/install/ros2_arduino_comms/lib/ros2_arduino_comms/controller_read
/home/dmantri/ardu3/install/ros2_arduino_comms/lib/ros2_arduino_comms/joystick_pub
/home/dmantri/ardu3/install/ros2_arduino_comms/lib/ros2_arduino_comms/light
/home/dmantri/ardu3/install/ros2_arduino_comms/lib/ros2_arduino_comms/motor_pub
/home/dmantri/ardu3/install/ros2_arduino_comms/lib/ros2_arduino_comms/motor_sub
/home/dmantri/ardu3/install/ros2_arduino_comms/lib/ros2_arduino_comms/pub_node
/home/dmantri/ardu3/install/ros2_arduino_comms/lib/ros2_arduino_comms/sub_node
