[0.022s] Invoking command in '/home/dmantri/ardu3/build/motor_comm_interfaces': CMAKE_PREFIX_PATH=${CMAKE_PREFIX_PATH}:/home/dmantri/ardu3/install/ros2_arduino_comms:/home/dmantri/simulation_docker/ros2ws/install/gzsim:/opt/ros/humble /usr/bin/cmake --build /home/dmantri/ardu3/build/motor_comm_interfaces -- -j16 -l16
[0.078s] [  3%] Built target motor_comm_interfaces__cpp
[0.079s] [ 12%] Built target motor_comm_interfaces__rosidl_generator_c
[0.092s] [ 12%] Built target ament_cmake_python_copy_motor_comm_interfaces
[0.116s] [ 22%] Built target motor_comm_interfaces__rosidl_typesupport_cpp
[0.118s] [ 32%] Built target motor_comm_interfaces__rosidl_typesupport_fastrtps_cpp
[0.118s] [ 41%] Built target motor_comm_interfaces__rosidl_typesupport_introspection_cpp
[0.128s] [ 51%] Built target motor_comm_interfaces__rosidl_typesupport_fastrtps_c
[0.129s] [ 61%] Built target motor_comm_interfaces__rosidl_typesupport_introspection_c
[0.132s] [ 70%] Built target motor_comm_interfaces__rosidl_typesupport_c
[0.158s] [ 70%] Built target motor_comm_interfaces
[0.189s] [ 74%] Built target motor_comm_interfaces__py
[0.221s] [ 80%] Built target motor_comm_interfaces__rosidl_generator_py
[0.250s] [ 87%] Built target motor_comm_interfaces__rosidl_typesupport_introspection_c__pyext
[0.251s] [100%] Built target motor_comm_interfaces__rosidl_typesupport_fastrtps_c__pyext
[0.251s] [100%] Built target motor_comm_interfaces__rosidl_typesupport_c__pyext
[0.411s] running egg_info
[0.412s] writing motor_comm_interfaces.egg-info/PKG-INFO
[0.413s] writing dependency_links to motor_comm_interfaces.egg-info/dependency_links.txt
[0.413s] writing top-level names to motor_comm_interfaces.egg-info/top_level.txt
[0.416s] reading manifest file 'motor_comm_interfaces.egg-info/SOURCES.txt'
[0.417s] writing manifest file 'motor_comm_interfaces.egg-info/SOURCES.txt'
[0.455s] [100%] Built target ament_cmake_python_build_motor_comm_interfaces_egg
[0.470s] Invoked command in '/home/dmantri/ardu3/build/motor_comm_interfaces' returned '0': CMAKE_PREFIX_PATH=${CMAKE_PREFIX_PATH}:/home/dmantri/ardu3/install/ros2_arduino_comms:/home/dmantri/simulation_docker/ros2ws/install/gzsim:/opt/ros/humble /usr/bin/cmake --build /home/dmantri/ardu3/build/motor_comm_interfaces -- -j16 -l16
[0.606s] Invoking command in '/home/dmantri/ardu3/build/motor_comm_interfaces': CMAKE_PREFIX_PATH=${CMAKE_PREFIX_PATH}:/home/dmantri/ardu3/install/ros2_arduino_comms:/home/dmantri/simulation_docker/ros2ws/install/gzsim:/opt/ros/humble /usr/bin/cmake --install /home/dmantri/ardu3/build/motor_comm_interfaces
[0.615s] -- Install configuration: ""
[0.615s] -- Up-to-date: /home/dmantri/ardu3/install/motor_comm_interfaces/share/ament_index/resource_index/rosidl_interfaces/motor_comm_interfaces
[0.615s] -- Up-to-date: /home/dmantri/ardu3/install/motor_comm_interfaces/include/motor_comm_interfaces/motor_comm_interfaces
[0.616s] -- Up-to-date: /home/dmantri/ardu3/install/motor_comm_interfaces/include/motor_comm_interfaces/motor_comm_interfaces/msg
[0.616s] -- Up-to-date: /home/dmantri/ardu3/install/motor_comm_interfaces/include/motor_comm_interfaces/motor_comm_interfaces/msg/motor_array.h
[0.616s] -- Up-to-date: /home/dmantri/ardu3/install/motor_comm_interfaces/include/motor_comm_interfaces/motor_comm_interfaces/msg/rosidl_generator_c__visibility_control.h
[0.617s] -- Up-to-date: /home/dmantri/ardu3/install/motor_comm_interfaces/include/motor_comm_interfaces/motor_comm_interfaces/msg/detail
[0.617s] -- Up-to-date: /home/dmantri/ardu3/install/motor_comm_interfaces/include/motor_comm_interfaces/motor_comm_interfaces/msg/detail/motor_array__struct.h
[0.617s] -- Up-to-date: /home/dmantri/ardu3/install/motor_comm_interfaces/include/motor_comm_interfaces/motor_comm_interfaces/msg/detail/motor_array__functions.h
[0.618s] -- Up-to-date: /home/dmantri/ardu3/install/motor_comm_interfaces/include/motor_comm_interfaces/motor_comm_interfaces/msg/detail/motor_array__functions.c
[0.618s] -- Up-to-date: /home/dmantri/ardu3/install/motor_comm_interfaces/include/motor_comm_interfaces/motor_comm_interfaces/msg/detail/motor_array__type_support.h
[0.618s] -- Up-to-date: /home/dmantri/ardu3/install/motor_comm_interfaces/share/motor_comm_interfaces/environment/library_path.sh
[0.618s] -- Up-to-date: /home/dmantri/ardu3/install/motor_comm_interfaces/share/motor_comm_interfaces/environment/library_path.dsv
[0.618s] -- Up-to-date: /home/dmantri/ardu3/install/motor_comm_interfaces/lib/libmotor_comm_interfaces__rosidl_generator_c.so
[0.618s] -- Up-to-date: /home/dmantri/ardu3/install/motor_comm_interfaces/include/motor_comm_interfaces/motor_comm_interfaces
[0.619s] -- Up-to-date: /home/dmantri/ardu3/install/motor_comm_interfaces/include/motor_comm_interfaces/motor_comm_interfaces/msg
[0.619s] -- Up-to-date: /home/dmantri/ardu3/install/motor_comm_interfaces/include/motor_comm_interfaces/motor_comm_interfaces/msg/rosidl_typesupport_fastrtps_c__visibility_control.h
[0.619s] -- Up-to-date: /home/dmantri/ardu3/install/motor_comm_interfaces/include/motor_comm_interfaces/motor_comm_interfaces/msg/detail
[0.620s] -- Up-to-date: /home/dmantri/ardu3/install/motor_comm_interfaces/include/motor_comm_interfaces/motor_comm_interfaces/msg/detail/motor_array__rosidl_typesupport_fastrtps_c.h
[0.620s] -- Up-to-date: /home/dmantri/ardu3/install/motor_comm_interfaces/lib/libmotor_comm_interfaces__rosidl_typesupport_fastrtps_c.so
[0.621s] -- Up-to-date: /home/dmantri/ardu3/install/motor_comm_interfaces/include/motor_comm_interfaces/motor_comm_interfaces
[0.621s] -- Up-to-date: /home/dmantri/ardu3/install/motor_comm_interfaces/include/motor_comm_interfaces/motor_comm_interfaces/msg
[0.621s] -- Up-to-date: /home/dmantri/ardu3/install/motor_comm_interfaces/include/motor_comm_interfaces/motor_comm_interfaces/msg/rosidl_typesupport_introspection_c__visibility_control.h
[0.621s] -- Up-to-date: /home/dmantri/ardu3/install/motor_comm_interfaces/include/motor_comm_interfaces/motor_comm_interfaces/msg/detail
[0.621s] -- Up-to-date: /home/dmantri/ardu3/install/motor_comm_interfaces/include/motor_comm_interfaces/motor_comm_interfaces/msg/detail/motor_array__rosidl_typesupport_introspection_c.h
[0.622s] -- Up-to-date: /home/dmantri/ardu3/install/motor_comm_interfaces/include/motor_comm_interfaces/motor_comm_interfaces/msg/detail/motor_array__type_support.c
[0.622s] -- Up-to-date: /home/dmantri/ardu3/install/motor_comm_interfaces/lib/libmotor_comm_interfaces__rosidl_typesupport_introspection_c.so
[0.623s] -- Up-to-date: /home/dmantri/ardu3/install/motor_comm_interfaces/lib/libmotor_comm_interfaces__rosidl_typesupport_c.so
[0.623s] -- Up-to-date: /home/dmantri/ardu3/install/motor_comm_interfaces/include/motor_comm_interfaces/motor_comm_interfaces
[0.623s] -- Up-to-date: /home/dmantri/ardu3/install/motor_comm_interfaces/include/motor_comm_interfaces/motor_comm_interfaces/msg
[0.624s] -- Up-to-date: /home/dmantri/ardu3/install/motor_comm_interfaces/include/motor_comm_interfaces/motor_comm_interfaces/msg/motor_array.hpp
[0.624s] -- Up-to-date: /home/dmantri/ardu3/install/motor_comm_interfaces/include/motor_comm_interfaces/motor_comm_interfaces/msg/detail
[0.624s] -- Up-to-date: /home/dmantri/ardu3/install/motor_comm_interfaces/include/motor_comm_interfaces/motor_comm_interfaces/msg/detail/motor_array__builder.hpp
[0.625s] -- Up-to-date: /home/dmantri/ardu3/install/motor_comm_interfaces/include/motor_comm_interfaces/motor_comm_interfaces/msg/detail/motor_array__struct.hpp
[0.625s] -- Up-to-date: /home/dmantri/ardu3/install/motor_comm_interfaces/include/motor_comm_interfaces/motor_comm_interfaces/msg/detail/motor_array__traits.hpp
[0.625s] -- Up-to-date: /home/dmantri/ardu3/install/motor_comm_interfaces/include/motor_comm_interfaces/motor_comm_interfaces
[0.625s] -- Up-to-date: /home/dmantri/ardu3/install/motor_comm_interfaces/include/motor_comm_interfaces/motor_comm_interfaces/msg
[0.626s] -- Up-to-date: /home/dmantri/ardu3/install/motor_comm_interfaces/include/motor_comm_interfaces/motor_comm_interfaces/msg/rosidl_typesupport_fastrtps_cpp__visibility_control.h
[0.626s] -- Up-to-date: /home/dmantri/ardu3/install/motor_comm_interfaces/include/motor_comm_interfaces/motor_comm_interfaces/msg/detail
[0.626s] -- Up-to-date: /home/dmantri/ardu3/install/motor_comm_interfaces/include/motor_comm_interfaces/motor_comm_interfaces/msg/detail/dds_fastrtps
[0.626s] -- Up-to-date: /home/dmantri/ardu3/install/motor_comm_interfaces/include/motor_comm_interfaces/motor_comm_interfaces/msg/detail/motor_array__rosidl_typesupport_fastrtps_cpp.hpp
[0.626s] -- Up-to-date: /home/dmantri/ardu3/install/motor_comm_interfaces/lib/libmotor_comm_interfaces__rosidl_typesupport_fastrtps_cpp.so
[0.626s] -- Up-to-date: /home/dmantri/ardu3/install/motor_comm_interfaces/include/motor_comm_interfaces/motor_comm_interfaces
[0.627s] -- Up-to-date: /home/dmantri/ardu3/install/motor_comm_interfaces/include/motor_comm_interfaces/motor_comm_interfaces/msg
[0.627s] -- Up-to-date: /home/dmantri/ardu3/install/motor_comm_interfaces/include/motor_comm_interfaces/motor_comm_interfaces/msg/detail
[0.627s] -- Up-to-date: /home/dmantri/ardu3/install/motor_comm_interfaces/include/motor_comm_interfaces/motor_comm_interfaces/msg/detail/motor_array__rosidl_typesupport_introspection_cpp.hpp
[0.627s] -- Up-to-date: /home/dmantri/ardu3/install/motor_comm_interfaces/include/motor_comm_interfaces/motor_comm_interfaces/msg/detail/motor_array__type_support.cpp
[0.627s] -- Up-to-date: /home/dmantri/ardu3/install/motor_comm_interfaces/lib/libmotor_comm_interfaces__rosidl_typesupport_introspection_cpp.so
[0.627s] -- Up-to-date: /home/dmantri/ardu3/install/motor_comm_interfaces/lib/libmotor_comm_interfaces__rosidl_typesupport_cpp.so
[0.627s] -- Up-to-date: /home/dmantri/ardu3/install/motor_comm_interfaces/share/motor_comm_interfaces/environment/pythonpath.sh
[0.627s] -- Up-to-date: /home/dmantri/ardu3/install/motor_comm_interfaces/share/motor_comm_interfaces/environment/pythonpath.dsv
[0.627s] -- Up-to-date: /home/dmantri/ardu3/install/motor_comm_interfaces/local/lib/python3.10/dist-packages/motor_comm_interfaces-0.0.0-py3.10.egg-info
[0.627s] -- Installing: /home/dmantri/ardu3/install/motor_comm_interfaces/local/lib/python3.10/dist-packages/motor_comm_interfaces-0.0.0-py3.10.egg-info/top_level.txt
[0.627s] -- Installing: /home/dmantri/ardu3/install/motor_comm_interfaces/local/lib/python3.10/dist-packages/motor_comm_interfaces-0.0.0-py3.10.egg-info/dependency_links.txt
[0.627s] -- Installing: /home/dmantri/ardu3/install/motor_comm_interfaces/local/lib/python3.10/dist-packages/motor_comm_interfaces-0.0.0-py3.10.egg-info/SOURCES.txt
[0.627s] -- Installing: /home/dmantri/ardu3/install/motor_comm_interfaces/local/lib/python3.10/dist-packages/motor_comm_interfaces-0.0.0-py3.10.egg-info/PKG-INFO
[0.627s] -- Up-to-date: /home/dmantri/ardu3/install/motor_comm_interfaces/local/lib/python3.10/dist-packages/motor_comm_interfaces
[0.627s] -- Up-to-date: /home/dmantri/ardu3/install/motor_comm_interfaces/local/lib/python3.10/dist-packages/motor_comm_interfaces/motor_comm_interfaces_s__rosidl_typesupport_fastrtps_c.cpython-310-x86_64-linux-gnu.so
[0.627s] -- Up-to-date: /home/dmantri/ardu3/install/motor_comm_interfaces/local/lib/python3.10/dist-packages/motor_comm_interfaces/motor_comm_interfaces_s__rosidl_typesupport_introspection_c.cpython-310-x86_64-linux-gnu.so
[0.627s] -- Up-to-date: /home/dmantri/ardu3/install/motor_comm_interfaces/local/lib/python3.10/dist-packages/motor_comm_interfaces/_motor_comm_interfaces_s.ep.rosidl_typesupport_c.c
[0.628s] -- Up-to-date: /home/dmantri/ardu3/install/motor_comm_interfaces/local/lib/python3.10/dist-packages/motor_comm_interfaces/_motor_comm_interfaces_s.ep.rosidl_typesupport_introspection_c.c
[0.628s] -- Up-to-date: /home/dmantri/ardu3/install/motor_comm_interfaces/local/lib/python3.10/dist-packages/motor_comm_interfaces/msg
[0.628s] -- Up-to-date: /home/dmantri/ardu3/install/motor_comm_interfaces/local/lib/python3.10/dist-packages/motor_comm_interfaces/msg/_motor_array_s.c
[0.628s] -- Up-to-date: /home/dmantri/ardu3/install/motor_comm_interfaces/local/lib/python3.10/dist-packages/motor_comm_interfaces/msg/__init__.py
[0.628s] -- Up-to-date: /home/dmantri/ardu3/install/motor_comm_interfaces/local/lib/python3.10/dist-packages/motor_comm_interfaces/msg/_motor_array.py
[0.628s] -- Up-to-date: /home/dmantri/ardu3/install/motor_comm_interfaces/local/lib/python3.10/dist-packages/motor_comm_interfaces/_motor_comm_interfaces_s.ep.rosidl_typesupport_fastrtps_c.c
[0.628s] -- Up-to-date: /home/dmantri/ardu3/install/motor_comm_interfaces/local/lib/python3.10/dist-packages/motor_comm_interfaces/motor_comm_interfaces_s__rosidl_typesupport_c.cpython-310-x86_64-linux-gnu.so
[0.628s] -- Up-to-date: /home/dmantri/ardu3/install/motor_comm_interfaces/local/lib/python3.10/dist-packages/motor_comm_interfaces/libmotor_comm_interfaces__rosidl_generator_py.so
[0.628s] -- Up-to-date: /home/dmantri/ardu3/install/motor_comm_interfaces/local/lib/python3.10/dist-packages/motor_comm_interfaces/__init__.py
[0.661s] Listing '/home/dmantri/ardu3/install/motor_comm_interfaces/local/lib/python3.10/dist-packages/motor_comm_interfaces'...
[0.662s] Listing '/home/dmantri/ardu3/install/motor_comm_interfaces/local/lib/python3.10/dist-packages/motor_comm_interfaces/msg'...
[0.668s] -- Up-to-date: /home/dmantri/ardu3/install/motor_comm_interfaces/local/lib/python3.10/dist-packages/motor_comm_interfaces/motor_comm_interfaces_s__rosidl_typesupport_fastrtps_c.cpython-310-x86_64-linux-gnu.so
[0.669s] -- Up-to-date: /home/dmantri/ardu3/install/motor_comm_interfaces/local/lib/python3.10/dist-packages/motor_comm_interfaces/motor_comm_interfaces_s__rosidl_typesupport_introspection_c.cpython-310-x86_64-linux-gnu.so
[0.670s] -- Up-to-date: /home/dmantri/ardu3/install/motor_comm_interfaces/local/lib/python3.10/dist-packages/motor_comm_interfaces/motor_comm_interfaces_s__rosidl_typesupport_c.cpython-310-x86_64-linux-gnu.so
[0.670s] -- Up-to-date: /home/dmantri/ardu3/install/motor_comm_interfaces/lib/libmotor_comm_interfaces__rosidl_generator_py.so
[0.670s] -- Up-to-date: /home/dmantri/ardu3/install/motor_comm_interfaces/share/motor_comm_interfaces/msg/MotorArray.idl
[0.671s] -- Up-to-date: /home/dmantri/ardu3/install/motor_comm_interfaces/share/motor_comm_interfaces/msg/MotorArray.msg
[0.671s] -- Up-to-date: /home/dmantri/ardu3/install/motor_comm_interfaces/share/ament_index/resource_index/package_run_dependencies/motor_comm_interfaces
[0.671s] -- Up-to-date: /home/dmantri/ardu3/install/motor_comm_interfaces/share/ament_index/resource_index/parent_prefix_path/motor_comm_interfaces
[0.672s] -- Up-to-date: /home/dmantri/ardu3/install/motor_comm_interfaces/share/motor_comm_interfaces/environment/ament_prefix_path.sh
[0.672s] -- Up-to-date: /home/dmantri/ardu3/install/motor_comm_interfaces/share/motor_comm_interfaces/environment/ament_prefix_path.dsv
[0.672s] -- Up-to-date: /home/dmantri/ardu3/install/motor_comm_interfaces/share/motor_comm_interfaces/environment/path.sh
[0.673s] -- Up-to-date: /home/dmantri/ardu3/install/motor_comm_interfaces/share/motor_comm_interfaces/environment/path.dsv
[0.673s] -- Up-to-date: /home/dmantri/ardu3/install/motor_comm_interfaces/share/motor_comm_interfaces/local_setup.bash
[0.673s] -- Up-to-date: /home/dmantri/ardu3/install/motor_comm_interfaces/share/motor_comm_interfaces/local_setup.sh
[0.674s] -- Up-to-date: /home/dmantri/ardu3/install/motor_comm_interfaces/share/motor_comm_interfaces/local_setup.zsh
[0.674s] -- Up-to-date: /home/dmantri/ardu3/install/motor_comm_interfaces/share/motor_comm_interfaces/local_setup.dsv
[0.674s] -- Installing: /home/dmantri/ardu3/install/motor_comm_interfaces/share/motor_comm_interfaces/package.dsv
[0.674s] -- Up-to-date: /home/dmantri/ardu3/install/motor_comm_interfaces/share/ament_index/resource_index/packages/motor_comm_interfaces
[0.675s] -- Up-to-date: /home/dmantri/ardu3/install/motor_comm_interfaces/share/motor_comm_interfaces/cmake/export_motor_comm_interfaces__rosidl_generator_cExport.cmake
[0.675s] -- Up-to-date: /home/dmantri/ardu3/install/motor_comm_interfaces/share/motor_comm_interfaces/cmake/export_motor_comm_interfaces__rosidl_generator_cExport-noconfig.cmake
[0.675s] -- Up-to-date: /home/dmantri/ardu3/install/motor_comm_interfaces/share/motor_comm_interfaces/cmake/export_motor_comm_interfaces__rosidl_typesupport_fastrtps_cExport.cmake
[0.676s] -- Up-to-date: /home/dmantri/ardu3/install/motor_comm_interfaces/share/motor_comm_interfaces/cmake/export_motor_comm_interfaces__rosidl_typesupport_fastrtps_cExport-noconfig.cmake
[0.676s] -- Up-to-date: /home/dmantri/ardu3/install/motor_comm_interfaces/share/motor_comm_interfaces/cmake/motor_comm_interfaces__rosidl_typesupport_introspection_cExport.cmake
[0.676s] -- Up-to-date: /home/dmantri/ardu3/install/motor_comm_interfaces/share/motor_comm_interfaces/cmake/motor_comm_interfaces__rosidl_typesupport_introspection_cExport-noconfig.cmake
[0.676s] -- Up-to-date: /home/dmantri/ardu3/install/motor_comm_interfaces/share/motor_comm_interfaces/cmake/motor_comm_interfaces__rosidl_typesupport_cExport.cmake
[0.676s] -- Up-to-date: /home/dmantri/ardu3/install/motor_comm_interfaces/share/motor_comm_interfaces/cmake/motor_comm_interfaces__rosidl_typesupport_cExport-noconfig.cmake
[0.676s] -- Up-to-date: /home/dmantri/ardu3/install/motor_comm_interfaces/share/motor_comm_interfaces/cmake/export_motor_comm_interfaces__rosidl_generator_cppExport.cmake
[0.676s] -- Up-to-date: /home/dmantri/ardu3/install/motor_comm_interfaces/share/motor_comm_interfaces/cmake/export_motor_comm_interfaces__rosidl_typesupport_fastrtps_cppExport.cmake
[0.676s] -- Up-to-date: /home/dmantri/ardu3/install/motor_comm_interfaces/share/motor_comm_interfaces/cmake/export_motor_comm_interfaces__rosidl_typesupport_fastrtps_cppExport-noconfig.cmake
[0.676s] -- Up-to-date: /home/dmantri/ardu3/install/motor_comm_interfaces/share/motor_comm_interfaces/cmake/motor_comm_interfaces__rosidl_typesupport_introspection_cppExport.cmake
[0.676s] -- Up-to-date: /home/dmantri/ardu3/install/motor_comm_interfaces/share/motor_comm_interfaces/cmake/motor_comm_interfaces__rosidl_typesupport_introspection_cppExport-noconfig.cmake
[0.677s] -- Up-to-date: /home/dmantri/ardu3/install/motor_comm_interfaces/share/motor_comm_interfaces/cmake/motor_comm_interfaces__rosidl_typesupport_cppExport.cmake
[0.677s] -- Up-to-date: /home/dmantri/ardu3/install/motor_comm_interfaces/share/motor_comm_interfaces/cmake/motor_comm_interfaces__rosidl_typesupport_cppExport-noconfig.cmake
[0.677s] -- Up-to-date: /home/dmantri/ardu3/install/motor_comm_interfaces/share/motor_comm_interfaces/cmake/export_motor_comm_interfaces__rosidl_generator_pyExport.cmake
[0.677s] -- Up-to-date: /home/dmantri/ardu3/install/motor_comm_interfaces/share/motor_comm_interfaces/cmake/export_motor_comm_interfaces__rosidl_generator_pyExport-noconfig.cmake
[0.677s] -- Up-to-date: /home/dmantri/ardu3/install/motor_comm_interfaces/share/motor_comm_interfaces/cmake/rosidl_cmake-extras.cmake
[0.677s] -- Up-to-date: /home/dmantri/ardu3/install/motor_comm_interfaces/share/motor_comm_interfaces/cmake/ament_cmake_export_include_directories-extras.cmake
[0.677s] -- Up-to-date: /home/dmantri/ardu3/install/motor_comm_interfaces/share/motor_comm_interfaces/cmake/ament_cmake_export_libraries-extras.cmake
[0.677s] -- Up-to-date: /home/dmantri/ardu3/install/motor_comm_interfaces/share/motor_comm_interfaces/cmake/ament_cmake_export_targets-extras.cmake
[0.677s] -- Up-to-date: /home/dmantri/ardu3/install/motor_comm_interfaces/share/motor_comm_interfaces/cmake/rosidl_cmake_export_typesupport_targets-extras.cmake
[0.677s] -- Up-to-date: /home/dmantri/ardu3/install/motor_comm_interfaces/share/motor_comm_interfaces/cmake/ament_cmake_export_dependencies-extras.cmake
[0.677s] -- Up-to-date: /home/dmantri/ardu3/install/motor_comm_interfaces/share/motor_comm_interfaces/cmake/rosidl_cmake_export_typesupport_libraries-extras.cmake
[0.678s] -- Up-to-date: /home/dmantri/ardu3/install/motor_comm_interfaces/share/motor_comm_interfaces/cmake/motor_comm_interfacesConfig.cmake
[0.678s] -- Up-to-date: /home/dmantri/ardu3/install/motor_comm_interfaces/share/motor_comm_interfaces/cmake/motor_comm_interfacesConfig-version.cmake
[0.678s] -- Up-to-date: /home/dmantri/ardu3/install/motor_comm_interfaces/share/motor_comm_interfaces/package.xml
[0.680s] Invoked command in '/home/dmantri/ardu3/build/motor_comm_interfaces' returned '0': CMAKE_PREFIX_PATH=${CMAKE_PREFIX_PATH}:/home/dmantri/ardu3/install/ros2_arduino_comms:/home/dmantri/simulation_docker/ros2ws/install/gzsim:/opt/ros/humble /usr/bin/cmake --install /home/dmantri/ardu3/build/motor_comm_interfaces
