[1.228s] Invoking command in '/home/dmantri/ardu3/src/ros2_arduino_comms': PYTHONPATH=/home/dmantri/ardu3/build/ros2_arduino_comms/prefix_override:/usr/lib/python3/dist-packages/colcon_core/task/python/colcon_distutils_commands:/home/dmantri/ardu3/install/ros2_arduino_comms/lib/python3.10/site-packages:${PYTHONPATH} /usr/bin/python3 -W ignore:setup.py install is deprecated setup.py egg_info --egg-base ../../build/ros2_arduino_comms build --build-base /home/dmantri/ardu3/build/ros2_arduino_comms/build install --record /home/dmantri/ardu3/build/ros2_arduino_comms/install.log --single-version-externally-managed install_data
[1.560s] running egg_info
[1.561s] writing ../../build/ros2_arduino_comms/ros2_arduino_comms.egg-info/PKG-INFO
[1.563s] writing dependency_links to ../../build/ros2_arduino_comms/ros2_arduino_comms.egg-info/dependency_links.txt
[1.564s] writing entry points to ../../build/ros2_arduino_comms/ros2_arduino_comms.egg-info/entry_points.txt
[1.565s] writing requirements to ../../build/ros2_arduino_comms/ros2_arduino_comms.egg-info/requires.txt
[1.565s] writing top-level names to ../../build/ros2_arduino_comms/ros2_arduino_comms.egg-info/top_level.txt
[1.567s] reading manifest file '../../build/ros2_arduino_comms/ros2_arduino_comms.egg-info/SOURCES.txt'
[1.569s] writing manifest file '../../build/ros2_arduino_comms/ros2_arduino_comms.egg-info/SOURCES.txt'
[1.570s] running build
[1.570s] running build_py
[1.571s] copying ros2_arduino_comms/motor_pub.py -> /home/dmantri/ardu3/build/ros2_arduino_comms/build/lib/ros2_arduino_comms
[1.571s] copying ros2_arduino_comms/motor_sub.py -> /home/dmantri/ardu3/build/ros2_arduino_comms/build/lib/ros2_arduino_comms
[1.571s] running install
[1.571s] running install_lib
[1.574s] copying /home/dmantri/ardu3/build/ros2_arduino_comms/build/lib/ros2_arduino_comms/motor_pub.py -> /home/dmantri/ardu3/install/ros2_arduino_comms/lib/python3.10/site-packages/ros2_arduino_comms
[1.575s] copying /home/dmantri/ardu3/build/ros2_arduino_comms/build/lib/ros2_arduino_comms/motor_sub.py -> /home/dmantri/ardu3/install/ros2_arduino_comms/lib/python3.10/site-packages/ros2_arduino_comms
[1.576s] byte-compiling /home/dmantri/ardu3/install/ros2_arduino_comms/lib/python3.10/site-packages/ros2_arduino_comms/motor_pub.py to motor_pub.cpython-310.pyc
[1.578s] byte-compiling /home/dmantri/ardu3/install/ros2_arduino_comms/lib/python3.10/site-packages/ros2_arduino_comms/motor_sub.py to motor_sub.cpython-310.pyc
[1.580s] running install_data
[1.580s] running install_egg_info
[1.582s] removing '/home/dmantri/ardu3/install/ros2_arduino_comms/lib/python3.10/site-packages/ros2_arduino_comms-0.0.0-py3.10.egg-info' (and everything under it)
[1.582s] Copying ../../build/ros2_arduino_comms/ros2_arduino_comms.egg-info to /home/dmantri/ardu3/install/ros2_arduino_comms/lib/python3.10/site-packages/ros2_arduino_comms-0.0.0-py3.10.egg-info
[1.585s] running install_scripts
[1.605s] Installing light script to /home/dmantri/ardu3/install/ros2_arduino_comms/lib/ros2_arduino_comms
[1.605s] Installing motor_pub script to /home/dmantri/ardu3/install/ros2_arduino_comms/lib/ros2_arduino_comms
[1.605s] Installing motor_sub script to /home/dmantri/ardu3/install/ros2_arduino_comms/lib/ros2_arduino_comms
[1.606s] Installing pub_node script to /home/dmantri/ardu3/install/ros2_arduino_comms/lib/ros2_arduino_comms
[1.606s] Installing sub_node script to /home/dmantri/ardu3/install/ros2_arduino_comms/lib/ros2_arduino_comms
[1.606s] writing list of installed files to '/home/dmantri/ardu3/build/ros2_arduino_comms/install.log'
[1.640s] Invoked command in '/home/dmantri/ardu3/src/ros2_arduino_comms' returned '0': PYTHONPATH=/home/dmantri/ardu3/build/ros2_arduino_comms/prefix_override:/usr/lib/python3/dist-packages/colcon_core/task/python/colcon_distutils_commands:/home/dmantri/ardu3/install/ros2_arduino_comms/lib/python3.10/site-packages:${PYTHONPATH} /usr/bin/python3 -W ignore:setup.py install is deprecated setup.py egg_info --egg-base ../../build/ros2_arduino_comms build --build-base /home/dmantri/ardu3/build/ros2_arduino_comms/build install --record /home/dmantri/ardu3/build/ros2_arduino_comms/install.log --single-version-externally-managed install_data
