[1.120s] DEBUG:colcon:Command line arguments: ['/usr/bin/colcon', 'build']
[1.121s] DEBUG:colcon:Parsed command line arguments: Namespace(log_base=None, log_level=None, verb_name='build', build_base='build', install_base='install', merge_install=False, symlink_install=False, test_result_base=None, continue_on_error=False, executor='parallel', parallel_workers=16, event_handlers=None, ignore_user_meta=False, metas=['./colcon.meta'], base_paths=['.'], packages_ignore=None, packages_ignore_regex=None, paths=None, packages_up_to=None, packages_up_to_regex=None, packages_above=None, packages_above_and_dependencies=None, packages_above_depth=None, packages_select_by_dep=None, packages_skip_by_dep=None, packages_skip_up_to=None, packages_select_build_failed=False, packages_skip_build_finished=False, packages_select_test_failures=False, packages_skip_test_passed=False, packages_select=None, packages_skip=None, packages_select_regex=None, packages_skip_regex=None, packages_start=None, packages_end=None, allow_overriding=[], cmake_args=None, cmake_target=None, cmake_target_skip_unavailable=False, cmake_clean_cache=False, cmake_clean_first=False, cmake_force_configure=False, ament_cmake_args=None, catkin_cmake_args=None, catkin_skip_building_tests=False, mixin_files=None, mixin=None, verb_parser=<colcon_mixin.mixin.mixin_argument.MixinArgumentDecorator object at 0x7f86507e37c0>, verb_extension=<colcon_core.verb.build.BuildVerb object at 0x7f86507e3310>, main=<bound method BuildVerb.main of <colcon_core.verb.build.BuildVerb object at 0x7f86507e3310>>, mixin_verb=('build',))
[1.775s] Level 1:colcon.colcon_core.package_discovery:discover_packages(colcon_meta) check parameters
[1.775s] Level 1:colcon.colcon_core.package_discovery:discover_packages(recursive) check parameters
[1.775s] Level 1:colcon.colcon_core.package_discovery:discover_packages(ignore) check parameters
[1.775s] Level 1:colcon.colcon_core.package_discovery:discover_packages(path) check parameters
[1.775s] Level 1:colcon.colcon_core.package_discovery:discover_packages(colcon_meta) discover
[1.775s] Level 1:colcon.colcon_core.package_discovery:discover_packages(recursive) discover
[1.775s] INFO:colcon.colcon_core.package_discovery:Crawling recursively for packages in '/home/dmantri/ardu3'
[1.776s] Level 1:colcon.colcon_core.package_identification:_identify(.) by extensions ['ignore', 'ignore_ament_install']
[1.776s] Level 1:colcon.colcon_core.package_identification:_identify(.) by extension 'ignore'
[1.776s] Level 1:colcon.colcon_core.package_identification:_identify(.) by extension 'ignore_ament_install'
[1.776s] Level 1:colcon.colcon_core.package_identification:_identify(.) by extensions ['colcon_pkg']
[1.776s] Level 1:colcon.colcon_core.package_identification:_identify(.) by extension 'colcon_pkg'
[1.776s] Level 1:colcon.colcon_core.package_identification:_identify(.) by extensions ['colcon_meta']
[1.776s] Level 1:colcon.colcon_core.package_identification:_identify(.) by extension 'colcon_meta'
[1.776s] Level 1:colcon.colcon_core.package_identification:_identify(.) by extensions ['ros']
[1.776s] Level 1:colcon.colcon_core.package_identification:_identify(.) by extension 'ros'
[1.807s] Level 1:colcon.colcon_core.package_identification:_identify(.) by extensions ['cmake', 'python']
[1.807s] Level 1:colcon.colcon_core.package_identification:_identify(.) by extension 'cmake'
[1.808s] Level 1:colcon.colcon_core.package_identification:_identify(.) by extension 'python'
[1.808s] Level 1:colcon.colcon_core.package_identification:_identify(.) by extensions ['python_setup_py']
[1.808s] Level 1:colcon.colcon_core.package_identification:_identify(.) by extension 'python_setup_py'
[1.808s] Level 1:colcon.colcon_core.package_identification:_identify(build) by extensions ['ignore', 'ignore_ament_install']
[1.808s] Level 1:colcon.colcon_core.package_identification:_identify(build) by extension 'ignore'
[1.808s] Level 1:colcon.colcon_core.package_identification:_identify(build) ignored
[1.808s] Level 1:colcon.colcon_core.package_identification:_identify(install) by extensions ['ignore', 'ignore_ament_install']
[1.808s] Level 1:colcon.colcon_core.package_identification:_identify(install) by extension 'ignore'
[1.808s] Level 1:colcon.colcon_core.package_identification:_identify(install) ignored
[1.809s] Level 1:colcon.colcon_core.package_identification:_identify(log) by extensions ['ignore', 'ignore_ament_install']
[1.809s] Level 1:colcon.colcon_core.package_identification:_identify(log) by extension 'ignore'
[1.809s] Level 1:colcon.colcon_core.package_identification:_identify(log) ignored
[1.810s] Level 1:colcon.colcon_core.package_identification:_identify(src) by extensions ['ignore', 'ignore_ament_install']
[1.810s] Level 1:colcon.colcon_core.package_identification:_identify(src) by extension 'ignore'
[1.810s] Level 1:colcon.colcon_core.package_identification:_identify(src) by extension 'ignore_ament_install'
[1.810s] Level 1:colcon.colcon_core.package_identification:_identify(src) by extensions ['colcon_pkg']
[1.810s] Level 1:colcon.colcon_core.package_identification:_identify(src) by extension 'colcon_pkg'
[1.811s] Level 1:colcon.colcon_core.package_identification:_identify(src) by extensions ['colcon_meta']
[1.811s] Level 1:colcon.colcon_core.package_identification:_identify(src) by extension 'colcon_meta'
[1.811s] Level 1:colcon.colcon_core.package_identification:_identify(src) by extensions ['ros']
[1.811s] Level 1:colcon.colcon_core.package_identification:_identify(src) by extension 'ros'
[1.811s] Level 1:colcon.colcon_core.package_identification:_identify(src) by extensions ['cmake', 'python']
[1.811s] Level 1:colcon.colcon_core.package_identification:_identify(src) by extension 'cmake'
[1.811s] Level 1:colcon.colcon_core.package_identification:_identify(src) by extension 'python'
[1.811s] Level 1:colcon.colcon_core.package_identification:_identify(src) by extensions ['python_setup_py']
[1.812s] Level 1:colcon.colcon_core.package_identification:_identify(src) by extension 'python_setup_py'
[1.813s] Level 1:colcon.colcon_core.package_identification:_identify(src/motor_comm_interfaces) by extensions ['ignore', 'ignore_ament_install']
[1.813s] Level 1:colcon.colcon_core.package_identification:_identify(src/motor_comm_interfaces) by extension 'ignore'
[1.813s] Level 1:colcon.colcon_core.package_identification:_identify(src/motor_comm_interfaces) by extension 'ignore_ament_install'
[1.813s] Level 1:colcon.colcon_core.package_identification:_identify(src/motor_comm_interfaces) by extensions ['colcon_pkg']
[1.813s] Level 1:colcon.colcon_core.package_identification:_identify(src/motor_comm_interfaces) by extension 'colcon_pkg'
[1.813s] Level 1:colcon.colcon_core.package_identification:_identify(src/motor_comm_interfaces) by extensions ['colcon_meta']
[1.813s] Level 1:colcon.colcon_core.package_identification:_identify(src/motor_comm_interfaces) by extension 'colcon_meta'
[1.813s] Level 1:colcon.colcon_core.package_identification:_identify(src/motor_comm_interfaces) by extensions ['ros']
[1.813s] Level 1:colcon.colcon_core.package_identification:_identify(src/motor_comm_interfaces) by extension 'ros'
[1.821s] DEBUG:colcon.colcon_core.package_identification:Package 'src/motor_comm_interfaces' with type 'ros.ament_cmake' and name 'motor_comm_interfaces'
[1.822s] Level 1:colcon.colcon_core.package_identification:_identify(src/ros2_arduino_comms) by extensions ['ignore', 'ignore_ament_install']
[1.823s] Level 1:colcon.colcon_core.package_identification:_identify(src/ros2_arduino_comms) by extension 'ignore'
[1.823s] Level 1:colcon.colcon_core.package_identification:_identify(src/ros2_arduino_comms) by extension 'ignore_ament_install'
[1.823s] Level 1:colcon.colcon_core.package_identification:_identify(src/ros2_arduino_comms) by extensions ['colcon_pkg']
[1.823s] Level 1:colcon.colcon_core.package_identification:_identify(src/ros2_arduino_comms) by extension 'colcon_pkg'
[1.823s] Level 1:colcon.colcon_core.package_identification:_identify(src/ros2_arduino_comms) by extensions ['colcon_meta']
[1.823s] Level 1:colcon.colcon_core.package_identification:_identify(src/ros2_arduino_comms) by extension 'colcon_meta'
[1.823s] Level 1:colcon.colcon_core.package_identification:_identify(src/ros2_arduino_comms) by extensions ['ros']
[1.823s] Level 1:colcon.colcon_core.package_identification:_identify(src/ros2_arduino_comms) by extension 'ros'
[1.825s] DEBUG:colcon.colcon_core.package_identification:Package 'src/ros2_arduino_comms' with type 'ros.ament_python' and name 'ros2_arduino_comms'
[1.825s] Level 1:colcon.colcon_core.package_discovery:discover_packages(recursive) using defaults
[1.825s] Level 1:colcon.colcon_core.package_discovery:discover_packages(ignore) discover
[1.825s] Level 1:colcon.colcon_core.package_discovery:discover_packages(ignore) using defaults
[1.825s] Level 1:colcon.colcon_core.package_discovery:discover_packages(path) discover
[1.825s] Level 1:colcon.colcon_core.package_discovery:discover_packages(path) using defaults
[1.920s] Level 1:colcon.colcon_core.package_discovery:discover_packages(prefix_path) check parameters
[1.920s] Level 1:colcon.colcon_core.package_discovery:discover_packages(prefix_path) discover
[1.931s] DEBUG:colcon.colcon_installed_package_information.package_discovery:Found 1 installed packages in /home/dmantri/ros2_ws/install
[1.933s] DEBUG:colcon.colcon_installed_package_information.package_discovery:Found 1 installed packages in /home/dmantri/simulation_docker/ros2ws/install
[1.937s] DEBUG:colcon.colcon_installed_package_information.package_discovery:Found 313 installed packages in /opt/ros/humble
[1.939s] Level 1:colcon.colcon_core.package_discovery:discover_packages(prefix_path) using defaults
[2.135s] Level 5:colcon.colcon_core.verb:set package 'motor_comm_interfaces' build argument 'cmake_args' from command line to 'None'
[2.135s] Level 5:colcon.colcon_core.verb:set package 'motor_comm_interfaces' build argument 'cmake_target' from command line to 'None'
[2.135s] Level 5:colcon.colcon_core.verb:set package 'motor_comm_interfaces' build argument 'cmake_target_skip_unavailable' from command line to 'False'
[2.135s] Level 5:colcon.colcon_core.verb:set package 'motor_comm_interfaces' build argument 'cmake_clean_cache' from command line to 'False'
[2.135s] Level 5:colcon.colcon_core.verb:set package 'motor_comm_interfaces' build argument 'cmake_clean_first' from command line to 'False'
[2.135s] Level 5:colcon.colcon_core.verb:set package 'motor_comm_interfaces' build argument 'cmake_force_configure' from command line to 'False'
[2.135s] Level 5:colcon.colcon_core.verb:set package 'motor_comm_interfaces' build argument 'ament_cmake_args' from command line to 'None'
[2.135s] Level 5:colcon.colcon_core.verb:set package 'motor_comm_interfaces' build argument 'catkin_cmake_args' from command line to 'None'
[2.135s] Level 5:colcon.colcon_core.verb:set package 'motor_comm_interfaces' build argument 'catkin_skip_building_tests' from command line to 'False'
[2.135s] DEBUG:colcon.colcon_core.verb:Building package 'motor_comm_interfaces' with the following arguments: {'ament_cmake_args': None, 'build_base': '/home/dmantri/ardu3/build/motor_comm_interfaces', 'catkin_cmake_args': None, 'catkin_skip_building_tests': False, 'cmake_args': None, 'cmake_clean_cache': False, 'cmake_clean_first': False, 'cmake_force_configure': False, 'cmake_target': None, 'cmake_target_skip_unavailable': False, 'install_base': '/home/dmantri/ardu3/install/motor_comm_interfaces', 'merge_install': False, 'path': '/home/dmantri/ardu3/src/motor_comm_interfaces', 'symlink_install': False, 'test_result_base': None}
[2.136s] Level 5:colcon.colcon_core.verb:set package 'ros2_arduino_comms' build argument 'cmake_args' from command line to 'None'
[2.136s] Level 5:colcon.colcon_core.verb:set package 'ros2_arduino_comms' build argument 'cmake_target' from command line to 'None'
[2.136s] Level 5:colcon.colcon_core.verb:set package 'ros2_arduino_comms' build argument 'cmake_target_skip_unavailable' from command line to 'False'
[2.136s] Level 5:colcon.colcon_core.verb:set package 'ros2_arduino_comms' build argument 'cmake_clean_cache' from command line to 'False'
[2.136s] Level 5:colcon.colcon_core.verb:set package 'ros2_arduino_comms' build argument 'cmake_clean_first' from command line to 'False'
[2.136s] Level 5:colcon.colcon_core.verb:set package 'ros2_arduino_comms' build argument 'cmake_force_configure' from command line to 'False'
[2.136s] Level 5:colcon.colcon_core.verb:set package 'ros2_arduino_comms' build argument 'ament_cmake_args' from command line to 'None'
[2.136s] Level 5:colcon.colcon_core.verb:set package 'ros2_arduino_comms' build argument 'catkin_cmake_args' from command line to 'None'
[2.136s] Level 5:colcon.colcon_core.verb:set package 'ros2_arduino_comms' build argument 'catkin_skip_building_tests' from command line to 'False'
[2.136s] DEBUG:colcon.colcon_core.verb:Building package 'ros2_arduino_comms' with the following arguments: {'ament_cmake_args': None, 'build_base': '/home/dmantri/ardu3/build/ros2_arduino_comms', 'catkin_cmake_args': None, 'catkin_skip_building_tests': False, 'cmake_args': None, 'cmake_clean_cache': False, 'cmake_clean_first': False, 'cmake_force_configure': False, 'cmake_target': None, 'cmake_target_skip_unavailable': False, 'install_base': '/home/dmantri/ardu3/install/ros2_arduino_comms', 'merge_install': False, 'path': '/home/dmantri/ardu3/src/ros2_arduino_comms', 'symlink_install': False, 'test_result_base': None}
[2.136s] INFO:colcon.colcon_core.executor:Executing jobs using 'parallel' executor
[2.138s] DEBUG:colcon.colcon_parallel_executor.executor.parallel:run_until_complete
[2.139s] INFO:colcon.colcon_ros.task.ament_cmake.build:Building ROS package in '/home/dmantri/ardu3/src/motor_comm_interfaces' with build type 'ament_cmake'
[2.139s] INFO:colcon.colcon_cmake.task.cmake.build:Building CMake package in '/home/dmantri/ardu3/src/motor_comm_interfaces'
[2.155s] INFO:colcon.colcon_core.plugin_system:Skipping extension 'colcon_core.shell.bat': Not used on non-Windows systems
[2.155s] INFO:colcon.colcon_core.shell:Skip shell extension 'powershell' for command environment: Not usable outside of PowerShell
[2.155s] DEBUG:colcon.colcon_core.shell:Skip shell extension 'dsv' for command environment
[2.180s] DEBUG:colcon.colcon_core.event_handler.log_command:Invoking command in '/home/dmantri/ardu3/build/motor_comm_interfaces': CMAKE_PREFIX_PATH=${CMAKE_PREFIX_PATH}:/home/dmantri/simulation_docker/ros2ws/install/gzsim:/opt/ros/humble /usr/bin/cmake --build /home/dmantri/ardu3/build/motor_comm_interfaces -- -j16 -l16
[2.951s] DEBUG:colcon.colcon_core.event_handler.log_command:Invoked command in '/home/dmantri/ardu3/build/motor_comm_interfaces' returned '0': CMAKE_PREFIX_PATH=${CMAKE_PREFIX_PATH}:/home/dmantri/simulation_docker/ros2ws/install/gzsim:/opt/ros/humble /usr/bin/cmake --build /home/dmantri/ardu3/build/motor_comm_interfaces -- -j16 -l16
[3.131s] DEBUG:colcon.colcon_core.event_handler.log_command:Invoking command in '/home/dmantri/ardu3/build/motor_comm_interfaces': CMAKE_PREFIX_PATH=${CMAKE_PREFIX_PATH}:/home/dmantri/simulation_docker/ros2ws/install/gzsim:/opt/ros/humble /usr/bin/cmake --install /home/dmantri/ardu3/build/motor_comm_interfaces
[3.268s] Level 1:colcon.colcon_core.environment:create_environment_scripts_only(motor_comm_interfaces)
[3.269s] DEBUG:colcon.colcon_core.event_handler.log_command:Invoked command in '/home/dmantri/ardu3/build/motor_comm_interfaces' returned '0': CMAKE_PREFIX_PATH=${CMAKE_PREFIX_PATH}:/home/dmantri/simulation_docker/ros2ws/install/gzsim:/opt/ros/humble /usr/bin/cmake --install /home/dmantri/ardu3/build/motor_comm_interfaces
[3.285s] Level 1:colcon.colcon_core.environment:checking '/home/dmantri/ardu3/install/motor_comm_interfaces' for CMake module files
[3.287s] Level 1:colcon.colcon_core.environment:checking '/home/dmantri/ardu3/install/motor_comm_interfaces' for CMake config files
[3.288s] Level 1:colcon.colcon_core.shell:create_environment_hook('motor_comm_interfaces', 'cmake_prefix_path')
[3.289s] INFO:colcon.colcon_core.shell:Creating environment hook '/home/dmantri/ardu3/install/motor_comm_interfaces/share/motor_comm_interfaces/hook/cmake_prefix_path.ps1'
[3.291s] INFO:colcon.colcon_core.shell:Creating environment descriptor '/home/dmantri/ardu3/install/motor_comm_interfaces/share/motor_comm_interfaces/hook/cmake_prefix_path.dsv'
[3.292s] INFO:colcon.colcon_core.shell:Creating environment hook '/home/dmantri/ardu3/install/motor_comm_interfaces/share/motor_comm_interfaces/hook/cmake_prefix_path.sh'
[3.294s] Level 1:colcon.colcon_core.environment:checking '/home/dmantri/ardu3/install/motor_comm_interfaces/lib'
[3.295s] Level 1:colcon.colcon_core.shell:create_environment_hook('motor_comm_interfaces', 'ld_library_path_lib')
[3.295s] INFO:colcon.colcon_core.shell:Creating environment hook '/home/dmantri/ardu3/install/motor_comm_interfaces/share/motor_comm_interfaces/hook/ld_library_path_lib.ps1'
[3.295s] INFO:colcon.colcon_core.shell:Creating environment descriptor '/home/dmantri/ardu3/install/motor_comm_interfaces/share/motor_comm_interfaces/hook/ld_library_path_lib.dsv'
[3.296s] INFO:colcon.colcon_core.shell:Creating environment hook '/home/dmantri/ardu3/install/motor_comm_interfaces/share/motor_comm_interfaces/hook/ld_library_path_lib.sh'
[3.296s] Level 1:colcon.colcon_core.environment:checking '/home/dmantri/ardu3/install/motor_comm_interfaces/bin'
[3.297s] Level 1:colcon.colcon_core.environment:checking '/home/dmantri/ardu3/install/motor_comm_interfaces/lib/pkgconfig/motor_comm_interfaces.pc'
[3.297s] Level 1:colcon.colcon_core.environment:checking '/home/dmantri/ardu3/install/motor_comm_interfaces/lib/python3.10/site-packages'
[3.297s] Level 1:colcon.colcon_core.environment:checking '/home/dmantri/ardu3/install/motor_comm_interfaces/bin'
[3.298s] INFO:colcon.colcon_core.shell:Creating package script '/home/dmantri/ardu3/install/motor_comm_interfaces/share/motor_comm_interfaces/package.ps1'
[3.299s] INFO:colcon.colcon_core.shell:Creating package descriptor '/home/dmantri/ardu3/install/motor_comm_interfaces/share/motor_comm_interfaces/package.dsv'
[3.301s] INFO:colcon.colcon_core.shell:Creating package script '/home/dmantri/ardu3/install/motor_comm_interfaces/share/motor_comm_interfaces/package.sh'
[3.303s] INFO:colcon.colcon_core.shell:Creating package script '/home/dmantri/ardu3/install/motor_comm_interfaces/share/motor_comm_interfaces/package.bash'
[3.305s] INFO:colcon.colcon_core.shell:Creating package script '/home/dmantri/ardu3/install/motor_comm_interfaces/share/motor_comm_interfaces/package.zsh'
[3.307s] Level 1:colcon.colcon_core.environment:create_file_with_runtime_dependencies(/home/dmantri/ardu3/install/motor_comm_interfaces/share/colcon-core/packages/motor_comm_interfaces)
[3.473s] Level 1:colcon.colcon_core.environment:create_environment_scripts_only(motor_comm_interfaces)
[3.473s] Level 1:colcon.colcon_core.environment:checking '/home/dmantri/ardu3/install/motor_comm_interfaces' for CMake module files
[3.474s] Level 1:colcon.colcon_core.environment:checking '/home/dmantri/ardu3/install/motor_comm_interfaces' for CMake config files
[3.475s] Level 1:colcon.colcon_core.shell:create_environment_hook('motor_comm_interfaces', 'cmake_prefix_path')
[3.475s] INFO:colcon.colcon_core.shell:Creating environment hook '/home/dmantri/ardu3/install/motor_comm_interfaces/share/motor_comm_interfaces/hook/cmake_prefix_path.ps1'
[3.475s] INFO:colcon.colcon_core.shell:Creating environment descriptor '/home/dmantri/ardu3/install/motor_comm_interfaces/share/motor_comm_interfaces/hook/cmake_prefix_path.dsv'
[3.476s] INFO:colcon.colcon_core.shell:Creating environment hook '/home/dmantri/ardu3/install/motor_comm_interfaces/share/motor_comm_interfaces/hook/cmake_prefix_path.sh'
[3.477s] Level 1:colcon.colcon_core.environment:checking '/home/dmantri/ardu3/install/motor_comm_interfaces/lib'
[3.477s] Level 1:colcon.colcon_core.shell:create_environment_hook('motor_comm_interfaces', 'ld_library_path_lib')
[3.478s] INFO:colcon.colcon_core.shell:Creating environment hook '/home/dmantri/ardu3/install/motor_comm_interfaces/share/motor_comm_interfaces/hook/ld_library_path_lib.ps1'
[3.478s] INFO:colcon.colcon_core.shell:Creating environment descriptor '/home/dmantri/ardu3/install/motor_comm_interfaces/share/motor_comm_interfaces/hook/ld_library_path_lib.dsv'
[3.479s] INFO:colcon.colcon_core.shell:Creating environment hook '/home/dmantri/ardu3/install/motor_comm_interfaces/share/motor_comm_interfaces/hook/ld_library_path_lib.sh'
[3.479s] Level 1:colcon.colcon_core.environment:checking '/home/dmantri/ardu3/install/motor_comm_interfaces/bin'
[3.479s] Level 1:colcon.colcon_core.environment:checking '/home/dmantri/ardu3/install/motor_comm_interfaces/lib/pkgconfig/motor_comm_interfaces.pc'
[3.479s] Level 1:colcon.colcon_core.environment:checking '/home/dmantri/ardu3/install/motor_comm_interfaces/lib/python3.10/site-packages'
[3.480s] Level 1:colcon.colcon_core.environment:checking '/home/dmantri/ardu3/install/motor_comm_interfaces/bin'
[3.481s] INFO:colcon.colcon_core.shell:Creating package script '/home/dmantri/ardu3/install/motor_comm_interfaces/share/motor_comm_interfaces/package.ps1'
[3.482s] INFO:colcon.colcon_core.shell:Creating package descriptor '/home/dmantri/ardu3/install/motor_comm_interfaces/share/motor_comm_interfaces/package.dsv'
[3.483s] INFO:colcon.colcon_core.shell:Creating package script '/home/dmantri/ardu3/install/motor_comm_interfaces/share/motor_comm_interfaces/package.sh'
[3.483s] INFO:colcon.colcon_core.shell:Creating package script '/home/dmantri/ardu3/install/motor_comm_interfaces/share/motor_comm_interfaces/package.bash'
[3.484s] INFO:colcon.colcon_core.shell:Creating package script '/home/dmantri/ardu3/install/motor_comm_interfaces/share/motor_comm_interfaces/package.zsh'
[3.485s] Level 1:colcon.colcon_core.environment:create_file_with_runtime_dependencies(/home/dmantri/ardu3/install/motor_comm_interfaces/share/colcon-core/packages/motor_comm_interfaces)
[3.486s] INFO:colcon.colcon_ros.task.ament_python.build:Building ROS package in '/home/dmantri/ardu3/src/ros2_arduino_comms' with build type 'ament_python'
[3.486s] Level 1:colcon.colcon_core.shell:create_environment_hook('ros2_arduino_comms', 'ament_prefix_path')
[3.486s] INFO:colcon.colcon_core.shell:Creating environment hook '/home/dmantri/ardu3/install/ros2_arduino_comms/share/ros2_arduino_comms/hook/ament_prefix_path.ps1'
[3.490s] INFO:colcon.colcon_core.shell:Creating environment descriptor '/home/dmantri/ardu3/install/ros2_arduino_comms/share/ros2_arduino_comms/hook/ament_prefix_path.dsv'
[3.491s] INFO:colcon.colcon_core.shell:Creating environment hook '/home/dmantri/ardu3/install/ros2_arduino_comms/share/ros2_arduino_comms/hook/ament_prefix_path.sh'
[3.492s] INFO:colcon.colcon_core.shell:Skip shell extension 'powershell' for command environment: Not usable outside of PowerShell
[3.492s] DEBUG:colcon.colcon_core.shell:Skip shell extension 'dsv' for command environment
[4.160s] INFO:colcon.colcon_core.task.python.build:Building Python package in '/home/dmantri/ardu3/src/ros2_arduino_comms'
[4.162s] INFO:colcon.colcon_core.shell:Skip shell extension 'powershell' for command environment: Not usable outside of PowerShell
[4.162s] DEBUG:colcon.colcon_core.shell:Skip shell extension 'dsv' for command environment
[5.393s] DEBUG:colcon.colcon_core.event_handler.log_command:Invoking command in '/home/dmantri/ardu3/src/ros2_arduino_comms': AMENT_PREFIX_PATH=/home/dmantri/ardu3/install/motor_comm_interfaces:${AMENT_PREFIX_PATH} CMAKE_PREFIX_PATH=/home/dmantri/ardu3/install/motor_comm_interfaces:${CMAKE_PREFIX_PATH} LD_LIBRARY_PATH=/home/dmantri/ardu3/install/motor_comm_interfaces/lib:${LD_LIBRARY_PATH} PYTHONPATH=/home/dmantri/ardu3/build/ros2_arduino_comms/prefix_override:/usr/lib/python3/dist-packages/colcon_core/task/python/colcon_distutils_commands:/home/dmantri/ardu3/install/ros2_arduino_comms/lib/python3.10/site-packages:/home/dmantri/ardu3/install/motor_comm_interfaces/local/lib/python3.10/dist-packages:${PYTHONPATH} /usr/bin/python3 -W ignore:setup.py install is deprecated setup.py egg_info --egg-base ../../build/ros2_arduino_comms build --build-base /home/dmantri/ardu3/build/ros2_arduino_comms/build install --record /home/dmantri/ardu3/build/ros2_arduino_comms/install.log --single-version-externally-managed install_data
[5.842s] Level 1:colcon.colcon_core.environment:checking '/home/dmantri/ardu3/install/ros2_arduino_comms' for CMake module files
[5.842s] DEBUG:colcon.colcon_core.event_handler.log_command:Invoked command in '/home/dmantri/ardu3/src/ros2_arduino_comms' returned '0': AMENT_PREFIX_PATH=/home/dmantri/ardu3/install/motor_comm_interfaces:${AMENT_PREFIX_PATH} CMAKE_PREFIX_PATH=/home/dmantri/ardu3/install/motor_comm_interfaces:${CMAKE_PREFIX_PATH} LD_LIBRARY_PATH=/home/dmantri/ardu3/install/motor_comm_interfaces/lib:${LD_LIBRARY_PATH} PYTHONPATH=/home/dmantri/ardu3/build/ros2_arduino_comms/prefix_override:/usr/lib/python3/dist-packages/colcon_core/task/python/colcon_distutils_commands:/home/dmantri/ardu3/install/ros2_arduino_comms/lib/python3.10/site-packages:/home/dmantri/ardu3/install/motor_comm_interfaces/local/lib/python3.10/dist-packages:${PYTHONPATH} /usr/bin/python3 -W ignore:setup.py install is deprecated setup.py egg_info --egg-base ../../build/ros2_arduino_comms build --build-base /home/dmantri/ardu3/build/ros2_arduino_comms/build install --record /home/dmantri/ardu3/build/ros2_arduino_comms/install.log --single-version-externally-managed install_data
[5.844s] Level 1:colcon.colcon_core.environment:checking '/home/dmantri/ardu3/install/ros2_arduino_comms' for CMake config files
[5.847s] Level 1:colcon.colcon_core.environment:checking '/home/dmantri/ardu3/install/ros2_arduino_comms/lib'
[5.848s] Level 1:colcon.colcon_core.environment:checking '/home/dmantri/ardu3/install/ros2_arduino_comms/bin'
[5.848s] Level 1:colcon.colcon_core.environment:checking '/home/dmantri/ardu3/install/ros2_arduino_comms/lib/pkgconfig/ros2_arduino_comms.pc'
[5.848s] Level 1:colcon.colcon_core.environment:checking '/home/dmantri/ardu3/install/ros2_arduino_comms/lib/python3.10/site-packages'
[5.848s] Level 1:colcon.colcon_core.shell:create_environment_hook('ros2_arduino_comms', 'pythonpath')
[5.848s] INFO:colcon.colcon_core.shell:Creating environment hook '/home/dmantri/ardu3/install/ros2_arduino_comms/share/ros2_arduino_comms/hook/pythonpath.ps1'
[5.849s] INFO:colcon.colcon_core.shell:Creating environment descriptor '/home/dmantri/ardu3/install/ros2_arduino_comms/share/ros2_arduino_comms/hook/pythonpath.dsv'
[5.849s] INFO:colcon.colcon_core.shell:Creating environment hook '/home/dmantri/ardu3/install/ros2_arduino_comms/share/ros2_arduino_comms/hook/pythonpath.sh'
[5.850s] Level 1:colcon.colcon_core.environment:checking '/home/dmantri/ardu3/install/ros2_arduino_comms/bin'
[5.850s] Level 1:colcon.colcon_core.environment:create_environment_scripts_only(ros2_arduino_comms)
[5.850s] INFO:colcon.colcon_core.shell:Creating package script '/home/dmantri/ardu3/install/ros2_arduino_comms/share/ros2_arduino_comms/package.ps1'
[5.851s] INFO:colcon.colcon_core.shell:Creating package descriptor '/home/dmantri/ardu3/install/ros2_arduino_comms/share/ros2_arduino_comms/package.dsv'
[5.851s] INFO:colcon.colcon_core.shell:Creating package script '/home/dmantri/ardu3/install/ros2_arduino_comms/share/ros2_arduino_comms/package.sh'
[5.852s] INFO:colcon.colcon_core.shell:Creating package script '/home/dmantri/ardu3/install/ros2_arduino_comms/share/ros2_arduino_comms/package.bash'
[5.852s] INFO:colcon.colcon_core.shell:Creating package script '/home/dmantri/ardu3/install/ros2_arduino_comms/share/ros2_arduino_comms/package.zsh'
[5.852s] Level 1:colcon.colcon_core.environment:create_file_with_runtime_dependencies(/home/dmantri/ardu3/install/ros2_arduino_comms/share/colcon-core/packages/ros2_arduino_comms)
[5.853s] DEBUG:colcon.colcon_parallel_executor.executor.parallel:closing loop
[5.855s] DEBUG:colcon.colcon_parallel_executor.executor.parallel:loop closed
[5.856s] DEBUG:colcon.colcon_parallel_executor.executor.parallel:run_until_complete finished with '0'
[5.856s] DEBUG:colcon.colcon_core.event_reactor:joining thread
[6.009s] INFO:colcon.colcon_core.plugin_system:Skipping extension 'colcon_notification.desktop_notification.notify_send': Could not find 'notify-send'
[6.010s] INFO:colcon.colcon_core.plugin_system:Skipping extension 'colcon_notification.desktop_notification.terminal_notifier': Not used on non-Darwin systems
[6.010s] INFO:colcon.colcon_core.plugin_system:Skipping extension 'colcon_notification.desktop_notification.win32': Not used on non-Windows systems
[6.010s] INFO:colcon.colcon_notification.desktop_notification:Sending desktop notification using 'notify2'
[6.010s] DEBUG:colcon.colcon_notification.desktop_notification.notify2:Failed to initialize notify2: org.freedesktop.DBus.Error.FileNotFound: Failed to connect to socket /run/user/1000/bus: No such file or directory
[6.010s] DEBUG:colcon.colcon_core.event_reactor:joined thread
[6.011s] INFO:colcon.colcon_core.shell:Creating prefix script '/home/dmantri/ardu3/install/local_setup.ps1'
[6.017s] INFO:colcon.colcon_core.shell:Creating prefix util module '/home/dmantri/ardu3/install/_local_setup_util_ps1.py'
[6.020s] INFO:colcon.colcon_core.shell:Creating prefix chain script '/home/dmantri/ardu3/install/setup.ps1'
[6.022s] INFO:colcon.colcon_core.shell:Creating prefix script '/home/dmantri/ardu3/install/local_setup.sh'
[6.024s] INFO:colcon.colcon_core.shell:Creating prefix util module '/home/dmantri/ardu3/install/_local_setup_util_sh.py'
[6.025s] INFO:colcon.colcon_core.shell:Creating prefix chain script '/home/dmantri/ardu3/install/setup.sh'
[6.027s] INFO:colcon.colcon_core.shell:Creating prefix script '/home/dmantri/ardu3/install/local_setup.bash'
[6.029s] INFO:colcon.colcon_core.shell:Creating prefix chain script '/home/dmantri/ardu3/install/setup.bash'
[6.031s] INFO:colcon.colcon_core.shell:Creating prefix script '/home/dmantri/ardu3/install/local_setup.zsh'
[6.033s] INFO:colcon.colcon_core.shell:Creating prefix chain script '/home/dmantri/ardu3/install/setup.zsh'
