running egg_info
creating ../../build/ros2_arduino_comms/ros2_arduino_comms.egg-info
writing ../../build/ros2_arduino_comms/ros2_arduino_comms.egg-info/PKG-INFO
writing dependency_links to ../../build/ros2_arduino_comms/ros2_arduino_comms.egg-info/dependency_links.txt
writing entry points to ../../build/ros2_arduino_comms/ros2_arduino_comms.egg-info/entry_points.txt
writing requirements to ../../build/ros2_arduino_comms/ros2_arduino_comms.egg-info/requires.txt
writing top-level names to ../../build/ros2_arduino_comms/ros2_arduino_comms.egg-info/top_level.txt
writing manifest file '../../build/ros2_arduino_comms/ros2_arduino_comms.egg-info/SOURCES.txt'
reading manifest file '../../build/ros2_arduino_comms/ros2_arduino_comms.egg-info/SOURCES.txt'
writing manifest file '../../build/ros2_arduino_comms/ros2_arduino_comms.egg-info/SOURCES.txt'
running build
running build_py
creating /home/dmantri/ardu3/build/ros2_arduino_comms/build
creating /home/dmantri/ardu3/build/ros2_arduino_comms/build/lib
creating /home/dmantri/ardu3/build/ros2_arduino_comms/build/lib/ros2_arduino_comms
copying ros2_arduino_comms/serial_node.py -> /home/dmantri/ardu3/build/ros2_arduino_comms/build/lib/ros2_arduino_comms
copying ros2_arduino_comms/__init__.py -> /home/dmantri/ardu3/build/ros2_arduino_comms/build/lib/ros2_arduino_comms
running install
running install_lib
creating /home/dmantri/ardu3/install/ros2_arduino_comms/lib/python3.10/site-packages/ros2_arduino_comms
copying /home/dmantri/ardu3/build/ros2_arduino_comms/build/lib/ros2_arduino_comms/serial_node.py -> /home/dmantri/ardu3/install/ros2_arduino_comms/lib/python3.10/site-packages/ros2_arduino_comms
copying /home/dmantri/ardu3/build/ros2_arduino_comms/build/lib/ros2_arduino_comms/__init__.py -> /home/dmantri/ardu3/install/ros2_arduino_comms/lib/python3.10/site-packages/ros2_arduino_comms
byte-compiling /home/dmantri/ardu3/install/ros2_arduino_comms/lib/python3.10/site-packages/ros2_arduino_comms/serial_node.py to serial_node.cpython-310.pyc
byte-compiling /home/dmantri/ardu3/install/ros2_arduino_comms/lib/python3.10/site-packages/ros2_arduino_comms/__init__.py to __init__.cpython-310.pyc
running install_data
creating /home/dmantri/ardu3/install/ros2_arduino_comms/share/ament_index
creating /home/dmantri/ardu3/install/ros2_arduino_comms/share/ament_index/resource_index
creating /home/dmantri/ardu3/install/ros2_arduino_comms/share/ament_index/resource_index/packages
copying resource/ros2_arduino_comms -> /home/dmantri/ardu3/install/ros2_arduino_comms/share/ament_index/resource_index/packages
copying package.xml -> /home/dmantri/ardu3/install/ros2_arduino_comms/share/ros2_arduino_comms
running install_egg_info
Copying ../../build/ros2_arduino_comms/ros2_arduino_comms.egg-info to /home/dmantri/ardu3/install/ros2_arduino_comms/lib/python3.10/site-packages/ros2_arduino_comms-0.0.0-py3.10.egg-info
running install_scripts
Installing light script to /home/dmantri/ardu3/install/ros2_arduino_comms/lib/ros2_arduino_comms
writing list of installed files to '/home/dmantri/ardu3/build/ros2_arduino_comms/install.log'
