[0.707s] Invoking command in '/home/dmantri/ardu3/build/ros2_arduino_comms': PYTHONPATH=/home/dmantri/ardu3/build/ros2_arduino_comms/prefix_override:/usr/lib/python3/dist-packages/colcon_core/task/python/colcon_distutils_commands:/home/dmantri/ardu3/install/ros2_arduino_comms/lib/python3.10/site-packages:${PYTHONPATH} /usr/bin/python3 -W ignore:setup.py install is deprecated setup.py develop --uninstall --editable --build-directory /home/dmantri/ardu3/build/ros2_arduino_comms/build
[0.984s] running develop
[0.984s] /usr/lib/python3/dist-packages/setuptools/command/easy_install.py:158: EasyInstallDeprecationWarning: easy_install command is deprecated. Use build and pip and other standards-based tools.
[0.985s]   warnings.warn(
[1.173s] Removing /home/dmantri/ardu3/install/ros2_arduino_comms/lib/python3.10/site-packages/ros2-arduino-comms.egg-link (link to .)
[1.218s] Invoked command in '/home/dmantri/ardu3/build/ros2_arduino_comms' returned '0': PYTHONPATH=/home/dmantri/ardu3/build/ros2_arduino_comms/prefix_override:/usr/lib/python3/dist-packages/colcon_core/task/python/colcon_distutils_commands:/home/dmantri/ardu3/install/ros2_arduino_comms/lib/python3.10/site-packages:${PYTHONPATH} /usr/bin/python3 -W ignore:setup.py install is deprecated setup.py develop --uninstall --editable --build-directory /home/dmantri/ardu3/build/ros2_arduino_comms/build
[1.221s] Invoking command in '/home/dmantri/ardu3/src/ros2_arduino_comms': PYTHONPATH=/home/dmantri/ardu3/build/ros2_arduino_comms/prefix_override:/usr/lib/python3/dist-packages/colcon_core/task/python/colcon_distutils_commands:/home/dmantri/ardu3/install/ros2_arduino_comms/lib/python3.10/site-packages:${PYTHONPATH} /usr/bin/python3 -W ignore:setup.py install is deprecated setup.py egg_info --egg-base ../../build/ros2_arduino_comms build --build-base /home/dmantri/ardu3/build/ros2_arduino_comms/build install --record /home/dmantri/ardu3/build/ros2_arduino_comms/install.log --single-version-externally-managed install_data --force
[1.474s] running egg_info
[1.475s] writing ../../build/ros2_arduino_comms/ros2_arduino_comms.egg-info/PKG-INFO
[1.475s] writing dependency_links to ../../build/ros2_arduino_comms/ros2_arduino_comms.egg-info/dependency_links.txt
[1.475s] writing entry points to ../../build/ros2_arduino_comms/ros2_arduino_comms.egg-info/entry_points.txt
[1.475s] writing requirements to ../../build/ros2_arduino_comms/ros2_arduino_comms.egg-info/requires.txt
[1.475s] writing top-level names to ../../build/ros2_arduino_comms/ros2_arduino_comms.egg-info/top_level.txt
[1.477s] reading manifest file '../../build/ros2_arduino_comms/ros2_arduino_comms.egg-info/SOURCES.txt'
[1.478s] writing manifest file '../../build/ros2_arduino_comms/ros2_arduino_comms.egg-info/SOURCES.txt'
[1.479s] running build
[1.479s] running build_py
[1.480s] running install
[1.480s] running install_lib
[1.480s] creating /home/dmantri/ardu3/install/ros2_arduino_comms/lib/python3.10/site-packages/ros2_arduino_comms
[1.480s] copying /home/dmantri/ardu3/build/ros2_arduino_comms/build/lib/ros2_arduino_comms/serial_node.py -> /home/dmantri/ardu3/install/ros2_arduino_comms/lib/python3.10/site-packages/ros2_arduino_comms
[1.481s] copying /home/dmantri/ardu3/build/ros2_arduino_comms/build/lib/ros2_arduino_comms/__init__.py -> /home/dmantri/ardu3/install/ros2_arduino_comms/lib/python3.10/site-packages/ros2_arduino_comms
[1.482s] byte-compiling /home/dmantri/ardu3/install/ros2_arduino_comms/lib/python3.10/site-packages/ros2_arduino_comms/serial_node.py to serial_node.cpython-310.pyc
[1.483s] byte-compiling /home/dmantri/ardu3/install/ros2_arduino_comms/lib/python3.10/site-packages/ros2_arduino_comms/__init__.py to __init__.cpython-310.pyc
[1.484s] running install_data
[1.484s] copying resource/ros2_arduino_comms -> /home/dmantri/ardu3/install/ros2_arduino_comms/share/ament_index/resource_index/packages
[1.484s] copying package.xml -> /home/dmantri/ardu3/install/ros2_arduino_comms/share/ros2_arduino_comms
[1.485s] running install_egg_info
[1.486s] Copying ../../build/ros2_arduino_comms/ros2_arduino_comms.egg-info to /home/dmantri/ardu3/install/ros2_arduino_comms/lib/python3.10/site-packages/ros2_arduino_comms-0.0.0-py3.10.egg-info
[1.487s] running install_scripts
[1.508s] Installing light script to /home/dmantri/ardu3/install/ros2_arduino_comms/lib/ros2_arduino_comms
[1.508s] writing list of installed files to '/home/dmantri/ardu3/build/ros2_arduino_comms/install.log'
[1.551s] Invoked command in '/home/dmantri/ardu3/src/ros2_arduino_comms' returned '0': PYTHONPATH=/home/dmantri/ardu3/build/ros2_arduino_comms/prefix_override:/usr/lib/python3/dist-packages/colcon_core/task/python/colcon_distutils_commands:/home/dmantri/ardu3/install/ros2_arduino_comms/lib/python3.10/site-packages:${PYTHONPATH} /usr/bin/python3 -W ignore:setup.py install is deprecated setup.py egg_info --egg-base ../../build/ros2_arduino_comms build --build-base /home/dmantri/ardu3/build/ros2_arduino_comms/build install --record /home/dmantri/ardu3/build/ros2_arduino_comms/install.log --single-version-externally-managed install_data --force
