[0.346s] DEBUG:colcon:Command line arguments: ['/usr/bin/colcon', 'build']
[0.346s] DEBUG:colcon:Parsed command line arguments: Namespace(log_base=None, log_level=None, verb_name='build', build_base='build', install_base='install', merge_install=False, symlink_install=False, test_result_base=None, continue_on_error=False, executor='parallel', parallel_workers=16, event_handlers=None, ignore_user_meta=False, metas=['./colcon.meta'], base_paths=['.'], packages_ignore=None, packages_ignore_regex=None, paths=None, packages_up_to=None, packages_up_to_regex=None, packages_above=None, packages_above_and_dependencies=None, packages_above_depth=None, packages_select_by_dep=None, packages_skip_by_dep=None, packages_skip_up_to=None, packages_select_build_failed=False, packages_skip_build_finished=False, packages_select_test_failures=False, packages_skip_test_passed=False, packages_select=None, packages_skip=None, packages_select_regex=None, packages_skip_regex=None, packages_start=None, packages_end=None, allow_overriding=[], cmake_args=None, cmake_target=None, cmake_target_skip_unavailable=False, cmake_clean_cache=False, cmake_clean_first=False, cmake_force_configure=False, ament_cmake_args=None, catkin_cmake_args=None, catkin_skip_building_tests=False, mixin_files=None, mixin=None, verb_parser=<colcon_mixin.mixin.mixin_argument.MixinArgumentDecorator object at 0x7f59cf93f760>, verb_extension=<colcon_core.verb.build.BuildVerb object at 0x7f59cf93eef0>, main=<bound method BuildVerb.main of <colcon_core.verb.build.BuildVerb object at 0x7f59cf93eef0>>, mixin_verb=('build',))
[0.554s] Level 1:colcon.colcon_core.package_discovery:discover_packages(colcon_meta) check parameters
[0.554s] Level 1:colcon.colcon_core.package_discovery:discover_packages(recursive) check parameters
[0.554s] Level 1:colcon.colcon_core.package_discovery:discover_packages(ignore) check parameters
[0.554s] Level 1:colcon.colcon_core.package_discovery:discover_packages(path) check parameters
[0.554s] Level 1:colcon.colcon_core.package_discovery:discover_packages(colcon_meta) discover
[0.554s] Level 1:colcon.colcon_core.package_discovery:discover_packages(recursive) discover
[0.554s] INFO:colcon.colcon_core.package_discovery:Crawling recursively for packages in '/home/dmantri/ardu3'
[0.554s] Level 1:colcon.colcon_core.package_identification:_identify(.) by extensions ['ignore', 'ignore_ament_install']
[0.554s] Level 1:colcon.colcon_core.package_identification:_identify(.) by extension 'ignore'
[0.554s] Level 1:colcon.colcon_core.package_identification:_identify(.) by extension 'ignore_ament_install'
[0.554s] Level 1:colcon.colcon_core.package_identification:_identify(.) by extensions ['colcon_pkg']
[0.554s] Level 1:colcon.colcon_core.package_identification:_identify(.) by extension 'colcon_pkg'
[0.554s] Level 1:colcon.colcon_core.package_identification:_identify(.) by extensions ['colcon_meta']
[0.554s] Level 1:colcon.colcon_core.package_identification:_identify(.) by extension 'colcon_meta'
[0.555s] Level 1:colcon.colcon_core.package_identification:_identify(.) by extensions ['ros']
[0.555s] Level 1:colcon.colcon_core.package_identification:_identify(.) by extension 'ros'
[0.567s] Level 1:colcon.colcon_core.package_identification:_identify(.) by extensions ['cmake', 'python']
[0.567s] Level 1:colcon.colcon_core.package_identification:_identify(.) by extension 'cmake'
[0.567s] Level 1:colcon.colcon_core.package_identification:_identify(.) by extension 'python'
[0.567s] Level 1:colcon.colcon_core.package_identification:_identify(.) by extensions ['python_setup_py']
[0.567s] Level 1:colcon.colcon_core.package_identification:_identify(.) by extension 'python_setup_py'
[0.567s] Level 1:colcon.colcon_core.package_identification:_identify(build) by extensions ['ignore', 'ignore_ament_install']
[0.568s] Level 1:colcon.colcon_core.package_identification:_identify(build) by extension 'ignore'
[0.568s] Level 1:colcon.colcon_core.package_identification:_identify(build) ignored
[0.568s] Level 1:colcon.colcon_core.package_identification:_identify(install) by extensions ['ignore', 'ignore_ament_install']
[0.568s] Level 1:colcon.colcon_core.package_identification:_identify(install) by extension 'ignore'
[0.568s] Level 1:colcon.colcon_core.package_identification:_identify(install) ignored
[0.568s] Level 1:colcon.colcon_core.package_identification:_identify(log) by extensions ['ignore', 'ignore_ament_install']
[0.568s] Level 1:colcon.colcon_core.package_identification:_identify(log) by extension 'ignore'
[0.568s] Level 1:colcon.colcon_core.package_identification:_identify(log) ignored
[0.568s] Level 1:colcon.colcon_core.package_identification:_identify(src) by extensions ['ignore', 'ignore_ament_install']
[0.568s] Level 1:colcon.colcon_core.package_identification:_identify(src) by extension 'ignore'
[0.568s] Level 1:colcon.colcon_core.package_identification:_identify(src) by extension 'ignore_ament_install'
[0.568s] Level 1:colcon.colcon_core.package_identification:_identify(src) by extensions ['colcon_pkg']
[0.568s] Level 1:colcon.colcon_core.package_identification:_identify(src) by extension 'colcon_pkg'
[0.569s] Level 1:colcon.colcon_core.package_identification:_identify(src) by extensions ['colcon_meta']
[0.569s] Level 1:colcon.colcon_core.package_identification:_identify(src) by extension 'colcon_meta'
[0.569s] Level 1:colcon.colcon_core.package_identification:_identify(src) by extensions ['ros']
[0.569s] Level 1:colcon.colcon_core.package_identification:_identify(src) by extension 'ros'
[0.569s] Level 1:colcon.colcon_core.package_identification:_identify(src) by extensions ['cmake', 'python']
[0.569s] Level 1:colcon.colcon_core.package_identification:_identify(src) by extension 'cmake'
[0.569s] Level 1:colcon.colcon_core.package_identification:_identify(src) by extension 'python'
[0.569s] Level 1:colcon.colcon_core.package_identification:_identify(src) by extensions ['python_setup_py']
[0.569s] Level 1:colcon.colcon_core.package_identification:_identify(src) by extension 'python_setup_py'
[0.569s] Level 1:colcon.colcon_core.package_identification:_identify(src/motor_comm_interfaces) by extensions ['ignore', 'ignore_ament_install']
[0.569s] Level 1:colcon.colcon_core.package_identification:_identify(src/motor_comm_interfaces) by extension 'ignore'
[0.569s] Level 1:colcon.colcon_core.package_identification:_identify(src/motor_comm_interfaces) by extension 'ignore_ament_install'
[0.569s] Level 1:colcon.colcon_core.package_identification:_identify(src/motor_comm_interfaces) by extensions ['colcon_pkg']
[0.569s] Level 1:colcon.colcon_core.package_identification:_identify(src/motor_comm_interfaces) by extension 'colcon_pkg'
[0.569s] Level 1:colcon.colcon_core.package_identification:_identify(src/motor_comm_interfaces) by extensions ['colcon_meta']
[0.569s] Level 1:colcon.colcon_core.package_identification:_identify(src/motor_comm_interfaces) by extension 'colcon_meta'
[0.569s] Level 1:colcon.colcon_core.package_identification:_identify(src/motor_comm_interfaces) by extensions ['ros']
[0.569s] Level 1:colcon.colcon_core.package_identification:_identify(src/motor_comm_interfaces) by extension 'ros'
[0.573s] DEBUG:colcon.colcon_core.package_identification:Package 'src/motor_comm_interfaces' with type 'ros.ament_cmake' and name 'motor_comm_interfaces'
[0.573s] Level 1:colcon.colcon_core.package_identification:_identify(src/ros2_arduino_comms) by extensions ['ignore', 'ignore_ament_install']
[0.573s] Level 1:colcon.colcon_core.package_identification:_identify(src/ros2_arduino_comms) by extension 'ignore'
[0.573s] Level 1:colcon.colcon_core.package_identification:_identify(src/ros2_arduino_comms) by extension 'ignore_ament_install'
[0.573s] Level 1:colcon.colcon_core.package_identification:_identify(src/ros2_arduino_comms) by extensions ['colcon_pkg']
[0.573s] Level 1:colcon.colcon_core.package_identification:_identify(src/ros2_arduino_comms) by extension 'colcon_pkg'
[0.574s] Level 1:colcon.colcon_core.package_identification:_identify(src/ros2_arduino_comms) by extensions ['colcon_meta']
[0.574s] Level 1:colcon.colcon_core.package_identification:_identify(src/ros2_arduino_comms) by extension 'colcon_meta'
[0.574s] Level 1:colcon.colcon_core.package_identification:_identify(src/ros2_arduino_comms) by extensions ['ros']
[0.574s] Level 1:colcon.colcon_core.package_identification:_identify(src/ros2_arduino_comms) by extension 'ros'
[0.574s] DEBUG:colcon.colcon_core.package_identification:Package 'src/ros2_arduino_comms' with type 'ros.ament_python' and name 'ros2_arduino_comms'
[0.574s] Level 1:colcon.colcon_core.package_discovery:discover_packages(recursive) using defaults
[0.574s] Level 1:colcon.colcon_core.package_discovery:discover_packages(ignore) discover
[0.574s] Level 1:colcon.colcon_core.package_discovery:discover_packages(ignore) using defaults
[0.574s] Level 1:colcon.colcon_core.package_discovery:discover_packages(path) discover
[0.574s] Level 1:colcon.colcon_core.package_discovery:discover_packages(path) using defaults
[0.613s] Level 1:colcon.colcon_core.package_discovery:discover_packages(prefix_path) check parameters
[0.613s] Level 1:colcon.colcon_core.package_discovery:discover_packages(prefix_path) discover
[0.621s] DEBUG:colcon.colcon_installed_package_information.package_discovery:Found 1 installed packages in /home/dmantri/ros2_ws/install
[0.622s] DEBUG:colcon.colcon_installed_package_information.package_discovery:Found 1 installed packages in /home/dmantri/simulation_docker/ros2ws/install
[0.623s] DEBUG:colcon.colcon_installed_package_information.package_discovery:Found 314 installed packages in /opt/ros/humble
[0.625s] Level 1:colcon.colcon_core.package_discovery:discover_packages(prefix_path) using defaults
[0.681s] Level 5:colcon.colcon_core.verb:set package 'motor_comm_interfaces' build argument 'cmake_args' from command line to 'None'
[0.681s] Level 5:colcon.colcon_core.verb:set package 'motor_comm_interfaces' build argument 'cmake_target' from command line to 'None'
[0.681s] Level 5:colcon.colcon_core.verb:set package 'motor_comm_interfaces' build argument 'cmake_target_skip_unavailable' from command line to 'False'
[0.681s] Level 5:colcon.colcon_core.verb:set package 'motor_comm_interfaces' build argument 'cmake_clean_cache' from command line to 'False'
[0.681s] Level 5:colcon.colcon_core.verb:set package 'motor_comm_interfaces' build argument 'cmake_clean_first' from command line to 'False'
[0.681s] Level 5:colcon.colcon_core.verb:set package 'motor_comm_interfaces' build argument 'cmake_force_configure' from command line to 'False'
[0.681s] Level 5:colcon.colcon_core.verb:set package 'motor_comm_interfaces' build argument 'ament_cmake_args' from command line to 'None'
[0.681s] Level 5:colcon.colcon_core.verb:set package 'motor_comm_interfaces' build argument 'catkin_cmake_args' from command line to 'None'
[0.681s] Level 5:colcon.colcon_core.verb:set package 'motor_comm_interfaces' build argument 'catkin_skip_building_tests' from command line to 'False'
[0.682s] DEBUG:colcon.colcon_core.verb:Building package 'motor_comm_interfaces' with the following arguments: {'ament_cmake_args': None, 'build_base': '/home/dmantri/ardu3/build/motor_comm_interfaces', 'catkin_cmake_args': None, 'catkin_skip_building_tests': False, 'cmake_args': None, 'cmake_clean_cache': False, 'cmake_clean_first': False, 'cmake_force_configure': False, 'cmake_target': None, 'cmake_target_skip_unavailable': False, 'install_base': '/home/dmantri/ardu3/install/motor_comm_interfaces', 'merge_install': False, 'path': '/home/dmantri/ardu3/src/motor_comm_interfaces', 'symlink_install': False, 'test_result_base': None}
[0.682s] Level 5:colcon.colcon_core.verb:set package 'ros2_arduino_comms' build argument 'cmake_args' from command line to 'None'
[0.682s] Level 5:colcon.colcon_core.verb:set package 'ros2_arduino_comms' build argument 'cmake_target' from command line to 'None'
[0.682s] Level 5:colcon.colcon_core.verb:set package 'ros2_arduino_comms' build argument 'cmake_target_skip_unavailable' from command line to 'False'
[0.682s] Level 5:colcon.colcon_core.verb:set package 'ros2_arduino_comms' build argument 'cmake_clean_cache' from command line to 'False'
[0.682s] Level 5:colcon.colcon_core.verb:set package 'ros2_arduino_comms' build argument 'cmake_clean_first' from command line to 'False'
[0.682s] Level 5:colcon.colcon_core.verb:set package 'ros2_arduino_comms' build argument 'cmake_force_configure' from command line to 'False'
[0.682s] Level 5:colcon.colcon_core.verb:set package 'ros2_arduino_comms' build argument 'ament_cmake_args' from command line to 'None'
[0.682s] Level 5:colcon.colcon_core.verb:set package 'ros2_arduino_comms' build argument 'catkin_cmake_args' from command line to 'None'
[0.682s] Level 5:colcon.colcon_core.verb:set package 'ros2_arduino_comms' build argument 'catkin_skip_building_tests' from command line to 'False'
[0.682s] DEBUG:colcon.colcon_core.verb:Building package 'ros2_arduino_comms' with the following arguments: {'ament_cmake_args': None, 'build_base': '/home/dmantri/ardu3/build/ros2_arduino_comms', 'catkin_cmake_args': None, 'catkin_skip_building_tests': False, 'cmake_args': None, 'cmake_clean_cache': False, 'cmake_clean_first': False, 'cmake_force_configure': False, 'cmake_target': None, 'cmake_target_skip_unavailable': False, 'install_base': '/home/dmantri/ardu3/install/ros2_arduino_comms', 'merge_install': False, 'path': '/home/dmantri/ardu3/src/ros2_arduino_comms', 'symlink_install': False, 'test_result_base': None}
[0.682s] INFO:colcon.colcon_core.executor:Executing jobs using 'parallel' executor
[0.684s] DEBUG:colcon.colcon_parallel_executor.executor.parallel:run_until_complete
[0.684s] INFO:colcon.colcon_ros.task.ament_cmake.build:Building ROS package in '/home/dmantri/ardu3/src/motor_comm_interfaces' with build type 'ament_cmake'
[0.685s] INFO:colcon.colcon_cmake.task.cmake.build:Building CMake package in '/home/dmantri/ardu3/src/motor_comm_interfaces'
[0.693s] INFO:colcon.colcon_core.plugin_system:Skipping extension 'colcon_core.shell.bat': Not used on non-Windows systems
[0.694s] INFO:colcon.colcon_core.shell:Skip shell extension 'powershell' for command environment: Not usable outside of PowerShell
[0.694s] DEBUG:colcon.colcon_core.shell:Skip shell extension 'dsv' for command environment
[0.711s] DEBUG:colcon.colcon_core.event_handler.log_command:Invoking command in '/home/dmantri/ardu3/build/motor_comm_interfaces': CMAKE_PREFIX_PATH=${CMAKE_PREFIX_PATH}:/home/dmantri/simulation_docker/ros2ws/install/gzsim:/opt/ros/humble /usr/bin/cmake --build /home/dmantri/ardu3/build/motor_comm_interfaces -- -j16 -l16
[1.306s] DEBUG:colcon.colcon_core.event_handler.log_command:Invoked command in '/home/dmantri/ardu3/build/motor_comm_interfaces' returned '0': CMAKE_PREFIX_PATH=${CMAKE_PREFIX_PATH}:/home/dmantri/simulation_docker/ros2ws/install/gzsim:/opt/ros/humble /usr/bin/cmake --build /home/dmantri/ardu3/build/motor_comm_interfaces -- -j16 -l16
[1.441s] DEBUG:colcon.colcon_core.event_handler.log_command:Invoking command in '/home/dmantri/ardu3/build/motor_comm_interfaces': CMAKE_PREFIX_PATH=${CMAKE_PREFIX_PATH}:/home/dmantri/simulation_docker/ros2ws/install/gzsim:/opt/ros/humble /usr/bin/cmake --install /home/dmantri/ardu3/build/motor_comm_interfaces
[1.545s] Level 1:colcon.colcon_core.environment:create_environment_scripts_only(motor_comm_interfaces)
[1.546s] DEBUG:colcon.colcon_core.event_handler.log_command:Invoked command in '/home/dmantri/ardu3/build/motor_comm_interfaces' returned '0': CMAKE_PREFIX_PATH=${CMAKE_PREFIX_PATH}:/home/dmantri/simulation_docker/ros2ws/install/gzsim:/opt/ros/humble /usr/bin/cmake --install /home/dmantri/ardu3/build/motor_comm_interfaces
[1.554s] Level 1:colcon.colcon_core.environment:checking '/home/dmantri/ardu3/install/motor_comm_interfaces' for CMake module files
[1.555s] Level 1:colcon.colcon_core.environment:checking '/home/dmantri/ardu3/install/motor_comm_interfaces' for CMake config files
[1.556s] Level 1:colcon.colcon_core.shell:create_environment_hook('motor_comm_interfaces', 'cmake_prefix_path')
[1.556s] INFO:colcon.colcon_core.shell:Creating environment hook '/home/dmantri/ardu3/install/motor_comm_interfaces/share/motor_comm_interfaces/hook/cmake_prefix_path.ps1'
[1.557s] INFO:colcon.colcon_core.shell:Creating environment descriptor '/home/dmantri/ardu3/install/motor_comm_interfaces/share/motor_comm_interfaces/hook/cmake_prefix_path.dsv'
[1.559s] INFO:colcon.colcon_core.shell:Creating environment hook '/home/dmantri/ardu3/install/motor_comm_interfaces/share/motor_comm_interfaces/hook/cmake_prefix_path.sh'
[1.560s] Level 1:colcon.colcon_core.environment:checking '/home/dmantri/ardu3/install/motor_comm_interfaces/lib'
[1.560s] Level 1:colcon.colcon_core.shell:create_environment_hook('motor_comm_interfaces', 'ld_library_path_lib')
[1.560s] INFO:colcon.colcon_core.shell:Creating environment hook '/home/dmantri/ardu3/install/motor_comm_interfaces/share/motor_comm_interfaces/hook/ld_library_path_lib.ps1'
[1.561s] INFO:colcon.colcon_core.shell:Creating environment descriptor '/home/dmantri/ardu3/install/motor_comm_interfaces/share/motor_comm_interfaces/hook/ld_library_path_lib.dsv'
[1.561s] INFO:colcon.colcon_core.shell:Creating environment hook '/home/dmantri/ardu3/install/motor_comm_interfaces/share/motor_comm_interfaces/hook/ld_library_path_lib.sh'
[1.562s] Level 1:colcon.colcon_core.environment:checking '/home/dmantri/ardu3/install/motor_comm_interfaces/bin'
[1.562s] Level 1:colcon.colcon_core.environment:checking '/home/dmantri/ardu3/install/motor_comm_interfaces/lib/pkgconfig/motor_comm_interfaces.pc'
[1.562s] Level 1:colcon.colcon_core.environment:checking '/home/dmantri/ardu3/install/motor_comm_interfaces/lib/python3.10/site-packages'
[1.562s] Level 1:colcon.colcon_core.environment:checking '/home/dmantri/ardu3/install/motor_comm_interfaces/bin'
[1.563s] INFO:colcon.colcon_core.shell:Creating package script '/home/dmantri/ardu3/install/motor_comm_interfaces/share/motor_comm_interfaces/package.ps1'
[1.567s] INFO:colcon.colcon_core.shell:Creating package descriptor '/home/dmantri/ardu3/install/motor_comm_interfaces/share/motor_comm_interfaces/package.dsv'
[1.568s] INFO:colcon.colcon_core.shell:Creating package script '/home/dmantri/ardu3/install/motor_comm_interfaces/share/motor_comm_interfaces/package.sh'
[1.570s] INFO:colcon.colcon_core.shell:Creating package script '/home/dmantri/ardu3/install/motor_comm_interfaces/share/motor_comm_interfaces/package.bash'
[1.572s] INFO:colcon.colcon_core.shell:Creating package script '/home/dmantri/ardu3/install/motor_comm_interfaces/share/motor_comm_interfaces/package.zsh'
[1.575s] Level 1:colcon.colcon_core.environment:create_file_with_runtime_dependencies(/home/dmantri/ardu3/install/motor_comm_interfaces/share/colcon-core/packages/motor_comm_interfaces)
[1.705s] Level 1:colcon.colcon_core.environment:create_environment_scripts_only(motor_comm_interfaces)
[1.706s] Level 1:colcon.colcon_core.environment:checking '/home/dmantri/ardu3/install/motor_comm_interfaces' for CMake module files
[1.706s] Level 1:colcon.colcon_core.environment:checking '/home/dmantri/ardu3/install/motor_comm_interfaces' for CMake config files
[1.707s] Level 1:colcon.colcon_core.shell:create_environment_hook('motor_comm_interfaces', 'cmake_prefix_path')
[1.707s] INFO:colcon.colcon_core.shell:Creating environment hook '/home/dmantri/ardu3/install/motor_comm_interfaces/share/motor_comm_interfaces/hook/cmake_prefix_path.ps1'
[1.707s] INFO:colcon.colcon_core.shell:Creating environment descriptor '/home/dmantri/ardu3/install/motor_comm_interfaces/share/motor_comm_interfaces/hook/cmake_prefix_path.dsv'
[1.708s] INFO:colcon.colcon_core.shell:Creating environment hook '/home/dmantri/ardu3/install/motor_comm_interfaces/share/motor_comm_interfaces/hook/cmake_prefix_path.sh'
[1.708s] Level 1:colcon.colcon_core.environment:checking '/home/dmantri/ardu3/install/motor_comm_interfaces/lib'
[1.709s] Level 1:colcon.colcon_core.shell:create_environment_hook('motor_comm_interfaces', 'ld_library_path_lib')
[1.709s] INFO:colcon.colcon_core.shell:Creating environment hook '/home/dmantri/ardu3/install/motor_comm_interfaces/share/motor_comm_interfaces/hook/ld_library_path_lib.ps1'
[1.709s] INFO:colcon.colcon_core.shell:Creating environment descriptor '/home/dmantri/ardu3/install/motor_comm_interfaces/share/motor_comm_interfaces/hook/ld_library_path_lib.dsv'
[1.710s] INFO:colcon.colcon_core.shell:Creating environment hook '/home/dmantri/ardu3/install/motor_comm_interfaces/share/motor_comm_interfaces/hook/ld_library_path_lib.sh'
[1.710s] Level 1:colcon.colcon_core.environment:checking '/home/dmantri/ardu3/install/motor_comm_interfaces/bin'
[1.710s] Level 1:colcon.colcon_core.environment:checking '/home/dmantri/ardu3/install/motor_comm_interfaces/lib/pkgconfig/motor_comm_interfaces.pc'
[1.710s] Level 1:colcon.colcon_core.environment:checking '/home/dmantri/ardu3/install/motor_comm_interfaces/lib/python3.10/site-packages'
[1.711s] Level 1:colcon.colcon_core.environment:checking '/home/dmantri/ardu3/install/motor_comm_interfaces/bin'
[1.711s] INFO:colcon.colcon_core.shell:Creating package script '/home/dmantri/ardu3/install/motor_comm_interfaces/share/motor_comm_interfaces/package.ps1'
[1.711s] INFO:colcon.colcon_core.shell:Creating package descriptor '/home/dmantri/ardu3/install/motor_comm_interfaces/share/motor_comm_interfaces/package.dsv'
[1.712s] INFO:colcon.colcon_core.shell:Creating package script '/home/dmantri/ardu3/install/motor_comm_interfaces/share/motor_comm_interfaces/package.sh'
[1.712s] INFO:colcon.colcon_core.shell:Creating package script '/home/dmantri/ardu3/install/motor_comm_interfaces/share/motor_comm_interfaces/package.bash'
[1.713s] INFO:colcon.colcon_core.shell:Creating package script '/home/dmantri/ardu3/install/motor_comm_interfaces/share/motor_comm_interfaces/package.zsh'
[1.714s] Level 1:colcon.colcon_core.environment:create_file_with_runtime_dependencies(/home/dmantri/ardu3/install/motor_comm_interfaces/share/colcon-core/packages/motor_comm_interfaces)
[1.714s] INFO:colcon.colcon_ros.task.ament_python.build:Building ROS package in '/home/dmantri/ardu3/src/ros2_arduino_comms' with build type 'ament_python'
[1.714s] Level 1:colcon.colcon_core.shell:create_environment_hook('ros2_arduino_comms', 'ament_prefix_path')
[1.715s] INFO:colcon.colcon_core.shell:Creating environment hook '/home/dmantri/ardu3/install/ros2_arduino_comms/share/ros2_arduino_comms/hook/ament_prefix_path.ps1'
[1.717s] INFO:colcon.colcon_core.shell:Creating environment descriptor '/home/dmantri/ardu3/install/ros2_arduino_comms/share/ros2_arduino_comms/hook/ament_prefix_path.dsv'
[1.718s] INFO:colcon.colcon_core.shell:Creating environment hook '/home/dmantri/ardu3/install/ros2_arduino_comms/share/ros2_arduino_comms/hook/ament_prefix_path.sh'
[1.719s] INFO:colcon.colcon_core.shell:Skip shell extension 'powershell' for command environment: Not usable outside of PowerShell
[1.720s] DEBUG:colcon.colcon_core.shell:Skip shell extension 'dsv' for command environment
[2.339s] INFO:colcon.colcon_core.task.python.build:Building Python package in '/home/dmantri/ardu3/src/ros2_arduino_comms'
[2.340s] INFO:colcon.colcon_core.shell:Skip shell extension 'powershell' for command environment: Not usable outside of PowerShell
[2.340s] DEBUG:colcon.colcon_core.shell:Skip shell extension 'dsv' for command environment
[3.515s] DEBUG:colcon.colcon_core.event_handler.log_command:Invoking command in '/home/dmantri/ardu3/src/ros2_arduino_comms': AMENT_PREFIX_PATH=/home/dmantri/ardu3/install/motor_comm_interfaces:${AMENT_PREFIX_PATH} CMAKE_PREFIX_PATH=/home/dmantri/ardu3/install/motor_comm_interfaces:${CMAKE_PREFIX_PATH} LD_LIBRARY_PATH=/home/dmantri/ardu3/install/motor_comm_interfaces/lib:${LD_LIBRARY_PATH} PYTHONPATH=/home/dmantri/ardu3/build/ros2_arduino_comms/prefix_override:/usr/lib/python3/dist-packages/colcon_core/task/python/colcon_distutils_commands:/home/dmantri/ardu3/install/ros2_arduino_comms/lib/python3.10/site-packages:/home/dmantri/ardu3/install/motor_comm_interfaces/local/lib/python3.10/dist-packages:${PYTHONPATH} /usr/bin/python3 -W ignore:setup.py install is deprecated setup.py egg_info --egg-base ../../build/ros2_arduino_comms build --build-base /home/dmantri/ardu3/build/ros2_arduino_comms/build install --record /home/dmantri/ardu3/build/ros2_arduino_comms/install.log --single-version-externally-managed install_data
[3.870s] Level 1:colcon.colcon_core.environment:checking '/home/dmantri/ardu3/install/ros2_arduino_comms' for CMake module files
[3.872s] DEBUG:colcon.colcon_core.event_handler.log_command:Invoked command in '/home/dmantri/ardu3/src/ros2_arduino_comms' returned '0': AMENT_PREFIX_PATH=/home/dmantri/ardu3/install/motor_comm_interfaces:${AMENT_PREFIX_PATH} CMAKE_PREFIX_PATH=/home/dmantri/ardu3/install/motor_comm_interfaces:${CMAKE_PREFIX_PATH} LD_LIBRARY_PATH=/home/dmantri/ardu3/install/motor_comm_interfaces/lib:${LD_LIBRARY_PATH} PYTHONPATH=/home/dmantri/ardu3/build/ros2_arduino_comms/prefix_override:/usr/lib/python3/dist-packages/colcon_core/task/python/colcon_distutils_commands:/home/dmantri/ardu3/install/ros2_arduino_comms/lib/python3.10/site-packages:/home/dmantri/ardu3/install/motor_comm_interfaces/local/lib/python3.10/dist-packages:${PYTHONPATH} /usr/bin/python3 -W ignore:setup.py install is deprecated setup.py egg_info --egg-base ../../build/ros2_arduino_comms build --build-base /home/dmantri/ardu3/build/ros2_arduino_comms/build install --record /home/dmantri/ardu3/build/ros2_arduino_comms/install.log --single-version-externally-managed install_data
[3.872s] Level 1:colcon.colcon_core.environment:checking '/home/dmantri/ardu3/install/ros2_arduino_comms' for CMake config files
[3.873s] Level 1:colcon.colcon_core.environment:checking '/home/dmantri/ardu3/install/ros2_arduino_comms/lib'
[3.873s] Level 1:colcon.colcon_core.environment:checking '/home/dmantri/ardu3/install/ros2_arduino_comms/bin'
[3.873s] Level 1:colcon.colcon_core.environment:checking '/home/dmantri/ardu3/install/ros2_arduino_comms/lib/pkgconfig/ros2_arduino_comms.pc'
[3.873s] Level 1:colcon.colcon_core.environment:checking '/home/dmantri/ardu3/install/ros2_arduino_comms/lib/python3.10/site-packages'
[3.874s] Level 1:colcon.colcon_core.shell:create_environment_hook('ros2_arduino_comms', 'pythonpath')
[3.874s] INFO:colcon.colcon_core.shell:Creating environment hook '/home/dmantri/ardu3/install/ros2_arduino_comms/share/ros2_arduino_comms/hook/pythonpath.ps1'
[3.874s] INFO:colcon.colcon_core.shell:Creating environment descriptor '/home/dmantri/ardu3/install/ros2_arduino_comms/share/ros2_arduino_comms/hook/pythonpath.dsv'
[3.875s] INFO:colcon.colcon_core.shell:Creating environment hook '/home/dmantri/ardu3/install/ros2_arduino_comms/share/ros2_arduino_comms/hook/pythonpath.sh'
[3.876s] Level 1:colcon.colcon_core.environment:checking '/home/dmantri/ardu3/install/ros2_arduino_comms/bin'
[3.876s] Level 1:colcon.colcon_core.environment:create_environment_scripts_only(ros2_arduino_comms)
[3.876s] INFO:colcon.colcon_core.shell:Creating package script '/home/dmantri/ardu3/install/ros2_arduino_comms/share/ros2_arduino_comms/package.ps1'
[3.877s] INFO:colcon.colcon_core.shell:Creating package descriptor '/home/dmantri/ardu3/install/ros2_arduino_comms/share/ros2_arduino_comms/package.dsv'
[3.878s] INFO:colcon.colcon_core.shell:Creating package script '/home/dmantri/ardu3/install/ros2_arduino_comms/share/ros2_arduino_comms/package.sh'
[3.878s] INFO:colcon.colcon_core.shell:Creating package script '/home/dmantri/ardu3/install/ros2_arduino_comms/share/ros2_arduino_comms/package.bash'
[3.879s] INFO:colcon.colcon_core.shell:Creating package script '/home/dmantri/ardu3/install/ros2_arduino_comms/share/ros2_arduino_comms/package.zsh'
[3.879s] Level 1:colcon.colcon_core.environment:create_file_with_runtime_dependencies(/home/dmantri/ardu3/install/ros2_arduino_comms/share/colcon-core/packages/ros2_arduino_comms)
[3.880s] DEBUG:colcon.colcon_parallel_executor.executor.parallel:closing loop
[3.881s] DEBUG:colcon.colcon_parallel_executor.executor.parallel:loop closed
[3.882s] DEBUG:colcon.colcon_parallel_executor.executor.parallel:run_until_complete finished with '0'
[3.882s] DEBUG:colcon.colcon_core.event_reactor:joining thread
[3.974s] INFO:colcon.colcon_core.plugin_system:Skipping extension 'colcon_notification.desktop_notification.notify_send': Could not find 'notify-send'
[3.975s] INFO:colcon.colcon_core.plugin_system:Skipping extension 'colcon_notification.desktop_notification.terminal_notifier': Not used on non-Darwin systems
[3.975s] INFO:colcon.colcon_core.plugin_system:Skipping extension 'colcon_notification.desktop_notification.win32': Not used on non-Windows systems
[3.975s] INFO:colcon.colcon_notification.desktop_notification:Sending desktop notification using 'notify2'
[3.995s] DEBUG:colcon.colcon_notification.desktop_notification.notify2:Failed to initialize notify2: org.freedesktop.DBus.Error.ServiceUnknown: The name org.freedesktop.Notifications was not provided by any .service files
[3.996s] DEBUG:colcon.colcon_core.event_reactor:joined thread
[3.996s] INFO:colcon.colcon_core.shell:Creating prefix script '/home/dmantri/ardu3/install/local_setup.ps1'
[3.998s] INFO:colcon.colcon_core.shell:Creating prefix util module '/home/dmantri/ardu3/install/_local_setup_util_ps1.py'
[4.000s] INFO:colcon.colcon_core.shell:Creating prefix chain script '/home/dmantri/ardu3/install/setup.ps1'
[4.002s] INFO:colcon.colcon_core.shell:Creating prefix script '/home/dmantri/ardu3/install/local_setup.sh'
[4.005s] INFO:colcon.colcon_core.shell:Creating prefix util module '/home/dmantri/ardu3/install/_local_setup_util_sh.py'
[4.007s] INFO:colcon.colcon_core.shell:Creating prefix chain script '/home/dmantri/ardu3/install/setup.sh'
[4.010s] INFO:colcon.colcon_core.shell:Creating prefix script '/home/dmantri/ardu3/install/local_setup.bash'
[4.013s] INFO:colcon.colcon_core.shell:Creating prefix chain script '/home/dmantri/ardu3/install/setup.bash'
[4.016s] INFO:colcon.colcon_core.shell:Creating prefix script '/home/dmantri/ardu3/install/local_setup.zsh'
[4.018s] INFO:colcon.colcon_core.shell:Creating prefix chain script '/home/dmantri/ardu3/install/setup.zsh'
