[0.433s] DEBUG:colcon:Command line arguments: ['/usr/bin/colcon', 'list', '-p', '--base-paths', '/home/dmantri/ardu3']
[0.434s] DEBUG:colcon:Parsed command line arguments: Namespace(log_base=None, log_level=None, verb_name='list', build_base='build', ignore_user_meta=False, metas=['./colcon.meta'], base_paths=['/home/dmantri/ardu3'], packages_ignore=None, packages_ignore_regex=None, paths=None, packages_up_to=None, packages_up_to_regex=None, packages_above=None, packages_above_and_dependencies=None, packages_above_depth=None, packages_select_by_dep=None, packages_skip_by_dep=None, packages_skip_up_to=None, packages_select_build_failed=False, packages_skip_build_finished=False, packages_select_test_failures=False, packages_skip_test_passed=False, packages_select=None, packages_skip=None, packages_select_regex=None, packages_skip_regex=None, packages_start=None, packages_end=None, allow_overriding=[], topological_order=False, names_only=False, paths_only=True, topological_graph=False, topological_graph_dot=False, topological_graph_density=False, topological_graph_legend=False, topological_graph_dot_cluster=False, topological_graph_dot_include_skipped=False, mixin_files=None, mixin=None, verb_parser=<colcon_mixin.mixin.mixin_argument.MixinArgumentDecorator object at 0x7ff2ac48c040>, verb_extension=<colcon_package_information.verb.list.ListVerb object at 0x7ff2ac58cee0>, main=<bound method ListVerb.main of <colcon_package_information.verb.list.ListVerb object at 0x7ff2ac58cee0>>, mixin_verb=('list',))
[0.758s] Level 1:colcon.colcon_core.package_discovery:discover_packages(colcon_meta) check parameters
[0.758s] Level 1:colcon.colcon_core.package_discovery:discover_packages(recursive) check parameters
[0.758s] Level 1:colcon.colcon_core.package_discovery:discover_packages(ignore) check parameters
[0.758s] Level 1:colcon.colcon_core.package_discovery:discover_packages(path) check parameters
[0.758s] Level 1:colcon.colcon_core.package_discovery:discover_packages(recursive) discover
[0.759s] INFO:colcon.colcon_core.package_discovery:Crawling recursively for packages in '/home/dmantri/ardu3'
[0.759s] Level 1:colcon.colcon_core.package_identification:_identify(/home/dmantri/ardu3) by extensions ['ignore', 'ignore_ament_install']
[0.759s] Level 1:colcon.colcon_core.package_identification:_identify(/home/dmantri/ardu3) by extension 'ignore'
[0.759s] Level 1:colcon.colcon_core.package_identification:_identify(/home/dmantri/ardu3) by extension 'ignore_ament_install'
[0.759s] Level 1:colcon.colcon_core.package_identification:_identify(/home/dmantri/ardu3) by extensions ['colcon_pkg']
[0.759s] Level 1:colcon.colcon_core.package_identification:_identify(/home/dmantri/ardu3) by extension 'colcon_pkg'
[0.760s] Level 1:colcon.colcon_core.package_identification:_identify(/home/dmantri/ardu3) by extensions ['colcon_meta']
[0.760s] Level 1:colcon.colcon_core.package_identification:_identify(/home/dmantri/ardu3) by extension 'colcon_meta'
[0.760s] Level 1:colcon.colcon_core.package_identification:_identify(/home/dmantri/ardu3) by extensions ['ros']
[0.760s] Level 1:colcon.colcon_core.package_identification:_identify(/home/dmantri/ardu3) by extension 'ros'
[0.778s] Level 1:colcon.colcon_core.package_identification:_identify(/home/dmantri/ardu3) by extensions ['cmake', 'python']
[0.778s] Level 1:colcon.colcon_core.package_identification:_identify(/home/dmantri/ardu3) by extension 'cmake'
[0.778s] Level 1:colcon.colcon_core.package_identification:_identify(/home/dmantri/ardu3) by extension 'python'
[0.778s] Level 1:colcon.colcon_core.package_identification:_identify(/home/dmantri/ardu3) by extensions ['python_setup_py']
[0.778s] Level 1:colcon.colcon_core.package_identification:_identify(/home/dmantri/ardu3) by extension 'python_setup_py'
[0.778s] Level 1:colcon.colcon_core.package_identification:_identify(/home/dmantri/ardu3/build) by extensions ['ignore', 'ignore_ament_install']
[0.779s] Level 1:colcon.colcon_core.package_identification:_identify(/home/dmantri/ardu3/build) by extension 'ignore'
[0.779s] Level 1:colcon.colcon_core.package_identification:_identify(/home/dmantri/ardu3/build) ignored
[0.781s] Level 1:colcon.colcon_core.package_identification:_identify(/home/dmantri/ardu3/install) by extensions ['ignore', 'ignore_ament_install']
[0.781s] Level 1:colcon.colcon_core.package_identification:_identify(/home/dmantri/ardu3/install) by extension 'ignore'
[0.781s] Level 1:colcon.colcon_core.package_identification:_identify(/home/dmantri/ardu3/install) ignored
[0.782s] Level 1:colcon.colcon_core.package_identification:_identify(/home/dmantri/ardu3/log) by extensions ['ignore', 'ignore_ament_install']
[0.782s] Level 1:colcon.colcon_core.package_identification:_identify(/home/dmantri/ardu3/log) by extension 'ignore'
[0.782s] Level 1:colcon.colcon_core.package_identification:_identify(/home/dmantri/ardu3/log) ignored
[0.782s] Level 1:colcon.colcon_core.package_identification:_identify(/home/dmantri/ardu3/src) by extensions ['ignore', 'ignore_ament_install']
[0.783s] Level 1:colcon.colcon_core.package_identification:_identify(/home/dmantri/ardu3/src) by extension 'ignore'
[0.783s] Level 1:colcon.colcon_core.package_identification:_identify(/home/dmantri/ardu3/src) by extension 'ignore_ament_install'
[0.783s] Level 1:colcon.colcon_core.package_identification:_identify(/home/dmantri/ardu3/src) by extensions ['colcon_pkg']
[0.783s] Level 1:colcon.colcon_core.package_identification:_identify(/home/dmantri/ardu3/src) by extension 'colcon_pkg'
[0.783s] Level 1:colcon.colcon_core.package_identification:_identify(/home/dmantri/ardu3/src) by extensions ['colcon_meta']
[0.783s] Level 1:colcon.colcon_core.package_identification:_identify(/home/dmantri/ardu3/src) by extension 'colcon_meta'
[0.784s] Level 1:colcon.colcon_core.package_identification:_identify(/home/dmantri/ardu3/src) by extensions ['ros']
[0.784s] Level 1:colcon.colcon_core.package_identification:_identify(/home/dmantri/ardu3/src) by extension 'ros'
[0.784s] Level 1:colcon.colcon_core.package_identification:_identify(/home/dmantri/ardu3/src) by extensions ['cmake', 'python']
[0.784s] Level 1:colcon.colcon_core.package_identification:_identify(/home/dmantri/ardu3/src) by extension 'cmake'
[0.784s] Level 1:colcon.colcon_core.package_identification:_identify(/home/dmantri/ardu3/src) by extension 'python'
[0.784s] Level 1:colcon.colcon_core.package_identification:_identify(/home/dmantri/ardu3/src) by extensions ['python_setup_py']
[0.784s] Level 1:colcon.colcon_core.package_identification:_identify(/home/dmantri/ardu3/src) by extension 'python_setup_py'
[0.784s] Level 1:colcon.colcon_core.package_identification:_identify(/home/dmantri/ardu3/src/motor_comm_interfaces) by extensions ['ignore', 'ignore_ament_install']
[0.785s] Level 1:colcon.colcon_core.package_identification:_identify(/home/dmantri/ardu3/src/motor_comm_interfaces) by extension 'ignore'
[0.785s] Level 1:colcon.colcon_core.package_identification:_identify(/home/dmantri/ardu3/src/motor_comm_interfaces) by extension 'ignore_ament_install'
[0.785s] Level 1:colcon.colcon_core.package_identification:_identify(/home/dmantri/ardu3/src/motor_comm_interfaces) by extensions ['colcon_pkg']
[0.785s] Level 1:colcon.colcon_core.package_identification:_identify(/home/dmantri/ardu3/src/motor_comm_interfaces) by extension 'colcon_pkg'
[0.785s] Level 1:colcon.colcon_core.package_identification:_identify(/home/dmantri/ardu3/src/motor_comm_interfaces) by extensions ['colcon_meta']
[0.785s] Level 1:colcon.colcon_core.package_identification:_identify(/home/dmantri/ardu3/src/motor_comm_interfaces) by extension 'colcon_meta'
[0.785s] Level 1:colcon.colcon_core.package_identification:_identify(/home/dmantri/ardu3/src/motor_comm_interfaces) by extensions ['ros']
[0.785s] Level 1:colcon.colcon_core.package_identification:_identify(/home/dmantri/ardu3/src/motor_comm_interfaces) by extension 'ros'
[0.789s] DEBUG:colcon.colcon_core.package_identification:Package '/home/dmantri/ardu3/src/motor_comm_interfaces' with type 'ros.ament_cmake' and name 'motor_comm_interfaces'
[0.789s] Level 1:colcon.colcon_core.package_identification:_identify(/home/dmantri/ardu3/src/ros2_arduino_comms) by extensions ['ignore', 'ignore_ament_install']
[0.790s] Level 1:colcon.colcon_core.package_identification:_identify(/home/dmantri/ardu3/src/ros2_arduino_comms) by extension 'ignore'
[0.790s] Level 1:colcon.colcon_core.package_identification:_identify(/home/dmantri/ardu3/src/ros2_arduino_comms) by extension 'ignore_ament_install'
[0.790s] Level 1:colcon.colcon_core.package_identification:_identify(/home/dmantri/ardu3/src/ros2_arduino_comms) by extensions ['colcon_pkg']
[0.790s] Level 1:colcon.colcon_core.package_identification:_identify(/home/dmantri/ardu3/src/ros2_arduino_comms) by extension 'colcon_pkg'
[0.790s] Level 1:colcon.colcon_core.package_identification:_identify(/home/dmantri/ardu3/src/ros2_arduino_comms) by extensions ['colcon_meta']
[0.790s] Level 1:colcon.colcon_core.package_identification:_identify(/home/dmantri/ardu3/src/ros2_arduino_comms) by extension 'colcon_meta'
[0.790s] Level 1:colcon.colcon_core.package_identification:_identify(/home/dmantri/ardu3/src/ros2_arduino_comms) by extensions ['ros']
[0.790s] Level 1:colcon.colcon_core.package_identification:_identify(/home/dmantri/ardu3/src/ros2_arduino_comms) by extension 'ros'
[0.791s] DEBUG:colcon.colcon_core.package_identification:Package '/home/dmantri/ardu3/src/ros2_arduino_comms' with type 'ros.ament_python' and name 'ros2_arduino_comms'
[0.792s] Level 1:colcon.colcon_core.package_discovery:discover_packages(recursive) using defaults
