[0.019s] Invoking command in '/home/dmantri/ardu3/build/motor_comm_interfaces': CMAKE_PREFIX_PATH=${CMAKE_PREFIX_PATH}:/home/dmantri/ardu3/install/ros2_arduino_comms:/home/dmantri/simulation_docker/ros2ws/install/gzsim:/opt/ros/humble /usr/bin/cmake --build /home/dmantri/ardu3/build/motor_comm_interfaces -- -j16 -l16
[0.071s] [  3%] Built target motor_comm_interfaces__cpp
[0.074s] [ 12%] Built target motor_comm_interfaces__rosidl_generator_c
[0.081s] [ 12%] Built target ament_cmake_python_copy_motor_comm_interfaces
[0.097s] [ 22%] Built target motor_comm_interfaces__rosidl_typesupport_fastrtps_cpp
[0.099s] [ 32%] Built target motor_comm_interfaces__rosidl_typesupport_introspection_cpp
[0.099s] [ 41%] Built target motor_comm_interfaces__rosidl_typesupport_cpp
[0.101s] [ 64%] Built target motor_comm_interfaces__rosidl_typesupport_introspection_c
[0.101s] [ 70%] Built target motor_comm_interfaces__rosidl_typesupport_c
[0.101s] [ 70%] Built target motor_comm_interfaces__rosidl_typesupport_fastrtps_c
[0.125s] [ 70%] Built target motor_comm_interfaces
[0.149s] [ 74%] Built target motor_comm_interfaces__py
[0.175s] [ 80%] Built target motor_comm_interfaces__rosidl_generator_py
[0.201s] [ 93%] Built target motor_comm_interfaces__rosidl_typesupport_fastrtps_c__pyext
[0.201s] [ 90%] Built target motor_comm_interfaces__rosidl_typesupport_c__pyext
[0.202s] [100%] Built target motor_comm_interfaces__rosidl_typesupport_introspection_c__pyext
[0.311s] running egg_info
[0.311s] writing motor_comm_interfaces.egg-info/PKG-INFO
[0.311s] writing dependency_links to motor_comm_interfaces.egg-info/dependency_links.txt
[0.312s] writing top-level names to motor_comm_interfaces.egg-info/top_level.txt
[0.314s] reading manifest file 'motor_comm_interfaces.egg-info/SOURCES.txt'
[0.315s] writing manifest file 'motor_comm_interfaces.egg-info/SOURCES.txt'
[0.347s] [100%] Built target ament_cmake_python_build_motor_comm_interfaces_egg
[0.359s] Invoked command in '/home/dmantri/ardu3/build/motor_comm_interfaces' returned '0': CMAKE_PREFIX_PATH=${CMAKE_PREFIX_PATH}:/home/dmantri/ardu3/install/ros2_arduino_comms:/home/dmantri/simulation_docker/ros2ws/install/gzsim:/opt/ros/humble /usr/bin/cmake --build /home/dmantri/ardu3/build/motor_comm_interfaces -- -j16 -l16
[0.487s] Invoking command in '/home/dmantri/ardu3/build/motor_comm_interfaces': CMAKE_PREFIX_PATH=${CMAKE_PREFIX_PATH}:/home/dmantri/ardu3/install/ros2_arduino_comms:/home/dmantri/simulation_docker/ros2ws/install/gzsim:/opt/ros/humble /usr/bin/cmake --install /home/dmantri/ardu3/build/motor_comm_interfaces
[0.495s] -- Install configuration: ""
[0.495s] -- Up-to-date: /home/dmantri/ardu3/install/motor_comm_interfaces/share/ament_index/resource_index/rosidl_interfaces/motor_comm_interfaces
[0.495s] -- Up-to-date: /home/dmantri/ardu3/install/motor_comm_interfaces/include/motor_comm_interfaces/motor_comm_interfaces
[0.495s] -- Up-to-date: /home/dmantri/ardu3/install/motor_comm_interfaces/include/motor_comm_interfaces/motor_comm_interfaces/msg
[0.495s] -- Up-to-date: /home/dmantri/ardu3/install/motor_comm_interfaces/include/motor_comm_interfaces/motor_comm_interfaces/msg/motor_array.h
[0.496s] -- Up-to-date: /home/dmantri/ardu3/install/motor_comm_interfaces/include/motor_comm_interfaces/motor_comm_interfaces/msg/rosidl_generator_c__visibility_control.h
[0.496s] -- Up-to-date: /home/dmantri/ardu3/install/motor_comm_interfaces/include/motor_comm_interfaces/motor_comm_interfaces/msg/detail
[0.496s] -- Up-to-date: /home/dmantri/ardu3/install/motor_comm_interfaces/include/motor_comm_interfaces/motor_comm_interfaces/msg/detail/motor_array__struct.h
[0.496s] -- Up-to-date: /home/dmantri/ardu3/install/motor_comm_interfaces/include/motor_comm_interfaces/motor_comm_interfaces/msg/detail/motor_array__functions.h
[0.497s] -- Up-to-date: /home/dmantri/ardu3/install/motor_comm_interfaces/include/motor_comm_interfaces/motor_comm_interfaces/msg/detail/motor_array__functions.c
[0.497s] -- Up-to-date: /home/dmantri/ardu3/install/motor_comm_interfaces/include/motor_comm_interfaces/motor_comm_interfaces/msg/detail/motor_array__type_support.h
[0.497s] -- Up-to-date: /home/dmantri/ardu3/install/motor_comm_interfaces/share/motor_comm_interfaces/environment/library_path.sh
[0.497s] -- Up-to-date: /home/dmantri/ardu3/install/motor_comm_interfaces/share/motor_comm_interfaces/environment/library_path.dsv
[0.498s] -- Up-to-date: /home/dmantri/ardu3/install/motor_comm_interfaces/lib/libmotor_comm_interfaces__rosidl_generator_c.so
[0.498s] -- Up-to-date: /home/dmantri/ardu3/install/motor_comm_interfaces/include/motor_comm_interfaces/motor_comm_interfaces
[0.498s] -- Up-to-date: /home/dmantri/ardu3/install/motor_comm_interfaces/include/motor_comm_interfaces/motor_comm_interfaces/msg
[0.499s] -- Up-to-date: /home/dmantri/ardu3/install/motor_comm_interfaces/include/motor_comm_interfaces/motor_comm_interfaces/msg/rosidl_typesupport_fastrtps_c__visibility_control.h
[0.499s] -- Up-to-date: /home/dmantri/ardu3/install/motor_comm_interfaces/include/motor_comm_interfaces/motor_comm_interfaces/msg/detail
[0.499s] -- Up-to-date: /home/dmantri/ardu3/install/motor_comm_interfaces/include/motor_comm_interfaces/motor_comm_interfaces/msg/detail/motor_array__rosidl_typesupport_fastrtps_c.h
[0.499s] -- Up-to-date: /home/dmantri/ardu3/install/motor_comm_interfaces/lib/libmotor_comm_interfaces__rosidl_typesupport_fastrtps_c.so
[0.500s] -- Up-to-date: /home/dmantri/ardu3/install/motor_comm_interfaces/include/motor_comm_interfaces/motor_comm_interfaces
[0.500s] -- Up-to-date: /home/dmantri/ardu3/install/motor_comm_interfaces/include/motor_comm_interfaces/motor_comm_interfaces/msg
[0.500s] -- Up-to-date: /home/dmantri/ardu3/install/motor_comm_interfaces/include/motor_comm_interfaces/motor_comm_interfaces/msg/rosidl_typesupport_introspection_c__visibility_control.h
[0.500s] -- Up-to-date: /home/dmantri/ardu3/install/motor_comm_interfaces/include/motor_comm_interfaces/motor_comm_interfaces/msg/detail
[0.500s] -- Up-to-date: /home/dmantri/ardu3/install/motor_comm_interfaces/include/motor_comm_interfaces/motor_comm_interfaces/msg/detail/motor_array__rosidl_typesupport_introspection_c.h
[0.500s] -- Up-to-date: /home/dmantri/ardu3/install/motor_comm_interfaces/include/motor_comm_interfaces/motor_comm_interfaces/msg/detail/motor_array__type_support.c
[0.500s] -- Up-to-date: /home/dmantri/ardu3/install/motor_comm_interfaces/lib/libmotor_comm_interfaces__rosidl_typesupport_introspection_c.so
[0.500s] -- Up-to-date: /home/dmantri/ardu3/install/motor_comm_interfaces/lib/libmotor_comm_interfaces__rosidl_typesupport_c.so
[0.500s] -- Up-to-date: /home/dmantri/ardu3/install/motor_comm_interfaces/include/motor_comm_interfaces/motor_comm_interfaces
[0.500s] -- Up-to-date: /home/dmantri/ardu3/install/motor_comm_interfaces/include/motor_comm_interfaces/motor_comm_interfaces/msg
[0.500s] -- Up-to-date: /home/dmantri/ardu3/install/motor_comm_interfaces/include/motor_comm_interfaces/motor_comm_interfaces/msg/motor_array.hpp
[0.500s] -- Up-to-date: /home/dmantri/ardu3/install/motor_comm_interfaces/include/motor_comm_interfaces/motor_comm_interfaces/msg/detail
[0.500s] -- Up-to-date: /home/dmantri/ardu3/install/motor_comm_interfaces/include/motor_comm_interfaces/motor_comm_interfaces/msg/detail/motor_array__builder.hpp
[0.501s] -- Up-to-date: /home/dmantri/ardu3/install/motor_comm_interfaces/include/motor_comm_interfaces/motor_comm_interfaces/msg/detail/motor_array__struct.hpp
[0.501s] -- Up-to-date: /home/dmantri/ardu3/install/motor_comm_interfaces/include/motor_comm_interfaces/motor_comm_interfaces/msg/detail/motor_array__traits.hpp
[0.501s] -- Up-to-date: /home/dmantri/ardu3/install/motor_comm_interfaces/include/motor_comm_interfaces/motor_comm_interfaces
[0.501s] -- Up-to-date: /home/dmantri/ardu3/install/motor_comm_interfaces/include/motor_comm_interfaces/motor_comm_interfaces/msg
[0.501s] -- Up-to-date: /home/dmantri/ardu3/install/motor_comm_interfaces/include/motor_comm_interfaces/motor_comm_interfaces/msg/rosidl_typesupport_fastrtps_cpp__visibility_control.h
[0.501s] -- Up-to-date: /home/dmantri/ardu3/install/motor_comm_interfaces/include/motor_comm_interfaces/motor_comm_interfaces/msg/detail
[0.501s] -- Up-to-date: /home/dmantri/ardu3/install/motor_comm_interfaces/include/motor_comm_interfaces/motor_comm_interfaces/msg/detail/dds_fastrtps
[0.501s] -- Up-to-date: /home/dmantri/ardu3/install/motor_comm_interfaces/include/motor_comm_interfaces/motor_comm_interfaces/msg/detail/motor_array__rosidl_typesupport_fastrtps_cpp.hpp
[0.501s] -- Up-to-date: /home/dmantri/ardu3/install/motor_comm_interfaces/lib/libmotor_comm_interfaces__rosidl_typesupport_fastrtps_cpp.so
[0.501s] -- Up-to-date: /home/dmantri/ardu3/install/motor_comm_interfaces/include/motor_comm_interfaces/motor_comm_interfaces
[0.501s] -- Up-to-date: /home/dmantri/ardu3/install/motor_comm_interfaces/include/motor_comm_interfaces/motor_comm_interfaces/msg
[0.501s] -- Up-to-date: /home/dmantri/ardu3/install/motor_comm_interfaces/include/motor_comm_interfaces/motor_comm_interfaces/msg/detail
[0.501s] -- Up-to-date: /home/dmantri/ardu3/install/motor_comm_interfaces/include/motor_comm_interfaces/motor_comm_interfaces/msg/detail/motor_array__rosidl_typesupport_introspection_cpp.hpp
[0.501s] -- Up-to-date: /home/dmantri/ardu3/install/motor_comm_interfaces/include/motor_comm_interfaces/motor_comm_interfaces/msg/detail/motor_array__type_support.cpp
[0.501s] -- Up-to-date: /home/dmantri/ardu3/install/motor_comm_interfaces/lib/libmotor_comm_interfaces__rosidl_typesupport_introspection_cpp.so
[0.501s] -- Up-to-date: /home/dmantri/ardu3/install/motor_comm_interfaces/lib/libmotor_comm_interfaces__rosidl_typesupport_cpp.so
[0.501s] -- Up-to-date: /home/dmantri/ardu3/install/motor_comm_interfaces/share/motor_comm_interfaces/environment/pythonpath.sh
[0.501s] -- Up-to-date: /home/dmantri/ardu3/install/motor_comm_interfaces/share/motor_comm_interfaces/environment/pythonpath.dsv
[0.502s] -- Up-to-date: /home/dmantri/ardu3/install/motor_comm_interfaces/local/lib/python3.10/dist-packages/motor_comm_interfaces-0.0.0-py3.10.egg-info
[0.502s] -- Installing: /home/dmantri/ardu3/install/motor_comm_interfaces/local/lib/python3.10/dist-packages/motor_comm_interfaces-0.0.0-py3.10.egg-info/top_level.txt
[0.502s] -- Installing: /home/dmantri/ardu3/install/motor_comm_interfaces/local/lib/python3.10/dist-packages/motor_comm_interfaces-0.0.0-py3.10.egg-info/dependency_links.txt
[0.502s] -- Installing: /home/dmantri/ardu3/install/motor_comm_interfaces/local/lib/python3.10/dist-packages/motor_comm_interfaces-0.0.0-py3.10.egg-info/SOURCES.txt
[0.502s] -- Installing: /home/dmantri/ardu3/install/motor_comm_interfaces/local/lib/python3.10/dist-packages/motor_comm_interfaces-0.0.0-py3.10.egg-info/PKG-INFO
[0.502s] -- Up-to-date: /home/dmantri/ardu3/install/motor_comm_interfaces/local/lib/python3.10/dist-packages/motor_comm_interfaces
[0.502s] -- Up-to-date: /home/dmantri/ardu3/install/motor_comm_interfaces/local/lib/python3.10/dist-packages/motor_comm_interfaces/motor_comm_interfaces_s__rosidl_typesupport_fastrtps_c.cpython-310-x86_64-linux-gnu.so
[0.502s] -- Up-to-date: /home/dmantri/ardu3/install/motor_comm_interfaces/local/lib/python3.10/dist-packages/motor_comm_interfaces/motor_comm_interfaces_s__rosidl_typesupport_introspection_c.cpython-310-x86_64-linux-gnu.so
[0.502s] -- Up-to-date: /home/dmantri/ardu3/install/motor_comm_interfaces/local/lib/python3.10/dist-packages/motor_comm_interfaces/_motor_comm_interfaces_s.ep.rosidl_typesupport_c.c
[0.502s] -- Up-to-date: /home/dmantri/ardu3/install/motor_comm_interfaces/local/lib/python3.10/dist-packages/motor_comm_interfaces/_motor_comm_interfaces_s.ep.rosidl_typesupport_introspection_c.c
[0.502s] -- Up-to-date: /home/dmantri/ardu3/install/motor_comm_interfaces/local/lib/python3.10/dist-packages/motor_comm_interfaces/msg
[0.502s] -- Up-to-date: /home/dmantri/ardu3/install/motor_comm_interfaces/local/lib/python3.10/dist-packages/motor_comm_interfaces/msg/_motor_array_s.c
[0.502s] -- Up-to-date: /home/dmantri/ardu3/install/motor_comm_interfaces/local/lib/python3.10/dist-packages/motor_comm_interfaces/msg/__init__.py
[0.502s] -- Up-to-date: /home/dmantri/ardu3/install/motor_comm_interfaces/local/lib/python3.10/dist-packages/motor_comm_interfaces/msg/_motor_array.py
[0.502s] -- Up-to-date: /home/dmantri/ardu3/install/motor_comm_interfaces/local/lib/python3.10/dist-packages/motor_comm_interfaces/_motor_comm_interfaces_s.ep.rosidl_typesupport_fastrtps_c.c
[0.502s] -- Up-to-date: /home/dmantri/ardu3/install/motor_comm_interfaces/local/lib/python3.10/dist-packages/motor_comm_interfaces/motor_comm_interfaces_s__rosidl_typesupport_c.cpython-310-x86_64-linux-gnu.so
[0.502s] -- Up-to-date: /home/dmantri/ardu3/install/motor_comm_interfaces/local/lib/python3.10/dist-packages/motor_comm_interfaces/libmotor_comm_interfaces__rosidl_generator_py.so
[0.502s] -- Up-to-date: /home/dmantri/ardu3/install/motor_comm_interfaces/local/lib/python3.10/dist-packages/motor_comm_interfaces/__init__.py
[0.526s] Listing '/home/dmantri/ardu3/install/motor_comm_interfaces/local/lib/python3.10/dist-packages/motor_comm_interfaces'...
[0.526s] Listing '/home/dmantri/ardu3/install/motor_comm_interfaces/local/lib/python3.10/dist-packages/motor_comm_interfaces/msg'...
[0.530s] -- Up-to-date: /home/dmantri/ardu3/install/motor_comm_interfaces/local/lib/python3.10/dist-packages/motor_comm_interfaces/motor_comm_interfaces_s__rosidl_typesupport_fastrtps_c.cpython-310-x86_64-linux-gnu.so
[0.531s] -- Up-to-date: /home/dmantri/ardu3/install/motor_comm_interfaces/local/lib/python3.10/dist-packages/motor_comm_interfaces/motor_comm_interfaces_s__rosidl_typesupport_introspection_c.cpython-310-x86_64-linux-gnu.so
[0.531s] -- Up-to-date: /home/dmantri/ardu3/install/motor_comm_interfaces/local/lib/python3.10/dist-packages/motor_comm_interfaces/motor_comm_interfaces_s__rosidl_typesupport_c.cpython-310-x86_64-linux-gnu.so
[0.531s] -- Up-to-date: /home/dmantri/ardu3/install/motor_comm_interfaces/lib/libmotor_comm_interfaces__rosidl_generator_py.so
[0.532s] -- Up-to-date: /home/dmantri/ardu3/install/motor_comm_interfaces/share/motor_comm_interfaces/msg/MotorArray.idl
[0.532s] -- Up-to-date: /home/dmantri/ardu3/install/motor_comm_interfaces/share/motor_comm_interfaces/msg/MotorArray.msg
[0.532s] -- Up-to-date: /home/dmantri/ardu3/install/motor_comm_interfaces/share/ament_index/resource_index/package_run_dependencies/motor_comm_interfaces
[0.532s] -- Up-to-date: /home/dmantri/ardu3/install/motor_comm_interfaces/share/ament_index/resource_index/parent_prefix_path/motor_comm_interfaces
[0.532s] -- Up-to-date: /home/dmantri/ardu3/install/motor_comm_interfaces/share/motor_comm_interfaces/environment/ament_prefix_path.sh
[0.533s] -- Up-to-date: /home/dmantri/ardu3/install/motor_comm_interfaces/share/motor_comm_interfaces/environment/ament_prefix_path.dsv
[0.533s] -- Up-to-date: /home/dmantri/ardu3/install/motor_comm_interfaces/share/motor_comm_interfaces/environment/path.sh
[0.533s] -- Up-to-date: /home/dmantri/ardu3/install/motor_comm_interfaces/share/motor_comm_interfaces/environment/path.dsv
[0.533s] -- Up-to-date: /home/dmantri/ardu3/install/motor_comm_interfaces/share/motor_comm_interfaces/local_setup.bash
[0.534s] -- Up-to-date: /home/dmantri/ardu3/install/motor_comm_interfaces/share/motor_comm_interfaces/local_setup.sh
[0.534s] -- Up-to-date: /home/dmantri/ardu3/install/motor_comm_interfaces/share/motor_comm_interfaces/local_setup.zsh
[0.534s] -- Up-to-date: /home/dmantri/ardu3/install/motor_comm_interfaces/share/motor_comm_interfaces/local_setup.dsv
[0.535s] -- Installing: /home/dmantri/ardu3/install/motor_comm_interfaces/share/motor_comm_interfaces/package.dsv
[0.535s] -- Up-to-date: /home/dmantri/ardu3/install/motor_comm_interfaces/share/ament_index/resource_index/packages/motor_comm_interfaces
[0.535s] -- Up-to-date: /home/dmantri/ardu3/install/motor_comm_interfaces/share/motor_comm_interfaces/cmake/export_motor_comm_interfaces__rosidl_generator_cExport.cmake
[0.535s] -- Up-to-date: /home/dmantri/ardu3/install/motor_comm_interfaces/share/motor_comm_interfaces/cmake/export_motor_comm_interfaces__rosidl_generator_cExport-noconfig.cmake
[0.535s] -- Up-to-date: /home/dmantri/ardu3/install/motor_comm_interfaces/share/motor_comm_interfaces/cmake/export_motor_comm_interfaces__rosidl_typesupport_fastrtps_cExport.cmake
[0.535s] -- Up-to-date: /home/dmantri/ardu3/install/motor_comm_interfaces/share/motor_comm_interfaces/cmake/export_motor_comm_interfaces__rosidl_typesupport_fastrtps_cExport-noconfig.cmake
[0.535s] -- Up-to-date: /home/dmantri/ardu3/install/motor_comm_interfaces/share/motor_comm_interfaces/cmake/motor_comm_interfaces__rosidl_typesupport_introspection_cExport.cmake
[0.535s] -- Up-to-date: /home/dmantri/ardu3/install/motor_comm_interfaces/share/motor_comm_interfaces/cmake/motor_comm_interfaces__rosidl_typesupport_introspection_cExport-noconfig.cmake
[0.536s] -- Up-to-date: /home/dmantri/ardu3/install/motor_comm_interfaces/share/motor_comm_interfaces/cmake/motor_comm_interfaces__rosidl_typesupport_cExport.cmake
[0.536s] -- Up-to-date: /home/dmantri/ardu3/install/motor_comm_interfaces/share/motor_comm_interfaces/cmake/motor_comm_interfaces__rosidl_typesupport_cExport-noconfig.cmake
[0.536s] -- Up-to-date: /home/dmantri/ardu3/install/motor_comm_interfaces/share/motor_comm_interfaces/cmake/export_motor_comm_interfaces__rosidl_generator_cppExport.cmake
[0.536s] -- Up-to-date: /home/dmantri/ardu3/install/motor_comm_interfaces/share/motor_comm_interfaces/cmake/export_motor_comm_interfaces__rosidl_typesupport_fastrtps_cppExport.cmake
[0.536s] -- Up-to-date: /home/dmantri/ardu3/install/motor_comm_interfaces/share/motor_comm_interfaces/cmake/export_motor_comm_interfaces__rosidl_typesupport_fastrtps_cppExport-noconfig.cmake
[0.536s] -- Up-to-date: /home/dmantri/ardu3/install/motor_comm_interfaces/share/motor_comm_interfaces/cmake/motor_comm_interfaces__rosidl_typesupport_introspection_cppExport.cmake
[0.536s] -- Up-to-date: /home/dmantri/ardu3/install/motor_comm_interfaces/share/motor_comm_interfaces/cmake/motor_comm_interfaces__rosidl_typesupport_introspection_cppExport-noconfig.cmake
[0.537s] -- Up-to-date: /home/dmantri/ardu3/install/motor_comm_interfaces/share/motor_comm_interfaces/cmake/motor_comm_interfaces__rosidl_typesupport_cppExport.cmake
[0.537s] -- Up-to-date: /home/dmantri/ardu3/install/motor_comm_interfaces/share/motor_comm_interfaces/cmake/motor_comm_interfaces__rosidl_typesupport_cppExport-noconfig.cmake
[0.538s] -- Up-to-date: /home/dmantri/ardu3/install/motor_comm_interfaces/share/motor_comm_interfaces/cmake/export_motor_comm_interfaces__rosidl_generator_pyExport.cmake
[0.538s] -- Up-to-date: /home/dmantri/ardu3/install/motor_comm_interfaces/share/motor_comm_interfaces/cmake/export_motor_comm_interfaces__rosidl_generator_pyExport-noconfig.cmake
[0.539s] -- Up-to-date: /home/dmantri/ardu3/install/motor_comm_interfaces/share/motor_comm_interfaces/cmake/rosidl_cmake-extras.cmake
[0.540s] -- Up-to-date: /home/dmantri/ardu3/install/motor_comm_interfaces/share/motor_comm_interfaces/cmake/ament_cmake_export_include_directories-extras.cmake
[0.540s] -- Up-to-date: /home/dmantri/ardu3/install/motor_comm_interfaces/share/motor_comm_interfaces/cmake/ament_cmake_export_libraries-extras.cmake
[0.540s] -- Up-to-date: /home/dmantri/ardu3/install/motor_comm_interfaces/share/motor_comm_interfaces/cmake/ament_cmake_export_targets-extras.cmake
[0.540s] -- Up-to-date: /home/dmantri/ardu3/install/motor_comm_interfaces/share/motor_comm_interfaces/cmake/rosidl_cmake_export_typesupport_targets-extras.cmake
[0.541s] -- Up-to-date: /home/dmantri/ardu3/install/motor_comm_interfaces/share/motor_comm_interfaces/cmake/ament_cmake_export_dependencies-extras.cmake
[0.541s] -- Up-to-date: /home/dmantri/ardu3/install/motor_comm_interfaces/share/motor_comm_interfaces/cmake/rosidl_cmake_export_typesupport_libraries-extras.cmake
[0.541s] -- Up-to-date: /home/dmantri/ardu3/install/motor_comm_interfaces/share/motor_comm_interfaces/cmake/motor_comm_interfacesConfig.cmake
[0.541s] -- Up-to-date: /home/dmantri/ardu3/install/motor_comm_interfaces/share/motor_comm_interfaces/cmake/motor_comm_interfacesConfig-version.cmake
[0.541s] -- Up-to-date: /home/dmantri/ardu3/install/motor_comm_interfaces/share/motor_comm_interfaces/package.xml
[0.541s] Invoked command in '/home/dmantri/ardu3/build/motor_comm_interfaces' returned '0': CMAKE_PREFIX_PATH=${CMAKE_PREFIX_PATH}:/home/dmantri/ardu3/install/ros2_arduino_comms:/home/dmantri/simulation_docker/ros2ws/install/gzsim:/opt/ros/humble /usr/bin/cmake --install /home/dmantri/ardu3/build/motor_comm_interfaces
