-- Found ament_cmake: 1.3.10 (/opt/ros/humble/share/ament_cmake/cmake)
-- Found rosidl_default_generators: 1.2.0 (/opt/ros/humble/share/rosidl_default_generators/cmake)
-- Using all available rosidl_typesupport_c: rosidl_typesupport_fastrtps_c;rosidl_typesupport_introspection_c
-- Found rosidl_adapter: 3.1.5 (/opt/ros/humble/share/rosidl_adapter/cmake)
-- Using all available rosidl_typesupport_cpp: rosidl_typesupport_fastrtps_cpp;rosidl_typesupport_introspection_cpp
-- Found ament_cmake_ros: 0.10.0 (/opt/ros/humble/share/ament_cmake_ros/cmake)
-- Using all available rosidl_typesupport_c: rosidl_typesupport_fastrtps_c;rosidl_typesupport_introspection_c
-- Using all available rosidl_typesupport_cpp: rosidl_typesupport_fastrtps_cpp;rosidl_typesupport_introspection_cpp
-- Found python_cmake_module: 0.10.0 (/opt/ros/humble/share/python_cmake_module/cmake)
-- Using PYTHON_EXECUTABLE: /usr/bin/python3
-- Using PYTHON_INCLUDE_DIRS: /usr/include/python3.10
-- Using PYTHON_LIBRARIES: /usr/lib/x86_64-linux-gnu/libpython3.10.so
-- Found ament_lint_auto: 0.12.11 (/opt/ros/humble/share/ament_lint_auto/cmake)
-- Added test 'lint_cmake' to check CMake code style
-- Added test 'xmllint' to check XML markup files
-- Configuring done
-- Generating done
-- Build files have been written to: /home/dmantri/ardu3/build/motor_comm_interfaces
[35m[1mConsolidate compiler generated dependencies of target motor_comm_interfaces__rosidl_generator_c[0m
[  3%] Built target motor_comm_interfaces__cpp
[  6%] [32mBuilding C object CMakeFiles/motor_comm_interfaces__rosidl_generator_c.dir/rosidl_generator_c/motor_comm_interfaces/msg/detail/motor_array__functions.c.o[0m
[35m[1mConsolidate compiler generated dependencies of target motor_comm_interfaces__rosidl_typesupport_introspection_cpp[0m
[35m[1mConsolidate compiler generated dependencies of target motor_comm_interfaces__rosidl_typesupport_fastrtps_cpp[0m
[35m[1mConsolidate compiler generated dependencies of target motor_comm_interfaces__rosidl_typesupport_cpp[0m
[  6%] Built target ament_cmake_python_copy_motor_comm_interfaces
[ 16%] [32mBuilding CXX object CMakeFiles/motor_comm_interfaces__rosidl_typesupport_introspection_cpp.dir/rosidl_typesupport_introspection_cpp/motor_comm_interfaces/msg/detail/motor_array__type_support.cpp.o[0m
[ 16%] [32mBuilding CXX object CMakeFiles/motor_comm_interfaces__rosidl_typesupport_fastrtps_cpp.dir/rosidl_typesupport_fastrtps_cpp/motor_comm_interfaces/msg/detail/dds_fastrtps/motor_array__type_support.cpp.o[0m
[ 16%] [32mBuilding CXX object CMakeFiles/motor_comm_interfaces__rosidl_typesupport_cpp.dir/rosidl_typesupport_cpp/motor_comm_interfaces/msg/motor_array__type_support.cpp.o[0m
[ 19%] [32m[1mLinking C shared library libmotor_comm_interfaces__rosidl_generator_c.so[0m
running egg_info
writing motor_comm_interfaces.egg-info/PKG-INFO
writing dependency_links to motor_comm_interfaces.egg-info/dependency_links.txt
writing top-level names to motor_comm_interfaces.egg-info/top_level.txt
reading manifest file 'motor_comm_interfaces.egg-info/SOURCES.txt'
writing manifest file 'motor_comm_interfaces.egg-info/SOURCES.txt'
[ 19%] Built target ament_cmake_python_build_motor_comm_interfaces_egg
[ 22%] Built target motor_comm_interfaces__rosidl_generator_c
gmake[2]: Warning: File 'CMakeFiles/motor_comm_interfaces__rosidl_typesupport_fastrtps_c.dir/progress.make' has modification time 0.17 s in the future
gmake[2]: Warning: File 'CMakeFiles/motor_comm_interfaces__rosidl_typesupport_c.dir/progress.make' has modification time 0.17 s in the future
gmake[2]: Warning: File 'CMakeFiles/motor_comm_interfaces__rosidl_typesupport_introspection_c.dir/progress.make' has modification time 0.17 s in the future
[35m[1mConsolidate compiler generated dependencies of target motor_comm_interfaces__rosidl_typesupport_introspection_c[0m
[35m[1mConsolidate compiler generated dependencies of target motor_comm_interfaces__rosidl_typesupport_c[0m
[35m[1mConsolidate compiler generated dependencies of target motor_comm_interfaces__rosidl_typesupport_fastrtps_c[0m
gmake[2]: warning:  Clock skew detected.  Your build may be incomplete.
gmake[2]: warning:  Clock skew detected.  Your build may be incomplete.
gmake[2]: Warning: File 'CMakeFiles/motor_comm_interfaces__rosidl_typesupport_c.dir/progress.make' has modification time 0.15 s in the future
gmake[2]: Warning: File 'CMakeFiles/motor_comm_interfaces__rosidl_typesupport_introspection_c.dir/progress.make' has modification time 0.15 s in the future
gmake[2]: warning:  Clock skew detected.  Your build may be incomplete.
gmake[2]: Warning: File 'CMakeFiles/motor_comm_interfaces__rosidl_typesupport_fastrtps_c.dir/progress.make' has modification time 0.15 s in the future
[ 25%] [32mBuilding CXX object CMakeFiles/motor_comm_interfaces__rosidl_typesupport_c.dir/rosidl_typesupport_c/motor_comm_interfaces/msg/motor_array__type_support.cpp.o[0m
[ 29%] [32mBuilding C object CMakeFiles/motor_comm_interfaces__rosidl_typesupport_introspection_c.dir/rosidl_typesupport_introspection_c/motor_comm_interfaces/msg/detail/motor_array__type_support.c.o[0m
[ 32%] [32mBuilding CXX object CMakeFiles/motor_comm_interfaces__rosidl_typesupport_fastrtps_c.dir/rosidl_typesupport_fastrtps_c/motor_comm_interfaces/msg/detail/motor_array__type_support_c.cpp.o[0m
[ 35%] [32m[1mLinking CXX shared library libmotor_comm_interfaces__rosidl_typesupport_cpp.so[0m
[ 38%] [32m[1mLinking CXX shared library libmotor_comm_interfaces__rosidl_typesupport_c.so[0m
[ 41%] [32m[1mLinking C shared library libmotor_comm_interfaces__rosidl_typesupport_introspection_c.so[0m
[ 45%] [32m[1mLinking CXX shared library libmotor_comm_interfaces__rosidl_typesupport_introspection_cpp.so[0m
gmake[2]: warning:  Clock skew detected.  Your build may be incomplete.
[ 48%] [32m[1mLinking CXX shared library libmotor_comm_interfaces__rosidl_typesupport_fastrtps_cpp.so[0m
[ 51%] Built target motor_comm_interfaces__rosidl_typesupport_introspection_c
gmake[2]: warning:  Clock skew detected.  Your build may be incomplete.
[ 54%] Built target motor_comm_interfaces__rosidl_typesupport_cpp
[ 58%] Built target motor_comm_interfaces__rosidl_typesupport_c
[ 61%] [32m[1mLinking CXX shared library libmotor_comm_interfaces__rosidl_typesupport_fastrtps_c.so[0m
[ 64%] Built target motor_comm_interfaces__rosidl_typesupport_introspection_cpp
[ 67%] Built target motor_comm_interfaces__rosidl_typesupport_fastrtps_cpp
gmake[2]: warning:  Clock skew detected.  Your build may be incomplete.
[ 70%] Built target motor_comm_interfaces__rosidl_typesupport_fastrtps_c
[ 70%] Built target motor_comm_interfaces
[ 74%] Built target motor_comm_interfaces__py
[35m[1mConsolidate compiler generated dependencies of target motor_comm_interfaces__rosidl_generator_py[0m
[ 77%] [32mBuilding C object CMakeFiles/motor_comm_interfaces__rosidl_generator_py.dir/rosidl_generator_py/motor_comm_interfaces/msg/_motor_array_s.c.o[0m
[ 80%] [32m[1mLinking C shared library rosidl_generator_py/motor_comm_interfaces/libmotor_comm_interfaces__rosidl_generator_py.so[0m
[ 80%] Built target motor_comm_interfaces__rosidl_generator_py
[35m[1mConsolidate compiler generated dependencies of target motor_comm_interfaces__rosidl_typesupport_fastrtps_c__pyext[0m
[35m[1mConsolidate compiler generated dependencies of target motor_comm_interfaces__rosidl_typesupport_c__pyext[0m
[35m[1mConsolidate compiler generated dependencies of target motor_comm_interfaces__rosidl_typesupport_introspection_c__pyext[0m
[ 87%] [32mBuilding C object CMakeFiles/motor_comm_interfaces__rosidl_typesupport_c__pyext.dir/rosidl_generator_py/motor_comm_interfaces/_motor_comm_interfaces_s.ep.rosidl_typesupport_c.c.o[0m
[ 87%] [32mBuilding C object CMakeFiles/motor_comm_interfaces__rosidl_typesupport_introspection_c__pyext.dir/rosidl_generator_py/motor_comm_interfaces/_motor_comm_interfaces_s.ep.rosidl_typesupport_introspection_c.c.o[0m
[ 90%] [32mBuilding C object CMakeFiles/motor_comm_interfaces__rosidl_typesupport_fastrtps_c__pyext.dir/rosidl_generator_py/motor_comm_interfaces/_motor_comm_interfaces_s.ep.rosidl_typesupport_fastrtps_c.c.o[0m
[ 93%] [32m[1mLinking C shared library rosidl_generator_py/motor_comm_interfaces/motor_comm_interfaces_s__rosidl_typesupport_introspection_c.cpython-310-x86_64-linux-gnu.so[0m
[ 96%] [32m[1mLinking C shared library rosidl_generator_py/motor_comm_interfaces/motor_comm_interfaces_s__rosidl_typesupport_c.cpython-310-x86_64-linux-gnu.so[0m
[100%] [32m[1mLinking C shared library rosidl_generator_py/motor_comm_interfaces/motor_comm_interfaces_s__rosidl_typesupport_fastrtps_c.cpython-310-x86_64-linux-gnu.so[0m
[100%] Built target motor_comm_interfaces__rosidl_typesupport_c__pyext
[100%] Built target motor_comm_interfaces__rosidl_typesupport_introspection_c__pyext
[100%] Built target motor_comm_interfaces__rosidl_typesupport_fastrtps_c__pyext
-- Install configuration: ""
-- Up-to-date: /home/dmantri/ardu3/install/motor_comm_interfaces/share/ament_index/resource_index/rosidl_interfaces/motor_comm_interfaces
-- Up-to-date: /home/dmantri/ardu3/install/motor_comm_interfaces/include/motor_comm_interfaces/motor_comm_interfaces
-- Up-to-date: /home/dmantri/ardu3/install/motor_comm_interfaces/include/motor_comm_interfaces/motor_comm_interfaces/msg
-- Up-to-date: /home/dmantri/ardu3/install/motor_comm_interfaces/include/motor_comm_interfaces/motor_comm_interfaces/msg/motor_array.h
-- Up-to-date: /home/dmantri/ardu3/install/motor_comm_interfaces/include/motor_comm_interfaces/motor_comm_interfaces/msg/rosidl_generator_c__visibility_control.h
-- Up-to-date: /home/dmantri/ardu3/install/motor_comm_interfaces/include/motor_comm_interfaces/motor_comm_interfaces/msg/detail
-- Up-to-date: /home/dmantri/ardu3/install/motor_comm_interfaces/include/motor_comm_interfaces/motor_comm_interfaces/msg/detail/motor_array__struct.h
-- Up-to-date: /home/dmantri/ardu3/install/motor_comm_interfaces/include/motor_comm_interfaces/motor_comm_interfaces/msg/detail/motor_array__functions.h
-- Up-to-date: /home/dmantri/ardu3/install/motor_comm_interfaces/include/motor_comm_interfaces/motor_comm_interfaces/msg/detail/motor_array__functions.c
-- Up-to-date: /home/dmantri/ardu3/install/motor_comm_interfaces/include/motor_comm_interfaces/motor_comm_interfaces/msg/detail/motor_array__type_support.h
-- Installing: /home/dmantri/ardu3/install/motor_comm_interfaces/share/motor_comm_interfaces/environment/library_path.sh
-- Installing: /home/dmantri/ardu3/install/motor_comm_interfaces/share/motor_comm_interfaces/environment/library_path.dsv
-- Installing: /home/dmantri/ardu3/install/motor_comm_interfaces/lib/libmotor_comm_interfaces__rosidl_generator_c.so
-- Set runtime path of "/home/dmantri/ardu3/install/motor_comm_interfaces/lib/libmotor_comm_interfaces__rosidl_generator_c.so" to ""
-- Up-to-date: /home/dmantri/ardu3/install/motor_comm_interfaces/include/motor_comm_interfaces/motor_comm_interfaces
-- Up-to-date: /home/dmantri/ardu3/install/motor_comm_interfaces/include/motor_comm_interfaces/motor_comm_interfaces/msg
-- Up-to-date: /home/dmantri/ardu3/install/motor_comm_interfaces/include/motor_comm_interfaces/motor_comm_interfaces/msg/rosidl_typesupport_fastrtps_c__visibility_control.h
-- Up-to-date: /home/dmantri/ardu3/install/motor_comm_interfaces/include/motor_comm_interfaces/motor_comm_interfaces/msg/detail
-- Up-to-date: /home/dmantri/ardu3/install/motor_comm_interfaces/include/motor_comm_interfaces/motor_comm_interfaces/msg/detail/motor_array__rosidl_typesupport_fastrtps_c.h
-- Installing: /home/dmantri/ardu3/install/motor_comm_interfaces/lib/libmotor_comm_interfaces__rosidl_typesupport_fastrtps_c.so
-- Set runtime path of "/home/dmantri/ardu3/install/motor_comm_interfaces/lib/libmotor_comm_interfaces__rosidl_typesupport_fastrtps_c.so" to ""
-- Up-to-date: /home/dmantri/ardu3/install/motor_comm_interfaces/include/motor_comm_interfaces/motor_comm_interfaces
-- Up-to-date: /home/dmantri/ardu3/install/motor_comm_interfaces/include/motor_comm_interfaces/motor_comm_interfaces/msg
-- Up-to-date: /home/dmantri/ardu3/install/motor_comm_interfaces/include/motor_comm_interfaces/motor_comm_interfaces/msg/rosidl_typesupport_introspection_c__visibility_control.h
-- Up-to-date: /home/dmantri/ardu3/install/motor_comm_interfaces/include/motor_comm_interfaces/motor_comm_interfaces/msg/detail
-- Up-to-date: /home/dmantri/ardu3/install/motor_comm_interfaces/include/motor_comm_interfaces/motor_comm_interfaces/msg/detail/motor_array__rosidl_typesupport_introspection_c.h
-- Up-to-date: /home/dmantri/ardu3/install/motor_comm_interfaces/include/motor_comm_interfaces/motor_comm_interfaces/msg/detail/motor_array__type_support.c
-- Installing: /home/dmantri/ardu3/install/motor_comm_interfaces/lib/libmotor_comm_interfaces__rosidl_typesupport_introspection_c.so
-- Set runtime path of "/home/dmantri/ardu3/install/motor_comm_interfaces/lib/libmotor_comm_interfaces__rosidl_typesupport_introspection_c.so" to ""
-- Installing: /home/dmantri/ardu3/install/motor_comm_interfaces/lib/libmotor_comm_interfaces__rosidl_typesupport_c.so
-- Set runtime path of "/home/dmantri/ardu3/install/motor_comm_interfaces/lib/libmotor_comm_interfaces__rosidl_typesupport_c.so" to ""
-- Up-to-date: /home/dmantri/ardu3/install/motor_comm_interfaces/include/motor_comm_interfaces/motor_comm_interfaces
-- Up-to-date: /home/dmantri/ardu3/install/motor_comm_interfaces/include/motor_comm_interfaces/motor_comm_interfaces/msg
-- Up-to-date: /home/dmantri/ardu3/install/motor_comm_interfaces/include/motor_comm_interfaces/motor_comm_interfaces/msg/motor_array.hpp
-- Up-to-date: /home/dmantri/ardu3/install/motor_comm_interfaces/include/motor_comm_interfaces/motor_comm_interfaces/msg/detail
-- Up-to-date: /home/dmantri/ardu3/install/motor_comm_interfaces/include/motor_comm_interfaces/motor_comm_interfaces/msg/detail/motor_array__builder.hpp
-- Up-to-date: /home/dmantri/ardu3/install/motor_comm_interfaces/include/motor_comm_interfaces/motor_comm_interfaces/msg/detail/motor_array__struct.hpp
-- Up-to-date: /home/dmantri/ardu3/install/motor_comm_interfaces/include/motor_comm_interfaces/motor_comm_interfaces/msg/detail/motor_array__traits.hpp
-- Up-to-date: /home/dmantri/ardu3/install/motor_comm_interfaces/include/motor_comm_interfaces/motor_comm_interfaces
-- Up-to-date: /home/dmantri/ardu3/install/motor_comm_interfaces/include/motor_comm_interfaces/motor_comm_interfaces/msg
-- Up-to-date: /home/dmantri/ardu3/install/motor_comm_interfaces/include/motor_comm_interfaces/motor_comm_interfaces/msg/rosidl_typesupport_fastrtps_cpp__visibility_control.h
-- Up-to-date: /home/dmantri/ardu3/install/motor_comm_interfaces/include/motor_comm_interfaces/motor_comm_interfaces/msg/detail
-- Up-to-date: /home/dmantri/ardu3/install/motor_comm_interfaces/include/motor_comm_interfaces/motor_comm_interfaces/msg/detail/dds_fastrtps
-- Up-to-date: /home/dmantri/ardu3/install/motor_comm_interfaces/include/motor_comm_interfaces/motor_comm_interfaces/msg/detail/motor_array__rosidl_typesupport_fastrtps_cpp.hpp
-- Installing: /home/dmantri/ardu3/install/motor_comm_interfaces/lib/libmotor_comm_interfaces__rosidl_typesupport_fastrtps_cpp.so
-- Set runtime path of "/home/dmantri/ardu3/install/motor_comm_interfaces/lib/libmotor_comm_interfaces__rosidl_typesupport_fastrtps_cpp.so" to ""
-- Up-to-date: /home/dmantri/ardu3/install/motor_comm_interfaces/include/motor_comm_interfaces/motor_comm_interfaces
-- Up-to-date: /home/dmantri/ardu3/install/motor_comm_interfaces/include/motor_comm_interfaces/motor_comm_interfaces/msg
-- Up-to-date: /home/dmantri/ardu3/install/motor_comm_interfaces/include/motor_comm_interfaces/motor_comm_interfaces/msg/detail
-- Up-to-date: /home/dmantri/ardu3/install/motor_comm_interfaces/include/motor_comm_interfaces/motor_comm_interfaces/msg/detail/motor_array__rosidl_typesupport_introspection_cpp.hpp
-- Up-to-date: /home/dmantri/ardu3/install/motor_comm_interfaces/include/motor_comm_interfaces/motor_comm_interfaces/msg/detail/motor_array__type_support.cpp
-- Installing: /home/dmantri/ardu3/install/motor_comm_interfaces/lib/libmotor_comm_interfaces__rosidl_typesupport_introspection_cpp.so
-- Set runtime path of "/home/dmantri/ardu3/install/motor_comm_interfaces/lib/libmotor_comm_interfaces__rosidl_typesupport_introspection_cpp.so" to ""
-- Installing: /home/dmantri/ardu3/install/motor_comm_interfaces/lib/libmotor_comm_interfaces__rosidl_typesupport_cpp.so
-- Set runtime path of "/home/dmantri/ardu3/install/motor_comm_interfaces/lib/libmotor_comm_interfaces__rosidl_typesupport_cpp.so" to ""
-- Up-to-date: /home/dmantri/ardu3/install/motor_comm_interfaces/share/motor_comm_interfaces/environment/pythonpath.sh
-- Installing: /home/dmantri/ardu3/install/motor_comm_interfaces/share/motor_comm_interfaces/environment/pythonpath.dsv
-- Up-to-date: /home/dmantri/ardu3/install/motor_comm_interfaces/local/lib/python3.10/dist-packages/motor_comm_interfaces-0.0.0-py3.10.egg-info
-- Installing: /home/dmantri/ardu3/install/motor_comm_interfaces/local/lib/python3.10/dist-packages/motor_comm_interfaces-0.0.0-py3.10.egg-info/top_level.txt
-- Installing: /home/dmantri/ardu3/install/motor_comm_interfaces/local/lib/python3.10/dist-packages/motor_comm_interfaces-0.0.0-py3.10.egg-info/dependency_links.txt
-- Installing: /home/dmantri/ardu3/install/motor_comm_interfaces/local/lib/python3.10/dist-packages/motor_comm_interfaces-0.0.0-py3.10.egg-info/SOURCES.txt
-- Installing: /home/dmantri/ardu3/install/motor_comm_interfaces/local/lib/python3.10/dist-packages/motor_comm_interfaces-0.0.0-py3.10.egg-info/PKG-INFO
-- Up-to-date: /home/dmantri/ardu3/install/motor_comm_interfaces/local/lib/python3.10/dist-packages/motor_comm_interfaces
-- Installing: /home/dmantri/ardu3/install/motor_comm_interfaces/local/lib/python3.10/dist-packages/motor_comm_interfaces/motor_comm_interfaces_s__rosidl_typesupport_fastrtps_c.cpython-310-x86_64-linux-gnu.so
-- Installing: /home/dmantri/ardu3/install/motor_comm_interfaces/local/lib/python3.10/dist-packages/motor_comm_interfaces/motor_comm_interfaces_s__rosidl_typesupport_introspection_c.cpython-310-x86_64-linux-gnu.so
-- Up-to-date: /home/dmantri/ardu3/install/motor_comm_interfaces/local/lib/python3.10/dist-packages/motor_comm_interfaces/_motor_comm_interfaces_s.ep.rosidl_typesupport_c.c
-- Up-to-date: /home/dmantri/ardu3/install/motor_comm_interfaces/local/lib/python3.10/dist-packages/motor_comm_interfaces/_motor_comm_interfaces_s.ep.rosidl_typesupport_introspection_c.c
-- Up-to-date: /home/dmantri/ardu3/install/motor_comm_interfaces/local/lib/python3.10/dist-packages/motor_comm_interfaces/msg
-- Up-to-date: /home/dmantri/ardu3/install/motor_comm_interfaces/local/lib/python3.10/dist-packages/motor_comm_interfaces/msg/_motor_array_s.c
-- Up-to-date: /home/dmantri/ardu3/install/motor_comm_interfaces/local/lib/python3.10/dist-packages/motor_comm_interfaces/msg/__init__.py
-- Up-to-date: /home/dmantri/ardu3/install/motor_comm_interfaces/local/lib/python3.10/dist-packages/motor_comm_interfaces/msg/_motor_array.py
-- Up-to-date: /home/dmantri/ardu3/install/motor_comm_interfaces/local/lib/python3.10/dist-packages/motor_comm_interfaces/_motor_comm_interfaces_s.ep.rosidl_typesupport_fastrtps_c.c
-- Installing: /home/dmantri/ardu3/install/motor_comm_interfaces/local/lib/python3.10/dist-packages/motor_comm_interfaces/motor_comm_interfaces_s__rosidl_typesupport_c.cpython-310-x86_64-linux-gnu.so
-- Installing: /home/dmantri/ardu3/install/motor_comm_interfaces/local/lib/python3.10/dist-packages/motor_comm_interfaces/libmotor_comm_interfaces__rosidl_generator_py.so
-- Installing: /home/dmantri/ardu3/install/motor_comm_interfaces/local/lib/python3.10/dist-packages/motor_comm_interfaces/__init__.py
Listing '/home/dmantri/ardu3/install/motor_comm_interfaces/local/lib/python3.10/dist-packages/motor_comm_interfaces'...
Compiling '/home/dmantri/ardu3/install/motor_comm_interfaces/local/lib/python3.10/dist-packages/motor_comm_interfaces/__init__.py'...
Listing '/home/dmantri/ardu3/install/motor_comm_interfaces/local/lib/python3.10/dist-packages/motor_comm_interfaces/msg'...
Compiling '/home/dmantri/ardu3/install/motor_comm_interfaces/local/lib/python3.10/dist-packages/motor_comm_interfaces/msg/__init__.py'...
Compiling '/home/dmantri/ardu3/install/motor_comm_interfaces/local/lib/python3.10/dist-packages/motor_comm_interfaces/msg/_motor_array.py'...
-- Installing: /home/dmantri/ardu3/install/motor_comm_interfaces/local/lib/python3.10/dist-packages/motor_comm_interfaces/motor_comm_interfaces_s__rosidl_typesupport_fastrtps_c.cpython-310-x86_64-linux-gnu.so
-- Set runtime path of "/home/dmantri/ardu3/install/motor_comm_interfaces/local/lib/python3.10/dist-packages/motor_comm_interfaces/motor_comm_interfaces_s__rosidl_typesupport_fastrtps_c.cpython-310-x86_64-linux-gnu.so" to ""
-- Installing: /home/dmantri/ardu3/install/motor_comm_interfaces/local/lib/python3.10/dist-packages/motor_comm_interfaces/motor_comm_interfaces_s__rosidl_typesupport_introspection_c.cpython-310-x86_64-linux-gnu.so
-- Set runtime path of "/home/dmantri/ardu3/install/motor_comm_interfaces/local/lib/python3.10/dist-packages/motor_comm_interfaces/motor_comm_interfaces_s__rosidl_typesupport_introspection_c.cpython-310-x86_64-linux-gnu.so" to ""
-- Installing: /home/dmantri/ardu3/install/motor_comm_interfaces/local/lib/python3.10/dist-packages/motor_comm_interfaces/motor_comm_interfaces_s__rosidl_typesupport_c.cpython-310-x86_64-linux-gnu.so
-- Set runtime path of "/home/dmantri/ardu3/install/motor_comm_interfaces/local/lib/python3.10/dist-packages/motor_comm_interfaces/motor_comm_interfaces_s__rosidl_typesupport_c.cpython-310-x86_64-linux-gnu.so" to ""
-- Installing: /home/dmantri/ardu3/install/motor_comm_interfaces/lib/libmotor_comm_interfaces__rosidl_generator_py.so
-- Set runtime path of "/home/dmantri/ardu3/install/motor_comm_interfaces/lib/libmotor_comm_interfaces__rosidl_generator_py.so" to ""
-- Up-to-date: /home/dmantri/ardu3/install/motor_comm_interfaces/share/motor_comm_interfaces/msg/MotorArray.idl
-- Up-to-date: /home/dmantri/ardu3/install/motor_comm_interfaces/share/motor_comm_interfaces/msg/MotorArray.msg
-- Up-to-date: /home/dmantri/ardu3/install/motor_comm_interfaces/share/ament_index/resource_index/package_run_dependencies/motor_comm_interfaces
-- Installing: /home/dmantri/ardu3/install/motor_comm_interfaces/share/ament_index/resource_index/parent_prefix_path/motor_comm_interfaces
-- Installing: /home/dmantri/ardu3/install/motor_comm_interfaces/share/motor_comm_interfaces/environment/ament_prefix_path.sh
-- Installing: /home/dmantri/ardu3/install/motor_comm_interfaces/share/motor_comm_interfaces/environment/ament_prefix_path.dsv
-- Installing: /home/dmantri/ardu3/install/motor_comm_interfaces/share/motor_comm_interfaces/environment/path.sh
-- Installing: /home/dmantri/ardu3/install/motor_comm_interfaces/share/motor_comm_interfaces/environment/path.dsv
-- Up-to-date: /home/dmantri/ardu3/install/motor_comm_interfaces/share/motor_comm_interfaces/local_setup.bash
-- Up-to-date: /home/dmantri/ardu3/install/motor_comm_interfaces/share/motor_comm_interfaces/local_setup.sh
-- Up-to-date: /home/dmantri/ardu3/install/motor_comm_interfaces/share/motor_comm_interfaces/local_setup.zsh
-- Installing: /home/dmantri/ardu3/install/motor_comm_interfaces/share/motor_comm_interfaces/local_setup.dsv
-- Installing: /home/dmantri/ardu3/install/motor_comm_interfaces/share/motor_comm_interfaces/package.dsv
-- Up-to-date: /home/dmantri/ardu3/install/motor_comm_interfaces/share/ament_index/resource_index/packages/motor_comm_interfaces
-- Up-to-date: /home/dmantri/ardu3/install/motor_comm_interfaces/share/motor_comm_interfaces/cmake/export_motor_comm_interfaces__rosidl_generator_cExport.cmake
-- Up-to-date: /home/dmantri/ardu3/install/motor_comm_interfaces/share/motor_comm_interfaces/cmake/export_motor_comm_interfaces__rosidl_generator_cExport-noconfig.cmake
-- Up-to-date: /home/dmantri/ardu3/install/motor_comm_interfaces/share/motor_comm_interfaces/cmake/export_motor_comm_interfaces__rosidl_typesupport_fastrtps_cExport.cmake
-- Up-to-date: /home/dmantri/ardu3/install/motor_comm_interfaces/share/motor_comm_interfaces/cmake/export_motor_comm_interfaces__rosidl_typesupport_fastrtps_cExport-noconfig.cmake
-- Up-to-date: /home/dmantri/ardu3/install/motor_comm_interfaces/share/motor_comm_interfaces/cmake/motor_comm_interfaces__rosidl_typesupport_introspection_cExport.cmake
-- Up-to-date: /home/dmantri/ardu3/install/motor_comm_interfaces/share/motor_comm_interfaces/cmake/motor_comm_interfaces__rosidl_typesupport_introspection_cExport-noconfig.cmake
-- Up-to-date: /home/dmantri/ardu3/install/motor_comm_interfaces/share/motor_comm_interfaces/cmake/motor_comm_interfaces__rosidl_typesupport_cExport.cmake
-- Up-to-date: /home/dmantri/ardu3/install/motor_comm_interfaces/share/motor_comm_interfaces/cmake/motor_comm_interfaces__rosidl_typesupport_cExport-noconfig.cmake
-- Up-to-date: /home/dmantri/ardu3/install/motor_comm_interfaces/share/motor_comm_interfaces/cmake/export_motor_comm_interfaces__rosidl_generator_cppExport.cmake
-- Up-to-date: /home/dmantri/ardu3/install/motor_comm_interfaces/share/motor_comm_interfaces/cmake/export_motor_comm_interfaces__rosidl_typesupport_fastrtps_cppExport.cmake
-- Up-to-date: /home/dmantri/ardu3/install/motor_comm_interfaces/share/motor_comm_interfaces/cmake/export_motor_comm_interfaces__rosidl_typesupport_fastrtps_cppExport-noconfig.cmake
-- Up-to-date: /home/dmantri/ardu3/install/motor_comm_interfaces/share/motor_comm_interfaces/cmake/motor_comm_interfaces__rosidl_typesupport_introspection_cppExport.cmake
-- Up-to-date: /home/dmantri/ardu3/install/motor_comm_interfaces/share/motor_comm_interfaces/cmake/motor_comm_interfaces__rosidl_typesupport_introspection_cppExport-noconfig.cmake
-- Up-to-date: /home/dmantri/ardu3/install/motor_comm_interfaces/share/motor_comm_interfaces/cmake/motor_comm_interfaces__rosidl_typesupport_cppExport.cmake
-- Up-to-date: /home/dmantri/ardu3/install/motor_comm_interfaces/share/motor_comm_interfaces/cmake/motor_comm_interfaces__rosidl_typesupport_cppExport-noconfig.cmake
-- Up-to-date: /home/dmantri/ardu3/install/motor_comm_interfaces/share/motor_comm_interfaces/cmake/export_motor_comm_interfaces__rosidl_generator_pyExport.cmake
-- Up-to-date: /home/dmantri/ardu3/install/motor_comm_interfaces/share/motor_comm_interfaces/cmake/export_motor_comm_interfaces__rosidl_generator_pyExport-noconfig.cmake
-- Up-to-date: /home/dmantri/ardu3/install/motor_comm_interfaces/share/motor_comm_interfaces/cmake/rosidl_cmake-extras.cmake
-- Up-to-date: /home/dmantri/ardu3/install/motor_comm_interfaces/share/motor_comm_interfaces/cmake/ament_cmake_export_include_directories-extras.cmake
-- Up-to-date: /home/dmantri/ardu3/install/motor_comm_interfaces/share/motor_comm_interfaces/cmake/ament_cmake_export_libraries-extras.cmake
-- Up-to-date: /home/dmantri/ardu3/install/motor_comm_interfaces/share/motor_comm_interfaces/cmake/ament_cmake_export_targets-extras.cmake
-- Up-to-date: /home/dmantri/ardu3/install/motor_comm_interfaces/share/motor_comm_interfaces/cmake/rosidl_cmake_export_typesupport_targets-extras.cmake
-- Up-to-date: /home/dmantri/ardu3/install/motor_comm_interfaces/share/motor_comm_interfaces/cmake/ament_cmake_export_dependencies-extras.cmake
-- Up-to-date: /home/dmantri/ardu3/install/motor_comm_interfaces/share/motor_comm_interfaces/cmake/rosidl_cmake_export_typesupport_libraries-extras.cmake
-- Up-to-date: /home/dmantri/ardu3/install/motor_comm_interfaces/share/motor_comm_interfaces/cmake/motor_comm_interfacesConfig.cmake
-- Up-to-date: /home/dmantri/ardu3/install/motor_comm_interfaces/share/motor_comm_interfaces/cmake/motor_comm_interfacesConfig-version.cmake
-- Up-to-date: /home/dmantri/ardu3/install/motor_comm_interfaces/share/motor_comm_interfaces/package.xml
